#
# A fatal error has been detected by the Java Runtime Environment:
#
#  EXCEPTION_ACCESS_VIOLATION (0xc0000005) at pc=0x00000000618cdbe7, pid=5020, tid=5520
#
# JRE version: Java(TM) SE Runtime Environment (8.0_20-b26) (build 1.8.0_20-b26)
# Java VM: Java HotSpot(TM) 64-Bit Server VM (25.20-b23 mixed mode windows-amd64 compressed oops)
# Problematic frame:
# V  [jvm.dll+0x5dbe7]
#
# Failed to write core dump. Minidumps are not enabled by default on client versions of Windows
#
# If you would like to submit a bug report, please visit:
#   http://bugreport.sun.com/bugreport/crash.jsp
#

---------------  T H R E A D  ---------------

Current thread (0x00000000166f6000):  JavaThread "AWT-EventQueue-0" [_thread_in_vm, id=5520, stack(0x00000000186e0000,0x00000000187e0000)]

siginfo: ExceptionCode=0xc0000005, reading address 0x0000000000000040

Registers:
RAX=0x0000000000000040, RBX=0x00000000166f6000, RCX=0x0000000000000000, RDX=0x0000000000000010
RSP=0x00000000187dc948, RBP=0x0000000000000010, RSI=0x0000000002cd9838, RDI=0x0000000000000000
R8 =0x0000000002cd9838, R9 =0x0000000000000000, R10=0x0000000019cc2d80, R11=0x0000000000000000
R12=0x0000000000000010, R13=0x0000000000000000, R14=0x00000000166f61e8, R15=0x00000000166f6000
RIP=0x00000000618cdbe7, EFLAGS=0x0000000000010246

Top of Stack: (sp=0x00000000187dc948)
0x00000000187dc948:   00000000619bd9ee 00000000187dcd10
0x00000000187dc958:   00000000166f61e8 00000000165916d0
0x00000000187dc968:   0000000000000010 00000000166f6000
0x00000000187dc978:   0000000000000000 0000000016752280
0x00000000187dc988:   0000000000000010 00000000187dcd10
0x00000000187dc998:   0000000019cc32b0 0000000000000000
0x00000000187dc9a8:   0000000062d7a325 0000000061fdaaa0
0x00000000187dc9b8:   0000000061fdaaa0 0000000000000000
0x00000000187dc9c8:   00000000166f61e8 1621910b00000010
0x00000000187dc9d8:   c353f47b01d11932 c353f47b01d11932
0x00000000187dc9e8:   0000000001d11932 0000000000000000
0x00000000187dc9f8:   0000002e62d79876 00000000ffffffff
0x00000000187dca08:   00000000187dcd60 0000000000000190
0x00000000187dca18:   00007ff95d10a4ce 1621910b00000010
0x00000000187dca28:   c353f47b01d11932 c353f47b01d11932
0x00000000187dca38:   0000000001d11932 0000000000000000 

Instructions: (pc=0x00000000618cdbe7)
0x00000000618cdbc7:   89 14 08 c3 cc cc cc cc cc 48 63 05 b1 c3 75 00
0x00000000618cdbd7:   8b 04 08 c3 cc cc cc cc cc 48 63 05 91 c3 75 00
0x00000000618cdbe7:   48 8b 04 08 c3 cc cc cc cc 48 63 05 81 c3 75 00
0x00000000618cdbf7:   48 89 14 08 c3 cc cc cc cc 48 63 05 71 c3 75 00 


Register to memory mapping:

RAX=0x0000000000000040 is an unknown value
RBX=0x00000000166f6000 is a thread
RCX=0x0000000000000000 is an unknown value
RDX=0x0000000000000010 is an unknown value
RSP=0x00000000187dc948 is pointing into the stack for thread: 0x00000000166f6000
RBP=0x0000000000000010 is an unknown value
RSI=0x0000000002cd9838 is a global jni handle
RDI=0x0000000000000000 is an unknown value
R8 =0x0000000002cd9838 is a global jni handle
R9 =0x0000000000000000 is an unknown value
R10=0x0000000019cc2d80 is an unknown value
R11=0x0000000000000000 is an unknown value
R12=0x0000000000000010 is an unknown value
R13=0x0000000000000000 is an unknown value
R14=0x00000000166f61e8 is an unknown value
R15=0x00000000166f6000 is a thread


Stack: [0x00000000186e0000,0x00000000187e0000],  sp=0x00000000187dc948,  free space=1010k
Native frames: (J=compiled Java code, j=interpreted, Vv=VM code, C=native code)
V  [jvm.dll+0x5dbe7]

Java frames: (J=compiled Java code, j=interpreted, Vv=VM code)
j  java.io.WinNTFileSystem.list(Ljava/io/File;)[Ljava/lang/String;+0
j  java.io.File.list()[Ljava/lang/String;+29
j  java.io.File.listFiles()[Ljava/io/File;+1
j  utils.Config.readConfig(Ljava/io/File;)V+19
j  utils.Config.<init>(Ljava/lang/String;)V+13
j  utils.Common.<init>()V+11
j  memo.viewer.EditDialog.setView()V+4
j  memo.viewer.EditDialog.access$2(Lmemo/viewer/EditDialog;)V+1
j  memo.viewer.EditDialog$6.actionPerformed(Ljava/awt/event/ActionEvent;)V+33
j  javax.swing.AbstractButton.fireActionPerformed(Ljava/awt/event/ActionEvent;)V+83
j  javax.swing.AbstractButton$Handler.actionPerformed(Ljava/awt/event/ActionEvent;)V+5
j  javax.swing.DefaultButtonModel.fireActionPerformed(Ljava/awt/event/ActionEvent;)V+34
j  javax.swing.DefaultButtonModel.setPressed(Z)V+117
j  javax.swing.plaf.basic.BasicButtonListener.mouseReleased(Ljava/awt/event/MouseEvent;)V+35
j  java.awt.Component.processMouseEvent(Ljava/awt/event/MouseEvent;)V+64
j  javax.swing.JComponent.processMouseEvent(Ljava/awt/event/MouseEvent;)V+23
J 990 C1 java.awt.Component.processEvent(Ljava/awt/AWTEvent;)V (220 bytes) @ 0x0000000003125ca4 [0x0000000003125780+0x524]
J 866 C1 java.awt.Container.processEvent(Ljava/awt/AWTEvent;)V (22 bytes) @ 0x00000000030c5fcc [0x00000000030c5ca0+0x32c]
J 865 C1 java.awt.Component.dispatchEventImpl(Ljava/awt/AWTEvent;)V (883 bytes) @ 0x00000000030bf6bc [0x00000000030ba1e0+0x54dc]
J 658 C1 java.awt.Container.dispatchEventImpl(Ljava/awt/AWTEvent;)V (129 bytes) @ 0x0000000003021c44 [0x0000000003021b00+0x144]
J 850 C1 java.awt.LightweightDispatcher.retargetMouseEvent(Ljava/awt/Component;ILjava/awt/event/MouseEvent;)V (350 bytes) @ 0x00000000030b159c [0x00000000030af040+0x255c]
J 1002 C1 java.awt.LightweightDispatcher.processMouseEvent(Ljava/awt/event/MouseEvent;)Z (301 bytes) @ 0x000000000313438c [0x00000000031330a0+0x12ec]
J 878 C1 java.awt.LightweightDispatcher.dispatchEvent(Ljava/awt/AWTEvent;)Z (73 bytes) @ 0x00000000030cc93c [0x00000000030cc500+0x43c]
J 658 C1 java.awt.Container.dispatchEventImpl(Ljava/awt/AWTEvent;)V (129 bytes) @ 0x0000000003021be4 [0x0000000003021b00+0xe4]
J 837 C1 java.awt.Window.dispatchEventImpl(Ljava/awt/AWTEvent;)V (23 bytes) @ 0x00000000030a12e4 [0x00000000030a0d00+0x5e4]
J 662 C1 java.awt.EventQueue.dispatchEventImpl(Ljava/awt/AWTEvent;Ljava/lang/Object;)V (149 bytes) @ 0x000000000302534c [0x0000000003023cc0+0x168c]
J 660 C1 java.awt.EventQueue$3.run()Ljava/lang/Void; (60 bytes) @ 0x000000000302310c [0x0000000003022f00+0x20c]
J 659 C1 java.awt.EventQueue$3.run()Ljava/lang/Object; (5 bytes) @ 0x0000000003022b8c [0x0000000003022b00+0x8c]
v  ~StubRoutines::call_stub
J 534  java.security.AccessController.doPrivileged(Ljava/security/PrivilegedAction;Ljava/security/AccessControlContext;)Ljava/lang/Object; (0 bytes) @ 0x0000000002fd6de6 [0x0000000002fd6d80+0x66]
J 535 C1 java.security.ProtectionDomain$1.doIntersectionPrivilege(Ljava/security/PrivilegedAction;Ljava/security/AccessControlContext;Ljava/security/AccessControlContext;)Ljava/lang/Object; (32 bytes) @ 0x0000000002fd685c [0x0000000002fd6560+0x2fc]
J 826 C1 java.awt.EventQueue$4.run()Ljava/lang/Object; (5 bytes) @ 0x000000000309c00c [0x000000000309bc20+0x3ec]
v  ~StubRoutines::call_stub
J 534  java.security.AccessController.doPrivileged(Ljava/security/PrivilegedAction;Ljava/security/AccessControlContext;)Ljava/lang/Object; (0 bytes) @ 0x0000000002fd6de6 [0x0000000002fd6d80+0x66]
J 568 C1 java.awt.EventQueue.dispatchEvent(Ljava/awt/AWTEvent;)V (80 bytes) @ 0x0000000002fe8374 [0x0000000002fe76c0+0xcb4]
J 665 C1 java.awt.EventDispatchThread.pumpOneEventForFilters(I)V (295 bytes) @ 0x000000000302845c [0x0000000003026900+0x1b5c]
j  java.awt.EventDispatchThread.pumpEventsForFilter(ILjava/awt/Conditional;Ljava/awt/EventFilter;)V+35
j  java.awt.EventDispatchThread.pumpEventsForHierarchy(ILjava/awt/Conditional;Ljava/awt/Component;)V+11
j  java.awt.EventDispatchThread.pumpEvents(ILjava/awt/Conditional;)V+4
j  java.awt.EventDispatchThread.pumpEvents(Ljava/awt/Conditional;)V+3
j  java.awt.EventDispatchThread.run()V+9
v  ~StubRoutines::call_stub

---------------  P R O C E S S  ---------------

Java Threads: ( => current thread )
  0x0000000018fda000 JavaThread "TimerQueue" daemon [_thread_blocked, id=4260, stack(0x000000001a130000,0x000000001a230000)]
  0x0000000018fac800 JavaThread "D3D Screen Updater" daemon [_thread_blocked, id=8144, stack(0x00000000197e0000,0x00000000198e0000)]
  0x0000000002cc0800 JavaThread "DestroyJavaVM" [_thread_blocked, id=11852, stack(0x0000000002b40000,0x0000000002c40000)]
=>0x00000000166f6000 JavaThread "AWT-EventQueue-0" [_thread_in_vm, id=5520, stack(0x00000000186e0000,0x00000000187e0000)]
  0x00000000166ba800 JavaThread "AWT-Windows" daemon [_thread_in_native, id=11316, stack(0x0000000016d40000,0x0000000016e40000)]
  0x00000000166b9800 JavaThread "AWT-Shutdown" [_thread_blocked, id=688, stack(0x0000000016c40000,0x0000000016d40000)]
  0x00000000166b6000 JavaThread "Java2D Disposer" daemon [_thread_blocked, id=6892, stack(0x0000000016b40000,0x0000000016c40000)]
  0x000000001521c000 JavaThread "Service Thread" daemon [_thread_blocked, id=5872, stack(0x00000000162b0000,0x00000000163b0000)]
  0x0000000015218000 JavaThread "C1 CompilerThread1" daemon [_thread_blocked, id=9228, stack(0x00000000161b0000,0x00000000162b0000)]
  0x00000000151cd800 JavaThread "C2 CompilerThread0" daemon [_thread_blocked, id=5412, stack(0x00000000160b0000,0x00000000161b0000)]
  0x00000000151cb800 JavaThread "Attach Listener" daemon [_thread_blocked, id=10988, stack(0x0000000015fb0000,0x00000000160b0000)]
  0x00000000151ca800 JavaThread "Signal Dispatcher" daemon [_thread_blocked, id=1640, stack(0x0000000015eb0000,0x0000000015fb0000)]
  0x0000000015137800 JavaThread "Finalizer" daemon [_thread_blocked, id=1772, stack(0x0000000015db0000,0x0000000015eb0000)]
  0x0000000015130000 JavaThread "Reference Handler" daemon [_thread_blocked, id=1020, stack(0x0000000015cb0000,0x0000000015db0000)]

Other Threads:
  0x000000001512a800 VMThread [stack: 0x0000000015bb0000,0x0000000015cb0000] [id=3800]
  0x00000000163c2800 WatcherThread [stack: 0x00000000167b0000,0x00000000168b0000] [id=4384]

VM state:not at safepoint (normal execution)

VM Mutex/Monitor currently owned by a thread: None

Heap:
 PSYoungGen      total 18944K, used 11476K [0x00000000eb200000, 0x00000000ec700000, 0x0000000100000000)
  eden space 16384K, 70% used [0x00000000eb200000,0x00000000ebd35370,0x00000000ec200000)
  from space 2560K, 0% used [0x00000000ec480000,0x00000000ec480000,0x00000000ec700000)
  to   space 2560K, 0% used [0x00000000ec200000,0x00000000ec200000,0x00000000ec480000)
 ParOldGen       total 44032K, used 0K [0x00000000c1600000, 0x00000000c4100000, 0x00000000eb200000)
  object space 44032K, 0% used [0x00000000c1600000,0x00000000c1600000,0x00000000c4100000)
 Metaspace       used 12037K, capacity 12226K, committed 12416K, reserved 1060864K
  class space    used 1520K, capacity 1579K, committed 1664K, reserved 1048576K

Card table byte_map: [0x0000000012180000,0x0000000012380000] byte_map_base: 0x0000000011b75000

Marking Bits: (ParMarkBitMap*) 0x000000006204b460
 Begin Bits: [0x00000000126d0000, 0x0000000013678000)
 End Bits:   [0x0000000013678000, 0x0000000014620000)

Polling page: 0x0000000002790000

CodeCache: size=245760Kb used=4295Kb max_used=4301Kb free=241464Kb
 bounds [0x0000000002dc0000, 0x0000000003200000, 0x0000000011dc0000]
 total_blobs=1790 nmethods=1272 adapters=432
 compilation: enabled

Compilation events (10 events):
Event: 32.135 Thread 0x00000000151cd800 1273       4       java.awt.Component::getInputContext (16 bytes)
Event: 32.137 Thread 0x00000000151cd800 nmethod 1273 0x00000000031f4ed0 code [0x00000000031f5020, 0x00000000031f50b8]
Event: 32.176 Thread 0x0000000015218000 1274       3       java.awt.Toolkit$ToolkitEventMulticaster::eventDispatched (27 bytes)
Event: 32.176 Thread 0x0000000015218000 nmethod 1274 0x00000000031f4710 code [0x00000000031f48a0, 0x00000000031f4d98]
Event: 32.654 Thread 0x0000000015218000 1275       3       java.awt.Component::isFocusTraversable (17 bytes)
Event: 32.655 Thread 0x0000000015218000 nmethod 1275 0x00000000031f43d0 code [0x00000000031f4520, 0x00000000031f46b0]
Event: 32.659 Thread 0x0000000015218000 1276       1       sun.util.locale.BaseLocale$Key::hashCode (5 bytes)
Event: 32.659 Thread 0x0000000015218000 nmethod 1276 0x00000000031f4110 code [0x00000000031f4260, 0x00000000031f4370]
Event: 32.800 Thread 0x0000000015218000 1277       3       java.awt.Component::hasFocus (16 bytes)
Event: 32.801 Thread 0x0000000015218000 nmethod 1277 0x00000000031f3b10 code [0x00000000031f3ca0, 0x00000000031f3fc8]

GC Heap History (0 events):
No events

Deoptimization events (4 events):
Event: 21.814 Thread 0x00000000166f6000 Uncommon trap: reason=class_check action=maybe_recompile pc=0x0000000002f66f5c method=java.lang.String.equals(Ljava/lang/Object;)Z @ 8
Event: 21.814 Thread 0x00000000166f6000 Uncommon trap: reason=class_check action=maybe_recompile pc=0x0000000002f66f5c method=java.lang.String.equals(Ljava/lang/Object;)Z @ 8
Event: 21.980 Thread 0x00000000166f6000 Uncommon trap: reason=class_check action=maybe_recompile pc=0x0000000002f66f5c method=java.lang.String.equals(Ljava/lang/Object;)Z @ 8
Event: 21.980 Thread 0x00000000166f6000 Uncommon trap: reason=class_check action=maybe_recompile pc=0x0000000002f66f5c method=java.lang.String.equals(Ljava/lang/Object;)Z @ 8

Internal exceptions (10 events):
Event: 7.774 Thread 0x00000000166f6000 Exception <a 'java/security/PrivilegedActionException'> (0x00000000eb8d3d78) thrown at [D:\re\workspace\8-2-build-windows-amd64-cygwin\jdk8u20\1074\hotspot\src\share\vm\prims\jvm.cpp, line 1275]
Event: 7.785 Thread 0x00000000166f6000 Exception <a 'java/security/PrivilegedActionException'> (0x00000000eb8e61e8) thrown at [D:\re\workspace\8-2-build-windows-amd64-cygwin\jdk8u20\1074\hotspot\src\share\vm\prims\jvm.cpp, line 1275]
Event: 7.787 Thread 0x00000000166f6000 Exception <a 'java/security/PrivilegedActionException'> (0x00000000eb8e9100) thrown at [D:\re\workspace\8-2-build-windows-amd64-cygwin\jdk8u20\1074\hotspot\src\share\vm\prims\jvm.cpp, line 1275]
Event: 7.792 Thread 0x00000000166f6000 Exception <a 'java/security/PrivilegedActionException'> (0x00000000eb8eb698) thrown at [D:\re\workspace\8-2-build-windows-amd64-cygwin\jdk8u20\1074\hotspot\src\share\vm\prims\jvm.cpp, line 1275]
Event: 7.794 Thread 0x00000000166f6000 Exception <a 'java/security/PrivilegedActionException'> (0x00000000eb8edc68) thrown at [D:\re\workspace\8-2-build-windows-amd64-cygwin\jdk8u20\1074\hotspot\src\share\vm\prims\jvm.cpp, line 1275]
Event: 7.798 Thread 0x00000000166f6000 Exception <a 'java/security/PrivilegedActionException'> (0x00000000eb8f2f40) thrown at [D:\re\workspace\8-2-build-windows-amd64-cygwin\jdk8u20\1074\hotspot\src\share\vm\prims\jvm.cpp, line 1275]
Event: 7.800 Thread 0x00000000166f6000 Exception <a 'java/security/PrivilegedActionException'> (0x00000000eb8f6340) thrown at [D:\re\workspace\8-2-build-windows-amd64-cygwin\jdk8u20\1074\hotspot\src\share\vm\prims\jvm.cpp, line 1275]
Event: 10.679 Thread 0x00000000166f6000 Exception <a 'java/security/PrivilegedActionException'> (0x00000000eb9ad838) thrown at [D:\re\workspace\8-2-build-windows-amd64-cygwin\jdk8u20\1074\hotspot\src\share\vm\prims\jvm.cpp, line 1275]
Event: 10.685 Thread 0x00000000166f6000 Exception <a 'java/security/PrivilegedActionException'> (0x00000000eb9b0348) thrown at [D:\re\workspace\8-2-build-windows-amd64-cygwin\jdk8u20\1074\hotspot\src\share\vm\prims\jvm.cpp, line 1275]
Event: 10.687 Thread 0x00000000166f6000 Exception <a 'java/security/PrivilegedActionException'> (0x00000000eb9b2e40) thrown at [D:\re\workspace\8-2-build-windows-amd64-cygwin\jdk8u20\1074\hotspot\src\share\vm\prims\jvm.cpp, line 1275]

Events (10 events):
Event: 29.399 loading class java/io/ObjectStreamConstants done
Event: 29.399 loading class java/io/ObjectOutputStream done
Event: 29.399 loading class javax/swing/text/BadLocationException
Event: 29.399 loading class javax/swing/text/BadLocationException done
Event: 31.157 Executing VM operation: RevokeBias
Event: 31.157 Executing VM operation: RevokeBias done
Event: 31.159 Executing VM operation: RevokeBias
Event: 31.159 Executing VM operation: RevokeBias done
Event: 31.204 Executing VM operation: BulkRevokeBias
Event: 31.204 Executing VM operation: BulkRevokeBias done


Dynamic libraries:
0x00007ff7c66c0000 - 0x00007ff7c66f4000 	C:\Program Files\Java\jre1.8.0_20\bin\javaw.exe
0x00007ff95d0a0000 - 0x00007ff95d24c000 	C:\Windows\SYSTEM32\ntdll.dll
0x00007ff95b020000 - 0x00007ff95b15e000 	C:\Windows\system32\KERNEL32.DLL
0x00007ff95a550000 - 0x00007ff95a665000 	C:\Windows\system32\KERNELBASE.dll
0x00007ff958b10000 - 0x00007ff958b9e000 	C:\Windows\system32\apphelp.dll
0x00007ff949b80000 - 0x00007ff949bd3000 	C:\Windows\AppPatch\AppPatch64\AcGenral.DLL
0x00007ff95cff0000 - 0x00007ff95d09a000 	C:\Windows\system32\msvcrt.dll
0x00007ff959fc0000 - 0x00007ff959fee000 	C:\Windows\SYSTEM32\SspiCli.dll
0x00007ff95a7d0000 - 0x00007ff95a824000 	C:\Windows\system32\SHLWAPI.dll
0x00007ff95c8c0000 - 0x00007ff95ca37000 	C:\Windows\system32\USER32.dll
0x00007ff95cc40000 - 0x00007ff95cdd4000 	C:\Windows\system32\ole32.dll
0x00007ff95b380000 - 0x00007ff95c8ab000 	C:\Windows\system32\SHELL32.dll
0x00007ff959790000 - 0x00007ff9597b1000 	C:\Windows\SYSTEM32\USERENV.dll
0x00007ff95ca60000 - 0x00007ff95cb0a000 	C:\Windows\system32\ADVAPI32.dll
0x00007ff94e700000 - 0x00007ff94e71e000 	C:\Windows\SYSTEM32\MPR.dll
0x00007ff95cde0000 - 0x00007ff95cf21000 	C:\Windows\system32\RPCRT4.dll
0x00007ff95cb10000 - 0x00007ff95cb69000 	C:\Windows\SYSTEM32\sechost.dll
0x00007ff95b160000 - 0x00007ff95b371000 	C:\Windows\SYSTEM32\combase.dll
0x00007ff95ae70000 - 0x00007ff95afbf000 	C:\Windows\system32\GDI32.dll
0x00007ff95a1f0000 - 0x00007ff95a205000 	C:\Windows\SYSTEM32\profapi.dll
0x00007ff958620000 - 0x00007ff9586d2000 	C:\Windows\SYSTEM32\SHCORE.dll
0x00007ff95a720000 - 0x00007ff95a756000 	C:\Windows\system32\IMM32.DLL
0x00007ff95a830000 - 0x00007ff95a982000 	C:\Windows\system32\MSCTF.dll
0x00007ff957770000 - 0x00007ff9579eb000 	C:\Windows\WinSxS\amd64_microsoft.windows.common-controls_6595b64144ccf1df_6.0.9600.18006_none_623f33d3ecbe86e8\COMCTL32.dll
0x0000000062db0000 - 0x0000000062e82000 	C:\Program Files\Java\jre1.8.0_20\bin\msvcr100.dll
0x0000000061870000 - 0x00000000620c8000 	C:\Program Files\Java\jre1.8.0_20\bin\server\jvm.dll
0x00007ff951b10000 - 0x00007ff951b19000 	C:\Windows\SYSTEM32\WSOCK32.dll
0x00007ff951ba0000 - 0x00007ff951bc2000 	C:\Windows\SYSTEM32\WINMM.dll
0x00007ff95ac40000 - 0x00007ff95ac47000 	C:\Windows\system32\PSAPI.DLL
0x00007ff95a770000 - 0x00007ff95a7ca000 	C:\Windows\system32\WS2_32.dll
0x00007ff951b70000 - 0x00007ff951b9a000 	C:\Windows\SYSTEM32\WINMMBASE.dll
0x00007ff95c8b0000 - 0x00007ff95c8b9000 	C:\Windows\system32\NSI.dll
0x00007ff95a4a0000 - 0x00007ff95a4ef000 	C:\Windows\SYSTEM32\cfgmgr32.dll
0x00007ff959010000 - 0x00007ff959038000 	C:\Windows\SYSTEM32\DEVOBJ.dll
0x0000000062da0000 - 0x0000000062daf000 	C:\Program Files\Java\jre1.8.0_20\bin\verify.dll
0x0000000062d70000 - 0x0000000062d98000 	C:\Program Files\Java\jre1.8.0_20\bin\java.dll
0x0000000062830000 - 0x0000000062846000 	C:\Program Files\Java\jre1.8.0_20\bin\zip.dll
0x0000000061340000 - 0x00000000614d8000 	C:\Program Files\Java\jre1.8.0_20\bin\awt.dll
0x00007ff95ab70000 - 0x00007ff95ac31000 	C:\Windows\system32\OLEAUT32.dll
0x00007ff958390000 - 0x00007ff9583b1000 	C:\Windows\system32\DWMAPI.DLL
0x00007ff958e30000 - 0x00007ff958f59000 	C:\Windows\system32\uxtheme.dll
0x00007ff959000000 - 0x00007ff95900b000 	C:\Windows\SYSTEM32\kernel.appcore.dll
0x00007ff95a160000 - 0x00007ff95a16b000 	C:\Windows\SYSTEM32\CRYPTBASE.dll
0x00007ff959ff0000 - 0x00007ff95a053000 	C:\Windows\SYSTEM32\bcryptPrimitives.dll
0x00007ff936300000 - 0x00007ff936521000 	C:\Windows\system32\d3d9.dll
0x00007ff952fc0000 - 0x00007ff952fca000 	C:\Windows\SYSTEM32\VERSION.dll
0x00007ff92b210000 - 0x00007ff92bdb0000 	C:\Windows\SYSTEM32\igdumdim64.dll
0x00007ff954720000 - 0x00007ff954b60000 	C:\Windows\SYSTEM32\igdusc64.dll
0x0000000062810000 - 0x000000006282a000 	C:\Program Files\Java\jre1.8.0_20\bin\net.dll
0x00007ff959a00000 - 0x00007ff959a59000 	C:\Windows\system32\mswsock.dll
0x0000000061850000 - 0x0000000061861000 	C:\Program Files\Java\jre1.8.0_20\bin\nio.dll
0x0000000061780000 - 0x00000000617c7000 	C:\Program Files\Java\jre1.8.0_20\bin\fontmanager.dll
0x00007ff95cb80000 - 0x00007ff95cc36000 	C:\Windows\SYSTEM32\clbcatq.dll
0x00007ff953cf0000 - 0x00007ff953e9e000 	C:\Windows\SYSTEM32\WindowsCodecs.dll
0x00007ff959a60000 - 0x00007ff959a80000 	C:\Windows\SYSTEM32\CRYPTSP.dll
0x00007ff959680000 - 0x00007ff9596b6000 	C:\Windows\system32\rsaenh.dll
0x00007ff959d00000 - 0x00007ff959d26000 	C:\Windows\SYSTEM32\bcrypt.dll
0x0000000061730000 - 0x0000000061771000 	C:\Program Files\Java\jre1.8.0_20\bin\t2k.dll
0x00007ff93f480000 - 0x00007ff93f6c8000 	C:\Windows\System32\IME\IMEJP\imjptip.dll
0x00007ff955010000 - 0x00007ff95507a000 	C:\Windows\SYSTEM32\OLEACC.dll
0x00007ff954320000 - 0x00007ff95449f000 	C:\Windows\SYSTEM32\PROPSYS.dll
0x00007ff957540000 - 0x00007ff957572000 	C:\Windows\SYSTEM32\ntmarta.dll
0x00007ff93f260000 - 0x00007ff93f476000 	C:\Windows\System32\IME\IMEJP\imjpapi.dll
0x00007ff94a350000 - 0x00007ff94a38a000 	C:\Windows\System32\IME\shared\imjkapi.dll
0x00007ff93f170000 - 0x00007ff93f252000 	C:\Windows\System32\IME\IMEJP\imjppred.dll
0x00007ff93f050000 - 0x00007ff93f162000 	C:\Windows\System32\IME\shared\imetip.dll
0x00007ff958900000 - 0x00007ff958ac1000 	C:\Windows\SYSTEM32\DUI70.dll
0x00007ff952e10000 - 0x00007ff952e2f000 	C:\Windows\System32\IME\shared\imecfm.dll
0x00007ff952fd0000 - 0x00007ff953055000 	C:\Windows\SYSTEM32\wer.dll
0x00007ff958270000 - 0x00007ff95828f000 	C:\Windows\System32\IME\SHARED\imesearchdll.dll
0x00007ff941560000 - 0x00007ff941675000 	C:\Windows\System32\IME\IMEJP\imjplmp.dll
0x00007ff93e250000 - 0x00007ff93e3c0000 	C:\Windows\System32\IME\shared\mscand20.dll
0x00007ff951d80000 - 0x00007ff951d87000 	C:\Windows\SYSTEM32\MSIMG32.dll
0x00007ff958570000 - 0x00007ff958614000 	C:\Windows\SYSTEM32\DUser.dll
0x00007ff947a50000 - 0x00007ff947aa7000 	C:\Windows\System32\IME\SHARED\imelm.dll
0x00007ff956600000 - 0x00007ff95660e000 	C:\Windows\System32\IME\SHARED\imebrokerps.dll
0x00000000616a0000 - 0x00000000616ca000 	C:\Program Files\Java\jre1.8.0_20\bin\dcpr.dll
0x00007ff9580e0000 - 0x00007ff958269000 	C:\Windows\SYSTEM32\dbghelp.dll

VM Arguments:
jvm_args: -Dfile.encoding=MS932 
java_command: memo.Test
java_class_path (initial): C:\Users\Fumihiko\Documents\Git\Tools\Tools\bin
Launcher Type: SUN_STANDARD

Environment Variables:
PATH=C:\ProgramData\Oracle\Java\javapath;c:\Program Files (x86)\Intel\iCLS Client\;c:\Program Files\Intel\iCLS Client\;C:\Windows\system32;C:\Windows;C:\Windows\System32\Wbem;C:\Windows\System32\WindowsPowerShell\v1.0\;C:\Program Files\Intel\Intel(R) Management Engine Components\DAL;C:\Program Files\Intel\Intel(R) Management Engine Components\IPT;C:\Program Files (x86)\Intel\Intel(R) Management Engine Components\DAL;C:\Program Files (x86)\Intel\Intel(R) Management Engine Components\IPT;C:\Program Files\Intel\WiFi\bin\;C:\Program Files\Common Files\Intel\WirelessCommon\;C:\Program Files\Sony\VAIO Improvement;c:\Program Files (x86)\Sony\VAIO BIOS Data Transfer Utility\;C:\Program Files (x86)\Sony\VAIO Startup Setting Tool;C:\w32tex\bin;c:\Program Files (x86)\gs\gs9.14\bin;C:\Program Files (x86)\Skype\Phone\;C:\RailsInstaller\Git\cmd;C:\RailsInstaller\Ruby2.0.0\bin;C:\Program Files (x86)\Vim\vim74;C:\Program Files (x86)\Java\jdk1.8.0\bin;C:\Users\Fumihiko\Android\android-sdk\tools;C:\Users\Fumihiko\Android\android-sdk\platform-tools
USERNAME=Fumihiko
OS=Windows_NT
PROCESSOR_IDENTIFIER=Intel64 Family 6 Model 69 Stepping 1, GenuineIntel



---------------  S Y S T E M  ---------------

OS: Windows 8.1 , 64 bit Build 9600 

CPU:total 2 (2 cores per cpu, 1 threads per core) family 6 model 69 stepping 1, cmov, cx8, fxsr, mmx, sse, sse2, sse3, ssse3, sse4.1, sse4.2, popcnt, clmul, erms, lzcnt, tsc, tscinvbit

Memory: 4k page, physical 4103988k(1117484k free), swap 8298292k(3062412k free)

vm_info: Java HotSpot(TM) 64-Bit Server VM (25.20-b23) for windows-amd64 JRE (1.8.0_20-b26), built on Jul 30 2014 13:51:23 by "java_re" with MS VC++ 10.0 (VS2010)

time: Wed Nov 11 23:10:14 2015
elapsed time: 32 seconds (0d 0h 0m 32s)

