#
# A fatal error has been detected by the Java Runtime Environment:
#
#  EXCEPTION_ACCESS_VIOLATION (0xc0000005) at pc=0x00000000618cdbe7, pid=10672, tid=11848
#
# JRE version: Java(TM) SE Runtime Environment (8.0_20-b26) (build 1.8.0_20-b26)
# Java VM: Java HotSpot(TM) 64-Bit Server VM (25.20-b23 mixed mode windows-amd64 compressed oops)
# Problematic frame:
# V  [jvm.dll+0x5dbe7]
#
# Failed to write core dump. Minidumps are not enabled by default on client versions of Windows
#
# If you would like to submit a bug report, please visit:
#   http://bugreport.sun.com/bugreport/crash.jsp
#

---------------  T H R E A D  ---------------

Current thread (0x00000000162eb000):  JavaThread "AWT-EventQueue-0" [_thread_in_vm, id=11848, stack(0x0000000018300000,0x0000000018400000)]

siginfo: ExceptionCode=0xc0000005, reading address 0x0000000000000040

Registers:
RAX=0x0000000000000040, RBX=0x00000000162eb000, RCX=0x0000000000000000, RDX=0x0000000000000010
RSP=0x00000000183fc3b8, RBP=0x0000000000000010, RSI=0x0000000002a6ee38, RDI=0x0000000000000000
R8 =0x0000000002a6ee38, R9 =0x0000000000000000, R10=0x00000000185cbc10, R11=0x0000000000000000
R12=0x0000000000000010, R13=0x0000000000000000, R14=0x00000000162eb1e8, R15=0x00000000162eb000
RIP=0x00000000618cdbe7, EFLAGS=0x0000000000010246

Top of Stack: (sp=0x00000000183fc3b8)
0x00000000183fc3b8:   00000000619bd9ee 00000000183fc780
0x00000000183fc3c8:   00000000162eb1e8 0000000018fcfeb0
0x00000000183fc3d8:   0000000000000010 00000000162eb000
0x00000000183fc3e8:   0000000000000000 0000000016328c70
0x00000000183fc3f8:   0000000000000010 00000000183fc780
0x00000000183fc408:   00000000185cc2c0 0000000000000000
0x00000000183fc418:   0000000062d7a325 0000000061fdaaa0
0x00000000183fc428:   0000000061fdaaa0 0000000000000000
0x00000000183fc438:   00000000162eb1e8 1621910b00000010
0x00000000183fc448:   c353f47b01d11932 c353f47b01d11932
0x00000000183fc458:   0000000001d11932 0000000000000000
0x00000000183fc468:   0000002e62d79876 00000000ffffffff
0x00000000183fc478:   00000000183fc7d0 0000000000000190
0x00000000183fc488:   00007ff95d10a4ce 1621910b00000010
0x00000000183fc498:   c353f47b01d11932 c353f47b01d11932
0x00000000183fc4a8:   0000000001d11932 0000000000000000 

Instructions: (pc=0x00000000618cdbe7)
0x00000000618cdbc7:   89 14 08 c3 cc cc cc cc cc 48 63 05 b1 c3 75 00
0x00000000618cdbd7:   8b 04 08 c3 cc cc cc cc cc 48 63 05 91 c3 75 00
0x00000000618cdbe7:   48 8b 04 08 c3 cc cc cc cc 48 63 05 81 c3 75 00
0x00000000618cdbf7:   48 89 14 08 c3 cc cc cc cc 48 63 05 71 c3 75 00 


Register to memory mapping:

RAX=0x0000000000000040 is an unknown value
RBX=0x00000000162eb000 is a thread
RCX=0x0000000000000000 is an unknown value
RDX=0x0000000000000010 is an unknown value
RSP=0x00000000183fc3b8 is pointing into the stack for thread: 0x00000000162eb000
RBP=0x0000000000000010 is an unknown value
RSI=0x0000000002a6ee38 is a global jni handle
RDI=0x0000000000000000 is an unknown value
R8 =0x0000000002a6ee38 is a global jni handle
R9 =0x0000000000000000 is an unknown value
R10=0x00000000185cbc10 is an unknown value
R11=0x0000000000000000 is an unknown value
R12=0x0000000000000010 is an unknown value
R13=0x0000000000000000 is an unknown value
R14=0x00000000162eb1e8 is an unknown value
R15=0x00000000162eb000 is a thread


Stack: [0x0000000018300000,0x0000000018400000],  sp=0x00000000183fc3b8,  free space=1008k
Native frames: (J=compiled Java code, j=interpreted, Vv=VM code, C=native code)
V  [jvm.dll+0x5dbe7]

Java frames: (J=compiled Java code, j=interpreted, Vv=VM code)
j  java.io.WinNTFileSystem.list(Ljava/io/File;)[Ljava/lang/String;+0
j  java.io.File.list()[Ljava/lang/String;+29
j  java.io.File.listFiles()[Ljava/io/File;+1
j  utils.Config.readConfig(Ljava/io/File;)V+19
j  utils.Config.<init>(Ljava/lang/String;)V+13
j  utils.Common.<init>()V+11
j  memo.viewer.EditDialog.setView()V+4
j  memo.viewer.EditDialog.access$2(Lmemo/viewer/EditDialog;)V+1
j  memo.viewer.EditDialog$6.actionPerformed(Ljava/awt/event/ActionEvent;)V+33
j  javax.swing.AbstractButton.fireActionPerformed(Ljava/awt/event/ActionEvent;)V+83
j  javax.swing.AbstractButton$Handler.actionPerformed(Ljava/awt/event/ActionEvent;)V+5
j  javax.swing.DefaultButtonModel.fireActionPerformed(Ljava/awt/event/ActionEvent;)V+34
j  javax.swing.DefaultButtonModel.setPressed(Z)V+117
j  javax.swing.plaf.basic.BasicButtonListener.mouseReleased(Ljava/awt/event/MouseEvent;)V+35
j  java.awt.Component.processMouseEvent(Ljava/awt/event/MouseEvent;)V+64
j  javax.swing.JComponent.processMouseEvent(Ljava/awt/event/MouseEvent;)V+23
j  java.awt.Component.processEvent(Ljava/awt/AWTEvent;)V+81
j  java.awt.Container.processEvent(Ljava/awt/AWTEvent;)V+18
J 807 C1 java.awt.Component.dispatchEventImpl(Ljava/awt/AWTEvent;)V (883 bytes) @ 0x0000000002d63fc4 [0x0000000002d5eac0+0x5504]
J 613 C1 java.awt.Container.dispatchEventImpl(Ljava/awt/AWTEvent;)V (129 bytes) @ 0x0000000002cc3844 [0x0000000002cc3700+0x144]
J 822 C1 java.awt.LightweightDispatcher.retargetMouseEvent(Ljava/awt/Component;ILjava/awt/event/MouseEvent;)V (350 bytes) @ 0x0000000002d771d4 [0x0000000002d74c20+0x25b4]
j  java.awt.LightweightDispatcher.processMouseEvent(Ljava/awt/event/MouseEvent;)Z+143
J 821 C1 java.awt.LightweightDispatcher.dispatchEvent(Ljava/awt/AWTEvent;)Z (73 bytes) @ 0x0000000002d742fc [0x0000000002d73ec0+0x43c]
J 613 C1 java.awt.Container.dispatchEventImpl(Ljava/awt/AWTEvent;)V (129 bytes) @ 0x0000000002cc37e4 [0x0000000002cc3700+0xe4]
J 831 C1 java.awt.Window.dispatchEventImpl(Ljava/awt/AWTEvent;)V (23 bytes) @ 0x0000000002d81fa4 [0x0000000002d819c0+0x5e4]
J 783 C1 java.awt.EventQueue.dispatchEventImpl(Ljava/awt/AWTEvent;Ljava/lang/Object;)V (149 bytes) @ 0x0000000002d2e94c [0x0000000002d2d2c0+0x168c]
J 781 C1 java.awt.EventQueue$3.run()Ljava/lang/Void; (60 bytes) @ 0x0000000002d2c70c [0x0000000002d2c500+0x20c]
J 780 C1 java.awt.EventQueue$3.run()Ljava/lang/Object; (5 bytes) @ 0x0000000002d2c18c [0x0000000002d2c100+0x8c]
v  ~StubRoutines::call_stub
J 581  java.security.AccessController.doPrivileged(Ljava/security/PrivilegedAction;Ljava/security/AccessControlContext;)Ljava/lang/Object; (0 bytes) @ 0x0000000002cb6ee6 [0x0000000002cb6e80+0x66]
J 582 C1 java.security.ProtectionDomain$1.doIntersectionPrivilege(Ljava/security/PrivilegedAction;Ljava/security/AccessControlContext;Ljava/security/AccessControlContext;)Ljava/lang/Object; (32 bytes) @ 0x0000000002cb755c [0x0000000002cb7260+0x2fc]
J 818 C1 java.awt.EventQueue$4.run()Ljava/lang/Object; (5 bytes) @ 0x0000000002d71c0c [0x0000000002d71820+0x3ec]
v  ~StubRoutines::call_stub
J 581  java.security.AccessController.doPrivileged(Ljava/security/PrivilegedAction;Ljava/security/AccessControlContext;)Ljava/lang/Object; (0 bytes) @ 0x0000000002cb6ee6 [0x0000000002cb6e80+0x66]
J 614 C1 java.awt.EventQueue.dispatchEvent(Ljava/awt/AWTEvent;)V (80 bytes) @ 0x0000000002cc8474 [0x0000000002cc77c0+0xcb4]
J 785 C1 java.awt.EventDispatchThread.pumpOneEventForFilters(I)V (295 bytes) @ 0x0000000002d3175c [0x0000000002d2fc00+0x1b5c]
j  java.awt.EventDispatchThread.pumpEventsForFilter(ILjava/awt/Conditional;Ljava/awt/EventFilter;)V+35
j  java.awt.EventDispatchThread.pumpEventsForHierarchy(ILjava/awt/Conditional;Ljava/awt/Component;)V+11
j  java.awt.EventDispatchThread.pumpEvents(ILjava/awt/Conditional;)V+4
j  java.awt.EventDispatchThread.pumpEvents(Ljava/awt/Conditional;)V+3
j  java.awt.EventDispatchThread.run()V+9
v  ~StubRoutines::call_stub

---------------  P R O C E S S  ---------------

Java Threads: ( => current thread )
  0x0000000018c3f000 JavaThread "TimerQueue" daemon [_thread_blocked, id=5556, stack(0x0000000019e10000,0x0000000019f10000)]
  0x0000000018c2c800 JavaThread "D3D Screen Updater" daemon [_thread_blocked, id=6068, stack(0x0000000019450000,0x0000000019550000)]
  0x0000000002970800 JavaThread "DestroyJavaVM" [_thread_blocked, id=9416, stack(0x0000000002870000,0x0000000002970000)]
=>0x00000000162eb000 JavaThread "AWT-EventQueue-0" [_thread_in_vm, id=11848, stack(0x0000000018300000,0x0000000018400000)]
  0x000000001626e800 JavaThread "AWT-Windows" daemon [_thread_in_native, id=6112, stack(0x0000000016960000,0x0000000016a60000)]
  0x000000001626d800 JavaThread "AWT-Shutdown" [_thread_blocked, id=9140, stack(0x0000000016860000,0x0000000016960000)]
  0x000000001626a800 JavaThread "Java2D Disposer" daemon [_thread_blocked, id=5932, stack(0x0000000016760000,0x0000000016860000)]
  0x0000000015f78800 JavaThread "Service Thread" daemon [_thread_blocked, id=7232, stack(0x0000000016360000,0x0000000016460000)]
  0x0000000014e8e800 JavaThread "C1 CompilerThread1" daemon [_thread_blocked, id=4452, stack(0x0000000015e60000,0x0000000015f60000)]
  0x0000000014e7d000 JavaThread "C2 CompilerThread0" daemon [_thread_blocked, id=6792, stack(0x0000000015d60000,0x0000000015e60000)]
  0x0000000014e7b000 JavaThread "Attach Listener" daemon [_thread_blocked, id=6960, stack(0x0000000015c60000,0x0000000015d60000)]
  0x0000000014e7a800 JavaThread "Signal Dispatcher" daemon [_thread_blocked, id=7700, stack(0x0000000015b60000,0x0000000015c60000)]
  0x0000000014de7800 JavaThread "Finalizer" daemon [_thread_blocked, id=8568, stack(0x0000000015a60000,0x0000000015b60000)]
  0x0000000014de0000 JavaThread "Reference Handler" daemon [_thread_blocked, id=10828, stack(0x0000000015960000,0x0000000015a60000)]

Other Threads:
  0x0000000014dda800 VMThread [stack: 0x0000000015860000,0x0000000015960000] [id=4128]
  0x0000000014ece000 WatcherThread [stack: 0x0000000016460000,0x0000000016560000] [id=3876]

VM state:not at safepoint (normal execution)

VM Mutex/Monitor currently owned by a thread: None

Heap:
 PSYoungGen      total 18944K, used 9667K [0x00000000eb200000, 0x00000000ec700000, 0x0000000100000000)
  eden space 16384K, 59% used [0x00000000eb200000,0x00000000ebb70cb0,0x00000000ec200000)
  from space 2560K, 0% used [0x00000000ec480000,0x00000000ec480000,0x00000000ec700000)
  to   space 2560K, 0% used [0x00000000ec200000,0x00000000ec200000,0x00000000ec480000)
 ParOldGen       total 44032K, used 0K [0x00000000c1600000, 0x00000000c4100000, 0x00000000eb200000)
  object space 44032K, 0% used [0x00000000c1600000,0x00000000c1600000,0x00000000c4100000)
 Metaspace       used 11581K, capacity 11726K, committed 11904K, reserved 1058816K
  class space    used 1505K, capacity 1545K, committed 1664K, reserved 1048576K

Card table byte_map: [0x0000000011e30000,0x0000000012030000] byte_map_base: 0x0000000011825000

Marking Bits: (ParMarkBitMap*) 0x000000006204b460
 Begin Bits: [0x0000000012380000, 0x0000000013328000)
 End Bits:   [0x0000000013328000, 0x00000000142d0000)

Polling page: 0x0000000000ee0000

CodeCache: size=245760Kb used=3486Kb max_used=3486Kb free=242273Kb
 bounds [0x0000000002a70000, 0x0000000002de0000, 0x0000000011a70000]
 total_blobs=1488 nmethods=986 adapters=416
 compilation: enabled

Compilation events (10 events):
Event: 12.251 Thread 0x0000000014e8e800  983   !   3       java.awt.Font::equals (132 bytes)
Event: 12.252 Thread 0x0000000014e8e800 nmethod 983 0x0000000002dd6050 code [0x0000000002dd6220, 0x0000000002dd6a28]
Event: 12.252 Thread 0x0000000014e8e800  986   !   3       sun.awt.AWTAutoShutdown::notifyThreadFree (74 bytes)
Event: 12.253 Thread 0x0000000014e8e800 nmethod 986 0x0000000002dd6cd0 code [0x0000000002dd6e80, 0x0000000002dd7568]
Event: 12.253 Thread 0x0000000014e8e800  985       3       java.awt.Window::getBackground (5 bytes)
Event: 12.254 Thread 0x0000000014e8e800 nmethod 985 0x0000000002dd7890 code [0x0000000002dd7a00, 0x0000000002dd7d28]
Event: 12.254 Thread 0x0000000014e8e800  984       1       javax.swing.AbstractButton::isContentAreaFilled (5 bytes)
Event: 12.254 Thread 0x0000000014e8e800 nmethod 984 0x0000000002dd7e10 code [0x0000000002dd7f60, 0x0000000002dd8070]
Event: 12.393 Thread 0x0000000014e8e800  987       3       java.awt.Toolkit::getEventQueue (7 bytes)
Event: 12.394 Thread 0x0000000014e8e800 nmethod 987 0x0000000002dd82d0 code [0x0000000002dd8480, 0x0000000002dd8a08]

GC Heap History (0 events):
No events

Deoptimization events (4 events):
Event: 7.520 Thread 0x00000000162eb000 Uncommon trap: reason=class_check action=maybe_recompile pc=0x0000000002c120dc method=java.lang.String.equals(Ljava/lang/Object;)Z @ 8
Event: 7.520 Thread 0x00000000162eb000 Uncommon trap: reason=class_check action=maybe_recompile pc=0x0000000002c120dc method=java.lang.String.equals(Ljava/lang/Object;)Z @ 8
Event: 8.234 Thread 0x00000000162eb000 Uncommon trap: reason=class_check action=maybe_recompile pc=0x0000000002c120dc method=java.lang.String.equals(Ljava/lang/Object;)Z @ 8
Event: 8.235 Thread 0x00000000162eb000 Uncommon trap: reason=class_check action=maybe_recompile pc=0x0000000002c120dc method=java.lang.String.equals(Ljava/lang/Object;)Z @ 8

Internal exceptions (10 events):
Event: 5.169 Thread 0x00000000162eb000 Exception <a 'java/security/PrivilegedActionException'> (0x00000000eb8ff280) thrown at [D:\re\workspace\8-2-build-windows-amd64-cygwin\jdk8u20\1074\hotspot\src\share\vm\prims\jvm.cpp, line 1275]
Event: 5.180 Thread 0x00000000162eb000 Exception <a 'java/security/PrivilegedActionException'> (0x00000000eb9111a8) thrown at [D:\re\workspace\8-2-build-windows-amd64-cygwin\jdk8u20\1074\hotspot\src\share\vm\prims\jvm.cpp, line 1275]
Event: 5.183 Thread 0x00000000162eb000 Exception <a 'java/security/PrivilegedActionException'> (0x00000000eb9140c0) thrown at [D:\re\workspace\8-2-build-windows-amd64-cygwin\jdk8u20\1074\hotspot\src\share\vm\prims\jvm.cpp, line 1275]
Event: 5.184 Thread 0x00000000162eb000 Exception <a 'java/security/PrivilegedActionException'> (0x00000000eb916690) thrown at [D:\re\workspace\8-2-build-windows-amd64-cygwin\jdk8u20\1074\hotspot\src\share\vm\prims\jvm.cpp, line 1275]
Event: 5.186 Thread 0x00000000162eb000 Exception <a 'java/security/PrivilegedActionException'> (0x00000000eb918c60) thrown at [D:\re\workspace\8-2-build-windows-amd64-cygwin\jdk8u20\1074\hotspot\src\share\vm\prims\jvm.cpp, line 1275]
Event: 5.190 Thread 0x00000000162eb000 Exception <a 'java/security/PrivilegedActionException'> (0x00000000eb91df38) thrown at [D:\re\workspace\8-2-build-windows-amd64-cygwin\jdk8u20\1074\hotspot\src\share\vm\prims\jvm.cpp, line 1275]
Event: 5.194 Thread 0x00000000162eb000 Exception <a 'java/security/PrivilegedActionException'> (0x00000000eb924e90) thrown at [D:\re\workspace\8-2-build-windows-amd64-cygwin\jdk8u20\1074\hotspot\src\share\vm\prims\jvm.cpp, line 1275]
Event: 10.891 Thread 0x00000000162eb000 Exception <a 'java/security/PrivilegedActionException'> (0x00000000eba794c0) thrown at [D:\re\workspace\8-2-build-windows-amd64-cygwin\jdk8u20\1074\hotspot\src\share\vm\prims\jvm.cpp, line 1275]
Event: 10.896 Thread 0x00000000162eb000 Exception <a 'java/security/PrivilegedActionException'> (0x00000000ebb20260) thrown at [D:\re\workspace\8-2-build-windows-amd64-cygwin\jdk8u20\1074\hotspot\src\share\vm\prims\jvm.cpp, line 1275]
Event: 10.901 Thread 0x00000000162eb000 Exception <a 'java/security/PrivilegedActionException'> (0x00000000ebb23868) thrown at [D:\re\workspace\8-2-build-windows-amd64-cygwin\jdk8u20\1074\hotspot\src\share\vm\prims\jvm.cpp, line 1275]

Events (10 events):
Event: 10.931 loading class java/awt/WaitDispatchSupport$2
Event: 10.931 loading class java/awt/WaitDispatchSupport$2 done
Event: 10.931 loading class java/awt/WaitDispatchSupport$4
Event: 10.931 loading class java/awt/WaitDispatchSupport$4 done
Event: 12.384 loading class java/awt/Window$1DisposeAction
Event: 12.384 loading class java/awt/Window$1DisposeAction done
Event: 12.385 loading class java/awt/KeyboardFocusManager$2
Event: 12.385 loading class java/awt/KeyboardFocusManager$2 done
Event: 12.386 loading class sun/awt/SunToolkit$1
Event: 12.386 loading class sun/awt/SunToolkit$1 done


Dynamic libraries:
0x00007ff7c66c0000 - 0x00007ff7c66f4000 	C:\Program Files\Java\jre1.8.0_20\bin\javaw.exe
0x00007ff95d0a0000 - 0x00007ff95d24c000 	C:\Windows\SYSTEM32\ntdll.dll
0x00007ff95b020000 - 0x00007ff95b15e000 	C:\Windows\system32\KERNEL32.DLL
0x00007ff95a550000 - 0x00007ff95a665000 	C:\Windows\system32\KERNELBASE.dll
0x00007ff958b10000 - 0x00007ff958b9e000 	C:\Windows\system32\apphelp.dll
0x00007ff949b80000 - 0x00007ff949bd3000 	C:\Windows\AppPatch\AppPatch64\AcGenral.DLL
0x00007ff95cff0000 - 0x00007ff95d09a000 	C:\Windows\system32\msvcrt.dll
0x00007ff959fc0000 - 0x00007ff959fee000 	C:\Windows\SYSTEM32\SspiCli.dll
0x00007ff95a7d0000 - 0x00007ff95a824000 	C:\Windows\system32\SHLWAPI.dll
0x00007ff95c8c0000 - 0x00007ff95ca37000 	C:\Windows\system32\USER32.dll
0x00007ff95cc40000 - 0x00007ff95cdd4000 	C:\Windows\system32\ole32.dll
0x00007ff95b380000 - 0x00007ff95c8ab000 	C:\Windows\system32\SHELL32.dll
0x00007ff959790000 - 0x00007ff9597b1000 	C:\Windows\SYSTEM32\USERENV.dll
0x00007ff95ca60000 - 0x00007ff95cb0a000 	C:\Windows\system32\ADVAPI32.dll
0x00007ff94e700000 - 0x00007ff94e71e000 	C:\Windows\SYSTEM32\MPR.dll
0x00007ff95cde0000 - 0x00007ff95cf21000 	C:\Windows\system32\RPCRT4.dll
0x00007ff95cb10000 - 0x00007ff95cb69000 	C:\Windows\SYSTEM32\sechost.dll
0x00007ff95b160000 - 0x00007ff95b371000 	C:\Windows\SYSTEM32\combase.dll
0x00007ff95ae70000 - 0x00007ff95afbf000 	C:\Windows\system32\GDI32.dll
0x00007ff95a1f0000 - 0x00007ff95a205000 	C:\Windows\SYSTEM32\profapi.dll
0x00007ff958620000 - 0x00007ff9586d2000 	C:\Windows\SYSTEM32\SHCORE.dll
0x00007ff95a720000 - 0x00007ff95a756000 	C:\Windows\system32\IMM32.DLL
0x00007ff95a830000 - 0x00007ff95a982000 	C:\Windows\system32\MSCTF.dll
0x00007ff957770000 - 0x00007ff9579eb000 	C:\Windows\WinSxS\amd64_microsoft.windows.common-controls_6595b64144ccf1df_6.0.9600.18006_none_623f33d3ecbe86e8\COMCTL32.dll
0x0000000062db0000 - 0x0000000062e82000 	C:\Program Files\Java\jre1.8.0_20\bin\msvcr100.dll
0x0000000061870000 - 0x00000000620c8000 	C:\Program Files\Java\jre1.8.0_20\bin\server\jvm.dll
0x00007ff951b10000 - 0x00007ff951b19000 	C:\Windows\SYSTEM32\WSOCK32.dll
0x00007ff951ba0000 - 0x00007ff951bc2000 	C:\Windows\SYSTEM32\WINMM.dll
0x00007ff95ac40000 - 0x00007ff95ac47000 	C:\Windows\system32\PSAPI.DLL
0x00007ff95a770000 - 0x00007ff95a7ca000 	C:\Windows\system32\WS2_32.dll
0x00007ff951b70000 - 0x00007ff951b9a000 	C:\Windows\SYSTEM32\WINMMBASE.dll
0x00007ff95c8b0000 - 0x00007ff95c8b9000 	C:\Windows\system32\NSI.dll
0x00007ff95a4a0000 - 0x00007ff95a4ef000 	C:\Windows\SYSTEM32\cfgmgr32.dll
0x00007ff959010000 - 0x00007ff959038000 	C:\Windows\SYSTEM32\DEVOBJ.dll
0x0000000062da0000 - 0x0000000062daf000 	C:\Program Files\Java\jre1.8.0_20\bin\verify.dll
0x0000000062d70000 - 0x0000000062d98000 	C:\Program Files\Java\jre1.8.0_20\bin\java.dll
0x0000000062830000 - 0x0000000062846000 	C:\Program Files\Java\jre1.8.0_20\bin\zip.dll
0x0000000061340000 - 0x00000000614d8000 	C:\Program Files\Java\jre1.8.0_20\bin\awt.dll
0x00007ff95ab70000 - 0x00007ff95ac31000 	C:\Windows\system32\OLEAUT32.dll
0x00007ff958390000 - 0x00007ff9583b1000 	C:\Windows\system32\DWMAPI.DLL
0x00007ff958e30000 - 0x00007ff958f59000 	C:\Windows\system32\uxtheme.dll
0x00007ff959000000 - 0x00007ff95900b000 	C:\Windows\SYSTEM32\kernel.appcore.dll
0x00007ff95a160000 - 0x00007ff95a16b000 	C:\Windows\SYSTEM32\CRYPTBASE.dll
0x00007ff959ff0000 - 0x00007ff95a053000 	C:\Windows\SYSTEM32\bcryptPrimitives.dll
0x00007ff936300000 - 0x00007ff936521000 	C:\Windows\system32\d3d9.dll
0x00007ff952fc0000 - 0x00007ff952fca000 	C:\Windows\SYSTEM32\VERSION.dll
0x00007ff92b210000 - 0x00007ff92bdb0000 	C:\Windows\SYSTEM32\igdumdim64.dll
0x00007ff954720000 - 0x00007ff954b60000 	C:\Windows\SYSTEM32\igdusc64.dll
0x0000000061780000 - 0x00000000617c7000 	C:\Program Files\Java\jre1.8.0_20\bin\fontmanager.dll
0x00007ff95cb80000 - 0x00007ff95cc36000 	C:\Windows\SYSTEM32\clbcatq.dll
0x00007ff953cf0000 - 0x00007ff953e9e000 	C:\Windows\SYSTEM32\WindowsCodecs.dll
0x00007ff959a60000 - 0x00007ff959a80000 	C:\Windows\SYSTEM32\CRYPTSP.dll
0x00007ff959680000 - 0x00007ff9596b6000 	C:\Windows\system32\rsaenh.dll
0x00007ff959d00000 - 0x00007ff959d26000 	C:\Windows\SYSTEM32\bcrypt.dll
0x0000000062810000 - 0x000000006282a000 	C:\Program Files\Java\jre1.8.0_20\bin\net.dll
0x00007ff959a00000 - 0x00007ff959a59000 	C:\Windows\system32\mswsock.dll
0x0000000061850000 - 0x0000000061861000 	C:\Program Files\Java\jre1.8.0_20\bin\nio.dll
0x0000000061730000 - 0x0000000061771000 	C:\Program Files\Java\jre1.8.0_20\bin\t2k.dll
0x00007ff93f480000 - 0x00007ff93f6c8000 	C:\Windows\System32\IME\IMEJP\imjptip.dll
0x00007ff955010000 - 0x00007ff95507a000 	C:\Windows\SYSTEM32\OLEACC.dll
0x00007ff954320000 - 0x00007ff95449f000 	C:\Windows\SYSTEM32\PROPSYS.dll
0x00007ff957540000 - 0x00007ff957572000 	C:\Windows\SYSTEM32\ntmarta.dll
0x00007ff93f260000 - 0x00007ff93f476000 	C:\Windows\System32\IME\IMEJP\imjpapi.dll
0x00007ff94a350000 - 0x00007ff94a38a000 	C:\Windows\System32\IME\shared\imjkapi.dll
0x00007ff93f170000 - 0x00007ff93f252000 	C:\Windows\System32\IME\IMEJP\imjppred.dll
0x00007ff93f050000 - 0x00007ff93f162000 	C:\Windows\System32\IME\shared\imetip.dll
0x00007ff958900000 - 0x00007ff958ac1000 	C:\Windows\SYSTEM32\DUI70.dll
0x00007ff952e10000 - 0x00007ff952e2f000 	C:\Windows\System32\IME\shared\imecfm.dll
0x00007ff952fd0000 - 0x00007ff953055000 	C:\Windows\SYSTEM32\wer.dll
0x00007ff958270000 - 0x00007ff95828f000 	C:\Windows\System32\IME\SHARED\imesearchdll.dll
0x00007ff941560000 - 0x00007ff941675000 	C:\Windows\System32\IME\IMEJP\imjplmp.dll
0x00007ff935d40000 - 0x00007ff935eb0000 	C:\Windows\System32\IME\shared\mscand20.dll
0x00007ff951d80000 - 0x00007ff951d87000 	C:\Windows\SYSTEM32\MSIMG32.dll
0x00007ff958570000 - 0x00007ff958614000 	C:\Windows\SYSTEM32\DUser.dll
0x00007ff947a50000 - 0x00007ff947aa7000 	C:\Windows\System32\IME\SHARED\imelm.dll
0x00007ff956600000 - 0x00007ff95660e000 	C:\Windows\System32\IME\SHARED\imebrokerps.dll
0x00000000616a0000 - 0x00000000616ca000 	C:\Program Files\Java\jre1.8.0_20\bin\dcpr.dll
0x00007ff9580e0000 - 0x00007ff958269000 	C:\Windows\SYSTEM32\dbghelp.dll

VM Arguments:
jvm_args: -Dfile.encoding=MS932 
java_command: memo.Test
java_class_path (initial): C:\Users\Fumihiko\Documents\Git\Tools\Tools\bin
Launcher Type: SUN_STANDARD

Environment Variables:
PATH=C:\ProgramData\Oracle\Java\javapath;c:\Program Files (x86)\Intel\iCLS Client\;c:\Program Files\Intel\iCLS Client\;C:\Windows\system32;C:\Windows;C:\Windows\System32\Wbem;C:\Windows\System32\WindowsPowerShell\v1.0\;C:\Program Files\Intel\Intel(R) Management Engine Components\DAL;C:\Program Files\Intel\Intel(R) Management Engine Components\IPT;C:\Program Files (x86)\Intel\Intel(R) Management Engine Components\DAL;C:\Program Files (x86)\Intel\Intel(R) Management Engine Components\IPT;C:\Program Files\Intel\WiFi\bin\;C:\Program Files\Common Files\Intel\WirelessCommon\;C:\Program Files\Sony\VAIO Improvement;c:\Program Files (x86)\Sony\VAIO BIOS Data Transfer Utility\;C:\Program Files (x86)\Sony\VAIO Startup Setting Tool;C:\w32tex\bin;c:\Program Files (x86)\gs\gs9.14\bin;C:\Program Files (x86)\Skype\Phone\;C:\RailsInstaller\Git\cmd;C:\RailsInstaller\Ruby2.0.0\bin;C:\Program Files (x86)\Vim\vim74;C:\Program Files (x86)\Java\jdk1.8.0\bin;C:\Users\Fumihiko\Android\android-sdk\tools;C:\Users\Fumihiko\Android\android-sdk\platform-tools
USERNAME=Fumihiko
OS=Windows_NT
PROCESSOR_IDENTIFIER=Intel64 Family 6 Model 69 Stepping 1, GenuineIntel



---------------  S Y S T E M  ---------------

OS: Windows 8.1 , 64 bit Build 9600 

CPU:total 2 (2 cores per cpu, 1 threads per core) family 6 model 69 stepping 1, cmov, cx8, fxsr, mmx, sse, sse2, sse3, ssse3, sse4.1, sse4.2, popcnt, clmul, erms, lzcnt, tsc, tscinvbit

Memory: 4k page, physical 4103988k(1081424k free), swap 8298292k(2997620k free)

vm_info: Java HotSpot(TM) 64-Bit Server VM (25.20-b23) for windows-amd64 JRE (1.8.0_20-b26), built on Jul 30 2014 13:51:23 by "java_re" with MS VC++ 10.0 (VS2010)

time: Wed Nov 11 23:26:09 2015
elapsed time: 12 seconds (0d 0h 0m 12s)

