#
# A fatal error has been detected by the Java Runtime Environment:
#
#  EXCEPTION_ACCESS_VIOLATION (0xc0000005) at pc=0x0000000056f7d9f3, pid=5260, tid=8248
#
# JRE version: Java(TM) SE Runtime Environment (8.0_20-b26) (build 1.8.0_20-b26)
# Java VM: Java HotSpot(TM) 64-Bit Server VM (25.20-b23 mixed mode windows-amd64 compressed oops)
# Problematic frame:
# V  [jvm.dll+0x14d9f3]
#
# Failed to write core dump. Minidumps are not enabled by default on client versions of Windows
#
# If you would like to submit a bug report, please visit:
#   http://bugreport.sun.com/bugreport/crash.jsp
#

---------------  T H R E A D  ---------------

Current thread (0x0000000015e3f000):  JavaThread "AWT-Windows" daemon [_thread_in_vm, id=8248, stack(0x00000000164c0000,0x00000000165c0000)]

siginfo: ExceptionCode=0xc0000005, reading address 0x0000000000000000

Registers:
RAX=0x0000000000000000, RBX=0x0000000015e3f000, RCX=0x00000000eb203600, RDX=0x0000000000000000
RSP=0x00000000165be670, RBP=0x0000000015cbf9c0, RSI=0x000000000255ee38, RDI=0x0000000000000000
R8 =0x0000000015e3f000, R9 =0x0000000000000000, R10=0x000000005759aaa0, R11=0x00000000eb4c2ac0
R12=0x0000000000000001, R13=0x0000000000000000, R14=0x0000000015e3f1e8, R15=0x0000000000000000
RIP=0x0000000056f7d9f3, EFLAGS=0x0000000000010246

Top of Stack: (sp=0x00000000165be670)
0x00000000165be670:   0000000015e3f1e8 0000000056f603bd
0x00000000165be680:   0000000000000002 0000000015e3f000
0x00000000165be690:   0000000015e3f000 0000000000000000
0x00000000165be6a0:   0000000015e3f000 0000000000000000
0x00000000165be6b0:   0000000015e3b4f0 0000000000000000
0x00000000165be6c0:   0000000000000001 0000000056d21d88
0x00000000165be6d0:   0000000015e3f1e8 0000000015e3f1e8
0x00000000165be6e0:   000000000255ee38 0000000000000001
0x00000000165be6f0:   0000000015cbf980 0000000000000008
0x00000000165be700:   00000000189f28a0 0000000000000006
0x00000000165be710:   0000000015e3f1e8 0000000000000006
0x00000000165be720:   0000000015cbf980 0000000015cbf980
0x00000000165be730:   00000000189f28a0 0000000000000000
0x00000000165be740:   0000000000000000 0000000000000000
0x00000000165be750:   0000000000000000 0000000000000001
0x00000000165be760:   0000000015e3b4e0 00000000187fd290 

Instructions: (pc=0x0000000056f7d9f3)
0x0000000056f7d9d3:   7c 24 28 48 39 7b 08 74 0a 48 8d 4c 24 20 e8 9a
0x0000000056f7d9e3:   63 11 00 48 8b 0e e8 f2 01 f1 ff 4c 8b c3 33 d2
0x0000000056f7d9f3:   4c 8b 08 48 8b c8 41 ff 91 b0 00 00 00 48 8b f0
0x0000000056f7da03:   48 39 7b 08 0f 84 9d 00 00 00 48 39 7c 24 28 74 


Register to memory mapping:

RAX=0x0000000000000000 is an unknown value
RBX=0x0000000015e3f000 is a thread
RCX=0x00000000eb203600 is an oop
java.lang.Object 
 - klass: 'java/lang/Object'
RDX=0x0000000000000000 is an unknown value
RSP=0x00000000165be670 is pointing into the stack for thread: 0x0000000015e3f000
RBP=0x0000000015cbf9c0 is an unknown value
RSI=0x000000000255ee38 is a global jni handle
RDI=0x0000000000000000 is an unknown value
R8 =0x0000000015e3f000 is a thread
R9 =0x0000000000000000 is an unknown value
R10=0x000000005759aaa0 is an unknown value
R11=0x00000000eb4c2ac0 is an oop

[error occurred during error reporting (printing register info), id 0xc0000005]

Stack: [0x00000000164c0000,0x00000000165c0000],  sp=0x00000000165be670,  free space=1017k
Native frames: (J=compiled Java code, j=interpreted, Vv=VM code, C=native code)
V  [jvm.dll+0x14d9f3]
C  [awt.dll+0x91d88]
C  [awt.dll+0x952ca]
C  [awt.dll+0x9451b]
C  [awt.dll+0xd3bf1]
C  [awt.dll+0xa8657]
C  [awt.dll+0x9abec]
C  [awt.dll+0x90842]
C  [USER32.dll+0x250d]
C  [USER32.dll+0x3d7b]
C  [awt.dll+0x150d4]
C  [COMCTL32.dll+0x1284]
C  [COMCTL32.dll+0x1122]
C  [USER32.dll+0x250d]
C  [USER32.dll+0x2367]
C  [awt.dll+0xcc7ec]
C  [awt.dll+0xcca9b]
C  0x0000000002653894

Java frames: (J=compiled Java code, j=interpreted, Vv=VM code)
j  sun.awt.windows.WToolkit.eventLoop()V+0
j  sun.awt.windows.WToolkit.run()V+58
j  java.lang.Thread.run()V+11
v  ~StubRoutines::call_stub

---------------  P R O C E S S  ---------------

Java Threads: ( => current thread )
  0x00000000187fb000 JavaThread "TimerQueue" daemon [_thread_blocked, id=1924, stack(0x00000000199b0000,0x0000000019ab0000)]
  0x00000000187b5800 JavaThread "D3D Screen Updater" daemon [_thread_blocked, id=8164, stack(0x0000000018ff0000,0x00000000190f0000)]
  0x0000000002460800 JavaThread "DestroyJavaVM" [_thread_blocked, id=7988, stack(0x0000000002060000,0x0000000002160000)]
  0x0000000015eb6800 JavaThread "AWT-EventQueue-0" [_thread_in_native, id=7436, stack(0x0000000017e60000,0x0000000017f60000)]
=>0x0000000015e3f000 JavaThread "AWT-Windows" daemon [_thread_in_vm, id=8248, stack(0x00000000164c0000,0x00000000165c0000)]
  0x0000000015e3e000 JavaThread "AWT-Shutdown" [_thread_blocked, id=8548, stack(0x00000000163c0000,0x00000000164c0000)]
  0x0000000015e3d000 JavaThread "Java2D Disposer" daemon [_thread_blocked, id=3788, stack(0x00000000162c0000,0x00000000163c0000)]
  0x0000000015b38800 JavaThread "Service Thread" daemon [_thread_blocked, id=8020, stack(0x0000000015f30000,0x0000000016030000)]
  0x0000000014a54000 JavaThread "C1 CompilerThread1" daemon [_thread_blocked, id=5140, stack(0x0000000015a30000,0x0000000015b30000)]
  0x0000000014a4e800 JavaThread "C2 CompilerThread0" daemon [_thread_blocked, id=8944, stack(0x0000000015930000,0x0000000015a30000)]
  0x0000000014a4c800 JavaThread "Attach Listener" daemon [_thread_blocked, id=9036, stack(0x0000000015830000,0x0000000015930000)]
  0x0000000014a4b800 JavaThread "Signal Dispatcher" daemon [_thread_blocked, id=7692, stack(0x0000000015730000,0x0000000015830000)]
  0x00000000149b7800 JavaThread "Finalizer" daemon [_thread_blocked, id=5028, stack(0x0000000015630000,0x0000000015730000)]
  0x00000000149b0000 JavaThread "Reference Handler" daemon [_thread_blocked, id=2616, stack(0x0000000015530000,0x0000000015630000)]

Other Threads:
  0x00000000149aa800 VMThread [stack: 0x0000000015430000,0x0000000015530000] [id=8820]
  0x0000000014a9d800 WatcherThread [stack: 0x0000000016030000,0x0000000016130000] [id=6004]

VM state:not at safepoint (normal execution)

VM Mutex/Monitor currently owned by a thread: None

Heap:
 PSYoungGen      total 18944K, used 9530K [0x00000000eb200000, 0x00000000ec700000, 0x0000000100000000)
  eden space 16384K, 58% used [0x00000000eb200000,0x00000000ebb4ea30,0x00000000ec200000)
  from space 2560K, 0% used [0x00000000ec480000,0x00000000ec480000,0x00000000ec700000)
  to   space 2560K, 0% used [0x00000000ec200000,0x00000000ec200000,0x00000000ec480000)
 ParOldGen       total 44032K, used 0K [0x00000000c1600000, 0x00000000c4100000, 0x00000000eb200000)
  object space 44032K, 0% used [0x00000000c1600000,0x00000000c1600000,0x00000000c4100000)
 Metaspace       used 11516K, capacity 11694K, committed 11776K, reserved 1058816K
  class space    used 1474K, capacity 1513K, committed 1536K, reserved 1048576K

Card table byte_map: [0x0000000011a00000,0x0000000011c00000] byte_map_base: 0x00000000113f5000

Marking Bits: (ParMarkBitMap*) 0x000000005760b460
 Begin Bits: [0x0000000011f50000, 0x0000000012ef8000)
 End Bits:   [0x0000000012ef8000, 0x0000000013ea0000)

Polling page: 0x00000000007e0000

CodeCache: size=245760Kb used=3674Kb max_used=3674Kb free=242085Kb
 bounds [0x0000000002640000, 0x00000000029e0000, 0x0000000011640000]
 total_blobs=1579 nmethods=1078 adapters=415
 compilation: enabled

Compilation events (10 events):
Event: 14.879 Thread 0x0000000014a54000 1077       3       java.util.HashMap$KeySet::<init> (10 bytes)
Event: 14.880 Thread 0x0000000014a54000 nmethod 1077 0x00000000029d67d0 code [0x00000000029d6940, 0x00000000029d6bd0]
Event: 14.881 Thread 0x0000000014a54000 1078       3       javax.swing.text.AbstractDocument$AbstractElement::getAttributes (2 bytes)
Event: 14.882 Thread 0x0000000014a54000 nmethod 1078 0x00000000027b25d0 code [0x00000000027b2720, 0x00000000027b2870]
Event: 14.882 Thread 0x0000000014a54000 1079       3       javax.swing.text.AbstractDocument$AbstractElement::isDefined (11 bytes)
Event: 14.882 Thread 0x0000000014a54000 nmethod 1079 0x00000000029d6390 code [0x00000000029d6500, 0x00000000029d6728]
Event: 14.883 Thread 0x0000000014a54000 1080       3       java.util.IdentityHashMap$IdentityHashMapIterator::<init> (6 bytes)
Event: 14.884 Thread 0x0000000014a54000 nmethod 1080 0x00000000029d6010 code [0x00000000029d6180, 0x00000000029d6308]
Event: 14.884 Thread 0x0000000014a54000 1081       3       java.util.IdentityHashMap$IdentityHashMapIterator::<init> (63 bytes)
Event: 14.884 Thread 0x0000000014a54000 nmethod 1081 0x00000000029d7090 code [0x00000000029d7200, 0x00000000029d7470]

GC Heap History (0 events):
No events

Deoptimization events (4 events):
Event: 11.870 Thread 0x0000000015eb6800 Uncommon trap: reason=class_check action=maybe_recompile pc=0x00000000027e19dc method=java.lang.String.equals(Ljava/lang/Object;)Z @ 8
Event: 11.870 Thread 0x0000000015eb6800 Uncommon trap: reason=class_check action=maybe_recompile pc=0x00000000027e19dc method=java.lang.String.equals(Ljava/lang/Object;)Z @ 8
Event: 11.872 Thread 0x0000000015eb6800 Uncommon trap: reason=class_check action=maybe_recompile pc=0x00000000027e19dc method=java.lang.String.equals(Ljava/lang/Object;)Z @ 8
Event: 11.872 Thread 0x0000000015eb6800 Uncommon trap: reason=class_check action=maybe_recompile pc=0x00000000027e19dc method=java.lang.String.equals(Ljava/lang/Object;)Z @ 8

Internal exceptions (10 events):
Event: 1.526 Thread 0x0000000002460800 Exception <a 'java/lang/NullPointerException'> (0x00000000eb65b818) thrown at [D:\re\workspace\8-2-build-windows-amd64-cygwin\jdk8u20\1074\hotspot\src\share\vm\interpreter\linkResolver.cpp, line 1166]
Event: 1.565 Thread 0x0000000002460800 Exception <a 'java/security/PrivilegedActionException'> (0x00000000eb67cc80) thrown at [D:\re\workspace\8-2-build-windows-amd64-cygwin\jdk8u20\1074\hotspot\src\share\vm\prims\jvm.cpp, line 1275]
Event: 1.565 Thread 0x0000000002460800 Exception <a 'java/security/PrivilegedActionException'> (0x00000000eb67db20) thrown at [D:\re\workspace\8-2-build-windows-amd64-cygwin\jdk8u20\1074\hotspot\src\share\vm\prims\jvm.cpp, line 1275]
Event: 5.344 Thread 0x0000000015eb6800 Exception <a 'java/security/PrivilegedActionException'> (0x00000000eb8fb5f0) thrown at [D:\re\workspace\8-2-build-windows-amd64-cygwin\jdk8u20\1074\hotspot\src\share\vm\prims\jvm.cpp, line 1275]
Event: 5.359 Thread 0x0000000015eb6800 Exception <a 'java/security/PrivilegedActionException'> (0x00000000eb90d600) thrown at [D:\re\workspace\8-2-build-windows-amd64-cygwin\jdk8u20\1074\hotspot\src\share\vm\prims\jvm.cpp, line 1275]
Event: 5.361 Thread 0x0000000015eb6800 Exception <a 'java/security/PrivilegedActionException'> (0x00000000eb910518) thrown at [D:\re\workspace\8-2-build-windows-amd64-cygwin\jdk8u20\1074\hotspot\src\share\vm\prims\jvm.cpp, line 1275]
Event: 5.363 Thread 0x0000000015eb6800 Exception <a 'java/security/PrivilegedActionException'> (0x00000000eb912b60) thrown at [D:\re\workspace\8-2-build-windows-amd64-cygwin\jdk8u20\1074\hotspot\src\share\vm\prims\jvm.cpp, line 1275]
Event: 5.365 Thread 0x0000000015eb6800 Exception <a 'java/security/PrivilegedActionException'> (0x00000000eb915130) thrown at [D:\re\workspace\8-2-build-windows-amd64-cygwin\jdk8u20\1074\hotspot\src\share\vm\prims\jvm.cpp, line 1275]
Event: 5.369 Thread 0x0000000015eb6800 Exception <a 'java/security/PrivilegedActionException'> (0x00000000eb91a408) thrown at [D:\re\workspace\8-2-build-windows-amd64-cygwin\jdk8u20\1074\hotspot\src\share\vm\prims\jvm.cpp, line 1275]
Event: 5.374 Thread 0x0000000015eb6800 Exception <a 'java/security/PrivilegedActionException'> (0x00000000eb921360) thrown at [D:\re\workspace\8-2-build-windows-amd64-cygwin\jdk8u20\1074\hotspot\src\share\vm\prims\jvm.cpp, line 1275]

Events (10 events):
Event: 14.737 Executing VM operation: RevokeBias
Event: 14.737 Executing VM operation: RevokeBias done
Event: 14.870 Executing VM operation: RevokeBias
Event: 14.870 Executing VM operation: RevokeBias done
Event: 14.870 Executing VM operation: RevokeBias
Event: 14.870 Executing VM operation: RevokeBias done
Event: 14.870 Executing VM operation: RevokeBias
Event: 14.870 Executing VM operation: RevokeBias done
Event: 14.873 Thread 0x0000000014a54000 flushing nmethod 0x000000000273ffd0
Event: 14.876 Thread 0x0000000014a54000 flushing nmethod 0x00000000027b25d0


Dynamic libraries:
0x00007ff6f4120000 - 0x00007ff6f4154000 	C:\Program Files\Java\jre1.8.0_20\bin\javaw.exe
0x00007ffb99d40000 - 0x00007ffb99eec000 	C:\Windows\SYSTEM32\ntdll.dll
0x00007ffb991c0000 - 0x00007ffb992fe000 	C:\Windows\system32\KERNEL32.DLL
0x00007ffb97060000 - 0x00007ffb97175000 	C:\Windows\system32\KERNELBASE.dll
0x00007ffb95a30000 - 0x00007ffb95abe000 	C:\Windows\system32\apphelp.dll
0x00007ffb89c10000 - 0x00007ffb89c63000 	C:\Windows\AppPatch\AppPatch64\AcGenral.DLL
0x00007ffb99a50000 - 0x00007ffb99afa000 	C:\Windows\system32\msvcrt.dll
0x00007ffb96c50000 - 0x00007ffb96c7e000 	C:\Windows\SYSTEM32\SspiCli.dll
0x00007ffb97420000 - 0x00007ffb97474000 	C:\Windows\system32\SHLWAPI.dll
0x00007ffb99570000 - 0x00007ffb996e7000 	C:\Windows\system32\USER32.dll
0x00007ffb99700000 - 0x00007ffb99894000 	C:\Windows\system32\ole32.dll
0x00007ffb975e0000 - 0x00007ffb98b0b000 	C:\Windows\system32\SHELL32.dll
0x00007ffb96400000 - 0x00007ffb96421000 	C:\Windows\SYSTEM32\USERENV.dll
0x00007ffb99480000 - 0x00007ffb9952a000 	C:\Windows\system32\ADVAPI32.dll
0x00007ffb8fe70000 - 0x00007ffb8fe8e000 	C:\Windows\SYSTEM32\MPR.dll
0x00007ffb998a0000 - 0x00007ffb999e1000 	C:\Windows\system32\RPCRT4.dll
0x00007ffb973c0000 - 0x00007ffb97419000 	C:\Windows\SYSTEM32\sechost.dll
0x00007ffb99b00000 - 0x00007ffb99d11000 	C:\Windows\SYSTEM32\combase.dll
0x00007ffb97490000 - 0x00007ffb975df000 	C:\Windows\system32\GDI32.dll
0x00007ffb96e90000 - 0x00007ffb96ea5000 	C:\Windows\SYSTEM32\profapi.dll
0x00007ffb951e0000 - 0x00007ffb95292000 	C:\Windows\SYSTEM32\SHCORE.dll
0x00007ffb99530000 - 0x00007ffb99566000 	C:\Windows\system32\IMM32.DLL
0x00007ffb98b10000 - 0x00007ffb98c62000 	C:\Windows\system32\MSCTF.dll
0x00007ffb93560000 - 0x00007ffb937db000 	C:\Windows\WinSxS\amd64_microsoft.windows.common-controls_6595b64144ccf1df_6.0.9600.18006_none_623f33d3ecbe86e8\COMCTL32.dll
0x00000000580a0000 - 0x0000000058172000 	C:\Program Files\Java\jre1.8.0_20\bin\msvcr100.dll
0x0000000056e30000 - 0x0000000057688000 	C:\Program Files\Java\jre1.8.0_20\bin\server\jvm.dll
0x00007ffb8f2b0000 - 0x00007ffb8f2b9000 	C:\Windows\SYSTEM32\WSOCK32.dll
0x00007ffb90250000 - 0x00007ffb90272000 	C:\Windows\SYSTEM32\WINMM.dll
0x00007ffb97480000 - 0x00007ffb97487000 	C:\Windows\system32\PSAPI.DLL
0x00007ffb999f0000 - 0x00007ffb99a4a000 	C:\Windows\system32\WS2_32.dll
0x00007ffb90220000 - 0x00007ffb9024a000 	C:\Windows\SYSTEM32\WINMMBASE.dll
0x00007ffb98cf0000 - 0x00007ffb98cf9000 	C:\Windows\system32\NSI.dll
0x00007ffb96f60000 - 0x00007ffb96faf000 	C:\Windows\SYSTEM32\cfgmgr32.dll
0x00007ffb95c80000 - 0x00007ffb95ca8000 	C:\Windows\SYSTEM32\DEVOBJ.dll
0x0000000058090000 - 0x000000005809f000 	C:\Program Files\Java\jre1.8.0_20\bin\verify.dll
0x0000000058060000 - 0x0000000058088000 	C:\Program Files\Java\jre1.8.0_20\bin\java.dll
0x0000000058040000 - 0x0000000058056000 	C:\Program Files\Java\jre1.8.0_20\bin\zip.dll
0x0000000056c90000 - 0x0000000056e28000 	C:\Program Files\Java\jre1.8.0_20\bin\awt.dll
0x00007ffb98f10000 - 0x00007ffb98fd1000 	C:\Windows\system32\OLEAUT32.dll
0x00007ffb94fe0000 - 0x00007ffb95001000 	C:\Windows\system32\DWMAPI.DLL
0x00007ffb95b50000 - 0x00007ffb95c79000 	C:\Windows\system32\uxtheme.dll
0x00007ffb95cd0000 - 0x00007ffb95cdb000 	C:\Windows\SYSTEM32\kernel.appcore.dll
0x00007ffb96d50000 - 0x00007ffb96d5b000 	C:\Windows\SYSTEM32\CRYPTBASE.dll
0x00007ffb96ce0000 - 0x00007ffb96d43000 	C:\Windows\SYSTEM32\bcryptPrimitives.dll
0x00007ffb87b10000 - 0x00007ffb87d31000 	C:\Windows\system32\d3d9.dll
0x00007ffb91340000 - 0x00007ffb9134a000 	C:\Windows\SYSTEM32\VERSION.dll
0x00007ffb72ad0000 - 0x00007ffb73670000 	C:\Windows\SYSTEM32\igdumdim64.dll
0x00007ffb939a0000 - 0x00007ffb93de0000 	C:\Windows\SYSTEM32\igdusc64.dll
0x0000000056c40000 - 0x0000000056c87000 	C:\Program Files\Java\jre1.8.0_20\bin\fontmanager.dll
0x00007ffb993c0000 - 0x00007ffb99476000 	C:\Windows\SYSTEM32\clbcatq.dll
0x00007ffb94e30000 - 0x00007ffb94fde000 	C:\Windows\SYSTEM32\WindowsCodecs.dll
0x00007ffb968d0000 - 0x00007ffb968f0000 	C:\Windows\SYSTEM32\CRYPTSP.dll
0x00007ffb96310000 - 0x00007ffb96346000 	C:\Windows\system32\rsaenh.dll
0x00007ffb96b90000 - 0x00007ffb96bb6000 	C:\Windows\SYSTEM32\bcrypt.dll
0x0000000058020000 - 0x000000005803a000 	C:\Program Files\Java\jre1.8.0_20\bin\net.dll
0x00007ffb96670000 - 0x00007ffb966c9000 	C:\Windows\system32\mswsock.dll
0x0000000058000000 - 0x0000000058011000 	C:\Program Files\Java\jre1.8.0_20\bin\nio.dll
0x0000000056bf0000 - 0x0000000056c31000 	C:\Program Files\Java\jre1.8.0_20\bin\t2k.dll
0x00007ffb7cb00000 - 0x00007ffb7cd48000 	C:\Windows\System32\IME\IMEJP\imjptip.dll
0x00007ffb92340000 - 0x00007ffb923aa000 	C:\Windows\SYSTEM32\OLEACC.dll
0x00007ffb921a0000 - 0x00007ffb9231f000 	C:\Windows\SYSTEM32\PROPSYS.dll
0x00007ffb90e90000 - 0x00007ffb90ec2000 	C:\Windows\SYSTEM32\ntmarta.dll
0x00007ffb7c8e0000 - 0x00007ffb7caf6000 	C:\Windows\System32\IME\IMEJP\imjpapi.dll
0x00007ffb86b50000 - 0x00007ffb86b8a000 	C:\Windows\System32\IME\shared\imjkapi.dll
0x00007ffb86a60000 - 0x00007ffb86b42000 	C:\Windows\System32\IME\IMEJP\imjppred.dll
0x00007ffb7c7c0000 - 0x00007ffb7c8d2000 	C:\Windows\System32\IME\shared\imetip.dll
0x00007ffb95010000 - 0x00007ffb951d1000 	C:\Windows\SYSTEM32\DUI70.dll
0x00007ffb86a40000 - 0x00007ffb86a5f000 	C:\Windows\System32\IME\shared\imecfm.dll
0x00007ffb91350000 - 0x00007ffb913d5000 	C:\Windows\SYSTEM32\wer.dll
0x00007ffb86740000 - 0x00007ffb8675f000 	C:\Windows\System32\IME\SHARED\imesearchdll.dll
0x00007ffb7b010000 - 0x00007ffb7b125000 	C:\Windows\System32\IME\IMEJP\imjplmp.dll
0x00007ffb88a80000 - 0x00007ffb88bf0000 	C:\Windows\System32\IME\shared\mscand20.dll
0x00007ffb90280000 - 0x00007ffb90287000 	C:\Windows\SYSTEM32\MSIMG32.dll
0x00007ffb92da0000 - 0x00007ffb92e44000 	C:\Windows\SYSTEM32\DUser.dll
0x00007ffb87de0000 - 0x00007ffb87e37000 	C:\Windows\System32\IME\SHARED\imelm.dll
0x00007ffb8fe40000 - 0x00007ffb8fe4e000 	C:\Windows\System32\IME\SHARED\imebrokerps.dll
0x0000000056bc0000 - 0x0000000056bea000 	C:\Program Files\Java\jre1.8.0_20\bin\dcpr.dll
0x00007ffb7b180000 - 0x00007ffb7b309000 	C:\Windows\SYSTEM32\dbghelp.dll

VM Arguments:
jvm_args: -Dfile.encoding=MS932 
java_command: memo.Test
java_class_path (initial): C:\Users\Fumihiko\Documents\Git\Tools\Tools\bin
Launcher Type: SUN_STANDARD

Environment Variables:
PATH=C:\ProgramData\Oracle\Java\javapath;c:\Program Files (x86)\Intel\iCLS Client\;c:\Program Files\Intel\iCLS Client\;C:\Windows\system32;C:\Windows;C:\Windows\System32\Wbem;C:\Windows\System32\WindowsPowerShell\v1.0\;C:\Program Files\Intel\Intel(R) Management Engine Components\DAL;C:\Program Files\Intel\Intel(R) Management Engine Components\IPT;C:\Program Files (x86)\Intel\Intel(R) Management Engine Components\DAL;C:\Program Files (x86)\Intel\Intel(R) Management Engine Components\IPT;C:\Program Files\Intel\WiFi\bin\;C:\Program Files\Common Files\Intel\WirelessCommon\;C:\Program Files\Sony\VAIO Improvement;c:\Program Files (x86)\Sony\VAIO BIOS Data Transfer Utility\;C:\Program Files (x86)\Sony\VAIO Startup Setting Tool;C:\w32tex\bin;c:\Program Files (x86)\gs\gs9.14\bin;C:\Program Files (x86)\Skype\Phone\;C:\RailsInstaller\Git\cmd;C:\RailsInstaller\Ruby2.0.0\bin;C:\Program Files (x86)\Vim\vim74;C:\Program Files (x86)\Java\jdk1.8.0\bin;C:\Users\Fumihiko\Android\android-sdk\tools;C:\Users\Fumihiko\Android\android-sdk\platform-tools
USERNAME=Fumihiko
OS=Windows_NT
PROCESSOR_IDENTIFIER=Intel64 Family 6 Model 69 Stepping 1, GenuineIntel



---------------  S Y S T E M  ---------------

OS: Windows 8.1 , 64 bit Build 9600 

CPU:total 2 (2 cores per cpu, 1 threads per core) family 6 model 69 stepping 1, cmov, cx8, fxsr, mmx, sse, sse2, sse3, ssse3, sse4.1, sse4.2, popcnt, clmul, erms, lzcnt, tsc, tscinvbit

Memory: 4k page, physical 4103988k(1609236k free), swap 6004532k(2039056k free)

vm_info: Java HotSpot(TM) 64-Bit Server VM (25.20-b23) for windows-amd64 JRE (1.8.0_20-b26), built on Jul 30 2014 13:51:23 by "java_re" with MS VC++ 10.0 (VS2010)

time: Sat Nov 14 23:30:59 2015
elapsed time: 15 seconds (0d 0h 0m 15s)

