#
# A fatal error has been detected by the Java Runtime Environment:
#
#  EXCEPTION_ACCESS_VIOLATION (0xc0000005) at pc=0x00000000619bd9f3, pid=7612, tid=9044
#
# JRE version: Java(TM) SE Runtime Environment (8.0_20-b26) (build 1.8.0_20-b26)
# Java VM: Java HotSpot(TM) 64-Bit Server VM (25.20-b23 mixed mode windows-amd64 compressed oops)
# Problematic frame:
# V  [jvm.dll+0x14d9f3]
#
# Failed to write core dump. Minidumps are not enabled by default on client versions of Windows
#
# If you would like to submit a bug report, please visit:
#   http://bugreport.sun.com/bugreport/crash.jsp
#

---------------  T H R E A D  ---------------

Current thread (0x0000000015b8f000):  JavaThread "AWT-EventQueue-0" [_thread_in_vm, id=9044, stack(0x0000000017c60000,0x0000000017d60000)]

siginfo: ExceptionCode=0xc0000005, reading address 0x0000000000000000

Registers:
RAX=0x0000000000000000, RBX=0x0000000015b8f000, RCX=0x00000000eb203600, RDX=0x0000000000000000
RSP=0x0000000017d5c3b0, RBP=0x0000000000000010, RSI=0x000000000235ee38, RDI=0x0000000000000000
R8 =0x0000000015b8f000, R9 =0x0000000000000000, R10=0x000000001919d340, R11=0x0000000000000000
R12=0x0000000000000010, R13=0x0000000000000000, R14=0x0000000015b8f1e8, R15=0x0000000015b8f000
RIP=0x00000000619bd9f3, EFLAGS=0x0000000000010246

Top of Stack: (sp=0x0000000017d5c3b0)
0x0000000017d5c3b0:   0000000017d5c770 0000000015b8f1e8
0x0000000017d5c3c0:   0000000015988320 0000000000000010
0x0000000017d5c3d0:   0000000015b8f000 0000000000000000
0x0000000017d5c3e0:   0000000015ba2700 0000000000000010
0x0000000017d5c3f0:   0000000017d5c770 000000001919d5d0
0x0000000017d5c400:   0000000000000000 0000000062d7a325
0x0000000017d5c410:   0000000061fdaaa0 0000000061fdaaa0
0x0000000017d5c420:   0000000000000000 0000000015b8f1e8
0x0000000017d5c430:   1621910b00000010 c353f47b01d11932
0x0000000017d5c440:   c353f47b01d11932 0000000001d11932
0x0000000017d5c450:   0000000000000000 0000002e62d79876
0x0000000017d5c460:   00000000ffffffff 0000000017d5c7c0
0x0000000017d5c470:   0000000000000190 00007ff95d10a4ce
0x0000000017d5c480:   1621910b00000010 c353f47b01d11932
0x0000000017d5c490:   c353f47b01d11932 0000000001d11932
0x0000000017d5c4a0:   0000000000000000 0000000000000700 

Instructions: (pc=0x00000000619bd9f3)
0x00000000619bd9d3:   7c 24 28 48 39 7b 08 74 0a 48 8d 4c 24 20 e8 9a
0x00000000619bd9e3:   63 11 00 48 8b 0e e8 f2 01 f1 ff 4c 8b c3 33 d2
0x00000000619bd9f3:   4c 8b 08 48 8b c8 41 ff 91 b0 00 00 00 48 8b f0
0x00000000619bda03:   48 39 7b 08 0f 84 9d 00 00 00 48 39 7c 24 28 74 


Register to memory mapping:

RAX=0x0000000000000000 is an unknown value
RBX=0x0000000015b8f000 is a thread
RCX=0x00000000eb203600 is an oop
java.lang.Object 
 - klass: 'java/lang/Object'
RDX=0x0000000000000000 is an unknown value
RSP=0x0000000017d5c3b0 is pointing into the stack for thread: 0x0000000015b8f000
RBP=0x0000000000000010 is an unknown value
RSI=0x000000000235ee38 is a global jni handle
RDI=0x0000000000000000 is an unknown value
R8 =0x0000000015b8f000 is a thread
R9 =0x0000000000000000 is an unknown value
R10=0x000000001919d340 is an unknown value
R11=0x0000000000000000 is an unknown value
R12=0x0000000000000010 is an unknown value
R13=0x0000000000000000 is an unknown value
R14=0x0000000015b8f1e8 is an unknown value
R15=0x0000000015b8f000 is a thread


Stack: [0x0000000017c60000,0x0000000017d60000],  sp=0x0000000017d5c3b0,  free space=1008k
Native frames: (J=compiled Java code, j=interpreted, Vv=VM code, C=native code)
V  [jvm.dll+0x14d9f3]
C  [java.dll+0xa325]
C  0x0000000002373894

Java frames: (J=compiled Java code, j=interpreted, Vv=VM code)
j  java.io.WinNTFileSystem.list(Ljava/io/File;)[Ljava/lang/String;+0
j  java.io.File.list()[Ljava/lang/String;+29
j  java.io.File.listFiles()[Ljava/io/File;+1
j  utils.Config.readConfig(Ljava/io/File;)V+19
j  utils.Config.<init>(Ljava/lang/String;)V+13
j  utils.Common.<init>()V+11
j  memo.viewer.EditDialog.setView()V+4
j  memo.viewer.EditDialog.access$2(Lmemo/viewer/EditDialog;)V+1
j  memo.viewer.EditDialog$6.actionPerformed(Ljava/awt/event/ActionEvent;)V+33
j  javax.swing.AbstractButton.fireActionPerformed(Ljava/awt/event/ActionEvent;)V+83
j  javax.swing.AbstractButton$Handler.actionPerformed(Ljava/awt/event/ActionEvent;)V+5
j  javax.swing.DefaultButtonModel.fireActionPerformed(Ljava/awt/event/ActionEvent;)V+34
j  javax.swing.DefaultButtonModel.setPressed(Z)V+117
j  javax.swing.plaf.basic.BasicButtonListener.mouseReleased(Ljava/awt/event/MouseEvent;)V+35
j  java.awt.Component.processMouseEvent(Ljava/awt/event/MouseEvent;)V+64
j  javax.swing.JComponent.processMouseEvent(Ljava/awt/event/MouseEvent;)V+23
J 882 C1 java.awt.Component.processEvent(Ljava/awt/AWTEvent;)V (220 bytes) @ 0x000000000267f364 [0x000000000267ee40+0x524]
J 770 C1 java.awt.Container.processEvent(Ljava/awt/AWTEvent;)V (22 bytes) @ 0x0000000002635f8c [0x0000000002635c60+0x32c]
J 763 C1 java.awt.Component.dispatchEventImpl(Ljava/awt/AWTEvent;)V (883 bytes) @ 0x000000000262bc04 [0x0000000002626700+0x5504]
J 590 C1 java.awt.Container.dispatchEventImpl(Ljava/awt/AWTEvent;)V (129 bytes) @ 0x00000000025a7404 [0x00000000025a72c0+0x144]
J 787 C1 java.awt.LightweightDispatcher.retargetMouseEvent(Ljava/awt/Component;ILjava/awt/event/MouseEvent;)V (350 bytes) @ 0x0000000002644914 [0x0000000002642360+0x25b4]
J 903 C1 java.awt.LightweightDispatcher.processMouseEvent(Ljava/awt/event/MouseEvent;)Z (301 bytes) @ 0x0000000002693dcc [0x0000000002692ae0+0x12ec]
J 814 C1 java.awt.LightweightDispatcher.dispatchEvent(Ljava/awt/AWTEvent;)Z (73 bytes) @ 0x000000000265563c [0x0000000002655200+0x43c]
J 590 C1 java.awt.Container.dispatchEventImpl(Ljava/awt/AWTEvent;)V (129 bytes) @ 0x00000000025a73a4 [0x00000000025a72c0+0xe4]
J 841 C1 java.awt.Window.dispatchEventImpl(Ljava/awt/AWTEvent;)V (23 bytes) @ 0x0000000002663e64 [0x0000000002663880+0x5e4]
J 690 C1 java.awt.EventQueue.dispatchEventImpl(Ljava/awt/AWTEvent;Ljava/lang/Object;)V (149 bytes) @ 0x00000000025e130c [0x00000000025dfc80+0x168c]
J 688 C1 java.awt.EventQueue$3.run()Ljava/lang/Void; (60 bytes) @ 0x00000000025d820c [0x00000000025d8000+0x20c]
J 687 C1 java.awt.EventQueue$3.run()Ljava/lang/Object; (5 bytes) @ 0x00000000025da74c [0x00000000025da6c0+0x8c]
v  ~StubRoutines::call_stub
J 542  java.security.AccessController.doPrivileged(Ljava/security/PrivilegedAction;Ljava/security/AccessControlContext;)Ljava/lang/Object; (0 bytes) @ 0x0000000002586b26 [0x0000000002586ac0+0x66]
J 544 C1 java.security.ProtectionDomain$1.doIntersectionPrivilege(Ljava/security/PrivilegedAction;Ljava/security/AccessControlContext;Ljava/security/AccessControlContext;)Ljava/lang/Object; (32 bytes) @ 0x0000000002589ddc [0x0000000002589ae0+0x2fc]
J 803 C1 java.awt.EventQueue$4.run()Ljava/lang/Object; (5 bytes) @ 0x000000000264ef0c [0x000000000264eb20+0x3ec]
v  ~StubRoutines::call_stub
J 542  java.security.AccessController.doPrivileged(Ljava/security/PrivilegedAction;Ljava/security/AccessControlContext;)Ljava/lang/Object; (0 bytes) @ 0x0000000002586b26 [0x0000000002586ac0+0x66]
J 603 C1 java.awt.EventQueue.dispatchEvent(Ljava/awt/AWTEvent;)V (80 bytes) @ 0x00000000025b04f4 [0x00000000025af840+0xcb4]
J 781 C1 java.awt.EventDispatchThread.pumpOneEventForFilters(I)V (295 bytes) @ 0x000000000263d69c [0x000000000263bb40+0x1b5c]
j  java.awt.EventDispatchThread.pumpEventsForFilter(ILjava/awt/Conditional;Ljava/awt/EventFilter;)V+35
j  java.awt.EventDispatchThread.pumpEventsForHierarchy(ILjava/awt/Conditional;Ljava/awt/Component;)V+11
j  java.awt.EventDispatchThread.pumpEvents(ILjava/awt/Conditional;)V+4
j  java.awt.EventDispatchThread.pumpEvents(Ljava/awt/Conditional;)V+3
j  java.awt.EventDispatchThread.run()V+9
v  ~StubRoutines::call_stub

---------------  P R O C E S S  ---------------

Java Threads: ( => current thread )
  0x00000000185a3000 JavaThread "TimerQueue" daemon [_thread_blocked, id=5204, stack(0x0000000019750000,0x0000000019850000)]
  0x000000001852e800 JavaThread "D3D Screen Updater" daemon [_thread_blocked, id=11424, stack(0x0000000018d60000,0x0000000018e60000)]
  0x0000000002260800 JavaThread "DestroyJavaVM" [_thread_blocked, id=5008, stack(0x0000000001e20000,0x0000000001f20000)]
=>0x0000000015b8f000 JavaThread "AWT-EventQueue-0" [_thread_in_vm, id=9044, stack(0x0000000017c60000,0x0000000017d60000)]
  0x0000000015b5b800 JavaThread "AWT-Windows" daemon [_thread_in_native, id=6316, stack(0x00000000162c0000,0x00000000163c0000)]
  0x0000000015b58000 JavaThread "AWT-Shutdown" [_thread_blocked, id=6300, stack(0x00000000161c0000,0x00000000162c0000)]
  0x0000000015b57000 JavaThread "Java2D Disposer" daemon [_thread_blocked, id=6376, stack(0x00000000160c0000,0x00000000161c0000)]
  0x0000000015868800 JavaThread "Service Thread" daemon [_thread_blocked, id=5268, stack(0x0000000015c50000,0x0000000015d50000)]
  0x0000000014773800 JavaThread "C1 CompilerThread1" daemon [_thread_blocked, id=8212, stack(0x0000000015750000,0x0000000015850000)]
  0x000000001476d800 JavaThread "C2 CompilerThread0" daemon [_thread_blocked, id=9992, stack(0x0000000015650000,0x0000000015750000)]
  0x000000001476b800 JavaThread "Attach Listener" daemon [_thread_blocked, id=4160, stack(0x0000000015550000,0x0000000015650000)]
  0x000000001476a800 JavaThread "Signal Dispatcher" daemon [_thread_blocked, id=3328, stack(0x0000000015450000,0x0000000015550000)]
  0x00000000146d7800 JavaThread "Finalizer" daemon [_thread_blocked, id=7308, stack(0x0000000015350000,0x0000000015450000)]
  0x00000000146d0000 JavaThread "Reference Handler" daemon [_thread_blocked, id=11764, stack(0x0000000015250000,0x0000000015350000)]

Other Threads:
  0x00000000146ca800 VMThread [stack: 0x0000000015150000,0x0000000015250000] [id=2800]
  0x00000000147be000 WatcherThread [stack: 0x0000000015d50000,0x0000000015e50000] [id=1648]

VM state:not at safepoint (normal execution)

VM Mutex/Monitor currently owned by a thread: None

Heap:
 PSYoungGen      total 18944K, used 10165K [0x00000000eb200000, 0x00000000ec700000, 0x0000000100000000)
  eden space 16384K, 62% used [0x00000000eb200000,0x00000000ebbed5c8,0x00000000ec200000)
  from space 2560K, 0% used [0x00000000ec480000,0x00000000ec480000,0x00000000ec700000)
  to   space 2560K, 0% used [0x00000000ec200000,0x00000000ec200000,0x00000000ec480000)
 ParOldGen       total 44032K, used 0K [0x00000000c1600000, 0x00000000c4100000, 0x00000000eb200000)
  object space 44032K, 0% used [0x00000000c1600000,0x00000000c1600000,0x00000000c4100000)
 Metaspace       used 12141K, capacity 12310K, committed 12416K, reserved 1060864K
  class space    used 1553K, capacity 1609K, committed 1664K, reserved 1048576K

Card table byte_map: [0x0000000011720000,0x0000000011920000] byte_map_base: 0x0000000011115000

Marking Bits: (ParMarkBitMap*) 0x000000006204b460
 Begin Bits: [0x0000000011c70000, 0x0000000012c18000)
 End Bits:   [0x0000000012c18000, 0x0000000013bc0000)

Polling page: 0x0000000000630000

CodeCache: size=245760Kb used=4041Kb max_used=4041Kb free=241718Kb
 bounds [0x0000000002360000, 0x0000000002760000, 0x0000000011360000]
 total_blobs=1687 nmethods=1169 adapters=432
 compilation: enabled

Compilation events (10 events):
Event: 27.439 Thread 0x0000000014773800 nmethod 1176 0x0000000002750a10 code [0x0000000002750b80, 0x0000000002750d90]
Event: 27.447 Thread 0x0000000014773800 1177       1       java.awt.WaitDispatchSupport::access$300 (5 bytes)
Event: 27.447 Thread 0x0000000014773800 nmethod 1177 0x0000000002750e50 code [0x0000000002750fa0, 0x0000000002751090]
Event: 27.579 Thread 0x000000001476d800 1178       4       java.awt.Component::getInputContext (16 bytes)
Event: 27.581 Thread 0x000000001476d800 nmethod 1178 0x0000000002753d90 code [0x0000000002753ee0, 0x0000000002753f78]
Event: 27.587 Thread 0x0000000014773800 1179       3       java.lang.String::<init> (15 bytes)
Event: 27.588 Thread 0x0000000014773800 nmethod 1179 0x0000000002753450 code [0x00000000027535e0, 0x00000000027539c8]
Event: 27.588 Thread 0x0000000014773800 1180       3       java.beans.PropertyChangeSupport::firePropertyChange (81 bytes)
Event: 27.590 Thread 0x0000000014773800 nmethod 1180 0x0000000002751d90 code [0x0000000002751fc0, 0x0000000002752f48]
Event: 27.592 Thread 0x0000000014773800 1181       3       java.io.WinNTFileSystem::prefixLength (91 bytes)

GC Heap History (0 events):
No events

Deoptimization events (4 events):
Event: 20.565 Thread 0x0000000015b8f000 Uncommon trap: reason=class_check action=maybe_recompile pc=0x000000000250939c method=java.lang.String.equals(Ljava/lang/Object;)Z @ 8
Event: 20.565 Thread 0x0000000015b8f000 Uncommon trap: reason=class_check action=maybe_recompile pc=0x000000000250939c method=java.lang.String.equals(Ljava/lang/Object;)Z @ 8
Event: 21.281 Thread 0x0000000015b8f000 Uncommon trap: reason=class_check action=maybe_recompile pc=0x000000000250939c method=java.lang.String.equals(Ljava/lang/Object;)Z @ 8
Event: 21.281 Thread 0x0000000015b8f000 Uncommon trap: reason=class_check action=maybe_recompile pc=0x000000000250939c method=java.lang.String.equals(Ljava/lang/Object;)Z @ 8

Internal exceptions (10 events):
Event: 18.710 Thread 0x0000000015b8f000 Exception <a 'java/security/PrivilegedActionException'> (0x00000000eb9ddcc0) thrown at [D:\re\workspace\8-2-build-windows-amd64-cygwin\jdk8u20\1074\hotspot\src\share\vm\prims\jvm.cpp, line 1275]
Event: 18.713 Thread 0x0000000015b8f000 Exception <a 'java/security/PrivilegedActionException'> (0x00000000eb9e0258) thrown at [D:\re\workspace\8-2-build-windows-amd64-cygwin\jdk8u20\1074\hotspot\src\share\vm\prims\jvm.cpp, line 1275]
Event: 18.714 Thread 0x0000000015b8f000 Exception <a 'java/security/PrivilegedActionException'> (0x00000000eb9e2828) thrown at [D:\re\workspace\8-2-build-windows-amd64-cygwin\jdk8u20\1074\hotspot\src\share\vm\prims\jvm.cpp, line 1275]
Event: 18.717 Thread 0x0000000015b8f000 Exception <a 'java/security/PrivilegedActionException'> (0x00000000eb9e5840) thrown at [D:\re\workspace\8-2-build-windows-amd64-cygwin\jdk8u20\1074\hotspot\src\share\vm\prims\jvm.cpp, line 1275]
Event: 18.720 Thread 0x0000000015b8f000 Exception <a 'java/security/PrivilegedActionException'> (0x00000000eb9e8c40) thrown at [D:\re\workspace\8-2-build-windows-amd64-cygwin\jdk8u20\1074\hotspot\src\share\vm\prims\jvm.cpp, line 1275]
Event: 24.127 Thread 0x0000000015b8f000 Exception <a 'java/lang/ClassCastException': java.awt.font.StyledParagraph cannot be cast to sun.font.Decoration$DecorationImpl> (0x00000000ebb768d8) thrown at [D:\re\workspace\8-2-build-windows-amd64-cygwin\jdk8u20\1074\hotspot\src\share\vm\interpreter\in•”¿¶$8@
Event: 24.143 Thread 0x0000000015b8f000 Exception <a 'java/lang/ClassCastException': java.awt.font.StyledParagraph cannot be cast to sun.font.Decoration$DecorationImpl> (0x00000000ebb7c390) thrown at [D:\re\workspace\8-2-build-windows-amd64-cygwin\jdk8u20\1074\hotspot\src\share\vm\interpreter\inøè¬∞*:@
Event: 26.016 Thread 0x0000000015b8f000 Exception <a 'java/security/PrivilegedActionException'> (0x00000000ebb98f08) thrown at [D:\re\workspace\8-2-build-windows-amd64-cygwin\jdk8u20\1074\hotspot\src\share\vm\prims\jvm.cpp, line 1275]
Event: 26.018 Thread 0x0000000015b8f000 Exception <a 'java/security/PrivilegedActionException'> (0x00000000ebb9ba10) thrown at [D:\re\workspace\8-2-build-windows-amd64-cygwin\jdk8u20\1074\hotspot\src\share\vm\prims\jvm.cpp, line 1275]
Event: 26.020 Thread 0x0000000015b8f000 Exception <a 'java/security/PrivilegedActionException'> (0x00000000ebb9e508) thrown at [D:\re\workspace\8-2-build-windows-amd64-cygwin\jdk8u20\1074\hotspot\src\share\vm\prims\jvm.cpp, line 1275]

Events (10 events):
Event: 26.055 loading class java/awt/WaitDispatchSupport$4
Event: 26.056 loading class java/awt/WaitDispatchSupport$4 done
Event: 27.022 loading class java/awt/event/MouseWheelEvent
Event: 27.022 loading class java/awt/event/MouseWheelEvent done
Event: 27.579 loading class java/awt/Window$1DisposeAction
Event: 27.580 loading class java/awt/Window$1DisposeAction done
Event: 27.581 loading class java/awt/KeyboardFocusManager$2
Event: 27.581 loading class java/awt/KeyboardFocusManager$2 done
Event: 27.581 loading class sun/awt/SunToolkit$1
Event: 27.581 loading class sun/awt/SunToolkit$1 done


Dynamic libraries:
0x00007ff7c66c0000 - 0x00007ff7c66f4000 	C:\Program Files\Java\jre1.8.0_20\bin\javaw.exe
0x00007ff95d0a0000 - 0x00007ff95d24c000 	C:\Windows\SYSTEM32\ntdll.dll
0x00007ff95b020000 - 0x00007ff95b15e000 	C:\Windows\system32\KERNEL32.DLL
0x00007ff95a550000 - 0x00007ff95a665000 	C:\Windows\system32\KERNELBASE.dll
0x00007ff958b10000 - 0x00007ff958b9e000 	C:\Windows\system32\apphelp.dll
0x00007ff949b80000 - 0x00007ff949bd3000 	C:\Windows\AppPatch\AppPatch64\AcGenral.DLL
0x00007ff95cff0000 - 0x00007ff95d09a000 	C:\Windows\system32\msvcrt.dll
0x00007ff959fc0000 - 0x00007ff959fee000 	C:\Windows\SYSTEM32\SspiCli.dll
0x00007ff95a7d0000 - 0x00007ff95a824000 	C:\Windows\system32\SHLWAPI.dll
0x00007ff95c8c0000 - 0x00007ff95ca37000 	C:\Windows\system32\USER32.dll
0x00007ff95cc40000 - 0x00007ff95cdd4000 	C:\Windows\system32\ole32.dll
0x00007ff95b380000 - 0x00007ff95c8ab000 	C:\Windows\system32\SHELL32.dll
0x00007ff959790000 - 0x00007ff9597b1000 	C:\Windows\SYSTEM32\USERENV.dll
0x00007ff95ca60000 - 0x00007ff95cb0a000 	C:\Windows\system32\ADVAPI32.dll
0x00007ff94e700000 - 0x00007ff94e71e000 	C:\Windows\SYSTEM32\MPR.dll
0x00007ff95cde0000 - 0x00007ff95cf21000 	C:\Windows\system32\RPCRT4.dll
0x00007ff95cb10000 - 0x00007ff95cb69000 	C:\Windows\SYSTEM32\sechost.dll
0x00007ff95b160000 - 0x00007ff95b371000 	C:\Windows\SYSTEM32\combase.dll
0x00007ff95ae70000 - 0x00007ff95afbf000 	C:\Windows\system32\GDI32.dll
0x00007ff95a1f0000 - 0x00007ff95a205000 	C:\Windows\SYSTEM32\profapi.dll
0x00007ff958620000 - 0x00007ff9586d2000 	C:\Windows\SYSTEM32\SHCORE.dll
0x00007ff95a720000 - 0x00007ff95a756000 	C:\Windows\system32\IMM32.DLL
0x00007ff95a830000 - 0x00007ff95a982000 	C:\Windows\system32\MSCTF.dll
0x00007ff957770000 - 0x00007ff9579eb000 	C:\Windows\WinSxS\amd64_microsoft.windows.common-controls_6595b64144ccf1df_6.0.9600.18006_none_623f33d3ecbe86e8\COMCTL32.dll
0x0000000062db0000 - 0x0000000062e82000 	C:\Program Files\Java\jre1.8.0_20\bin\msvcr100.dll
0x0000000061870000 - 0x00000000620c8000 	C:\Program Files\Java\jre1.8.0_20\bin\server\jvm.dll
0x00007ff951b10000 - 0x00007ff951b19000 	C:\Windows\SYSTEM32\WSOCK32.dll
0x00007ff951ba0000 - 0x00007ff951bc2000 	C:\Windows\SYSTEM32\WINMM.dll
0x00007ff95ac40000 - 0x00007ff95ac47000 	C:\Windows\system32\PSAPI.DLL
0x00007ff95a770000 - 0x00007ff95a7ca000 	C:\Windows\system32\WS2_32.dll
0x00007ff951b70000 - 0x00007ff951b9a000 	C:\Windows\SYSTEM32\WINMMBASE.dll
0x00007ff95c8b0000 - 0x00007ff95c8b9000 	C:\Windows\system32\NSI.dll
0x00007ff95a4a0000 - 0x00007ff95a4ef000 	C:\Windows\SYSTEM32\cfgmgr32.dll
0x00007ff959010000 - 0x00007ff959038000 	C:\Windows\SYSTEM32\DEVOBJ.dll
0x0000000062da0000 - 0x0000000062daf000 	C:\Program Files\Java\jre1.8.0_20\bin\verify.dll
0x0000000062d70000 - 0x0000000062d98000 	C:\Program Files\Java\jre1.8.0_20\bin\java.dll
0x0000000062830000 - 0x0000000062846000 	C:\Program Files\Java\jre1.8.0_20\bin\zip.dll
0x0000000061340000 - 0x00000000614d8000 	C:\Program Files\Java\jre1.8.0_20\bin\awt.dll
0x00007ff95ab70000 - 0x00007ff95ac31000 	C:\Windows\system32\OLEAUT32.dll
0x00007ff958390000 - 0x00007ff9583b1000 	C:\Windows\system32\DWMAPI.DLL
0x00007ff958e30000 - 0x00007ff958f59000 	C:\Windows\system32\uxtheme.dll
0x00007ff959000000 - 0x00007ff95900b000 	C:\Windows\SYSTEM32\kernel.appcore.dll
0x00007ff95a160000 - 0x00007ff95a16b000 	C:\Windows\SYSTEM32\CRYPTBASE.dll
0x00007ff959ff0000 - 0x00007ff95a053000 	C:\Windows\SYSTEM32\bcryptPrimitives.dll
0x00007ff936300000 - 0x00007ff936521000 	C:\Windows\system32\d3d9.dll
0x00007ff952fc0000 - 0x00007ff952fca000 	C:\Windows\SYSTEM32\VERSION.dll
0x00007ff92b210000 - 0x00007ff92bdb0000 	C:\Windows\SYSTEM32\igdumdim64.dll
0x00007ff954720000 - 0x00007ff954b60000 	C:\Windows\SYSTEM32\igdusc64.dll
0x0000000062810000 - 0x000000006282a000 	C:\Program Files\Java\jre1.8.0_20\bin\net.dll
0x00007ff959a00000 - 0x00007ff959a59000 	C:\Windows\system32\mswsock.dll
0x0000000061850000 - 0x0000000061861000 	C:\Program Files\Java\jre1.8.0_20\bin\nio.dll
0x0000000061780000 - 0x00000000617c7000 	C:\Program Files\Java\jre1.8.0_20\bin\fontmanager.dll
0x00007ff95cb80000 - 0x00007ff95cc36000 	C:\Windows\SYSTEM32\clbcatq.dll
0x00007ff953cf0000 - 0x00007ff953e9e000 	C:\Windows\SYSTEM32\WindowsCodecs.dll
0x00007ff959a60000 - 0x00007ff959a80000 	C:\Windows\SYSTEM32\CRYPTSP.dll
0x00007ff959680000 - 0x00007ff9596b6000 	C:\Windows\system32\rsaenh.dll
0x00007ff959d00000 - 0x00007ff959d26000 	C:\Windows\SYSTEM32\bcrypt.dll
0x0000000061730000 - 0x0000000061771000 	C:\Program Files\Java\jre1.8.0_20\bin\t2k.dll
0x00007ff93f480000 - 0x00007ff93f6c8000 	C:\Windows\System32\IME\IMEJP\imjptip.dll
0x00007ff955010000 - 0x00007ff95507a000 	C:\Windows\SYSTEM32\OLEACC.dll
0x00007ff954320000 - 0x00007ff95449f000 	C:\Windows\SYSTEM32\PROPSYS.dll
0x00007ff957540000 - 0x00007ff957572000 	C:\Windows\SYSTEM32\ntmarta.dll
0x00007ff93f260000 - 0x00007ff93f476000 	C:\Windows\System32\IME\IMEJP\imjpapi.dll
0x00007ff94a350000 - 0x00007ff94a38a000 	C:\Windows\System32\IME\shared\imjkapi.dll
0x00007ff93f170000 - 0x00007ff93f252000 	C:\Windows\System32\IME\IMEJP\imjppred.dll
0x00007ff93f050000 - 0x00007ff93f162000 	C:\Windows\System32\IME\shared\imetip.dll
0x00007ff958900000 - 0x00007ff958ac1000 	C:\Windows\SYSTEM32\DUI70.dll
0x00007ff952e10000 - 0x00007ff952e2f000 	C:\Windows\System32\IME\shared\imecfm.dll
0x00007ff952fd0000 - 0x00007ff953055000 	C:\Windows\SYSTEM32\wer.dll
0x00007ff958270000 - 0x00007ff95828f000 	C:\Windows\System32\IME\SHARED\imesearchdll.dll
0x00007ff941560000 - 0x00007ff941675000 	C:\Windows\System32\IME\IMEJP\imjplmp.dll
0x00007ff93e250000 - 0x00007ff93e3c0000 	C:\Windows\System32\IME\shared\mscand20.dll
0x00007ff951d80000 - 0x00007ff951d87000 	C:\Windows\SYSTEM32\MSIMG32.dll
0x00007ff958570000 - 0x00007ff958614000 	C:\Windows\SYSTEM32\DUser.dll
0x00007ff947a50000 - 0x00007ff947aa7000 	C:\Windows\System32\IME\SHARED\imelm.dll
0x00007ff956600000 - 0x00007ff95660e000 	C:\Windows\System32\IME\SHARED\imebrokerps.dll
0x00000000616a0000 - 0x00000000616ca000 	C:\Program Files\Java\jre1.8.0_20\bin\dcpr.dll
0x00007ff9580e0000 - 0x00007ff958269000 	C:\Windows\SYSTEM32\dbghelp.dll

VM Arguments:
jvm_args: -Dfile.encoding=MS932 
java_command: memo.Test
java_class_path (initial): C:\Users\Fumihiko\Documents\Git\Tools\Tools\bin
Launcher Type: SUN_STANDARD

Environment Variables:
PATH=C:\ProgramData\Oracle\Java\javapath;c:\Program Files (x86)\Intel\iCLS Client\;c:\Program Files\Intel\iCLS Client\;C:\Windows\system32;C:\Windows;C:\Windows\System32\Wbem;C:\Windows\System32\WindowsPowerShell\v1.0\;C:\Program Files\Intel\Intel(R) Management Engine Components\DAL;C:\Program Files\Intel\Intel(R) Management Engine Components\IPT;C:\Program Files (x86)\Intel\Intel(R) Management Engine Components\DAL;C:\Program Files (x86)\Intel\Intel(R) Management Engine Components\IPT;C:\Program Files\Intel\WiFi\bin\;C:\Program Files\Common Files\Intel\WirelessCommon\;C:\Program Files\Sony\VAIO Improvement;c:\Program Files (x86)\Sony\VAIO BIOS Data Transfer Utility\;C:\Program Files (x86)\Sony\VAIO Startup Setting Tool;C:\w32tex\bin;c:\Program Files (x86)\gs\gs9.14\bin;C:\Program Files (x86)\Skype\Phone\;C:\RailsInstaller\Git\cmd;C:\RailsInstaller\Ruby2.0.0\bin;C:\Program Files (x86)\Vim\vim74;C:\Program Files (x86)\Java\jdk1.8.0\bin;C:\Users\Fumihiko\Android\android-sdk\tools;C:\Users\Fumihiko\Android\android-sdk\platform-tools
USERNAME=Fumihiko
OS=Windows_NT
PROCESSOR_IDENTIFIER=Intel64 Family 6 Model 69 Stepping 1, GenuineIntel



---------------  S Y S T E M  ---------------

OS: Windows 8.1 , 64 bit Build 9600 

CPU:total 2 (2 cores per cpu, 1 threads per core) family 6 model 69 stepping 1, cmov, cx8, fxsr, mmx, sse, sse2, sse3, ssse3, sse4.1, sse4.2, popcnt, clmul, erms, lzcnt, tsc, tscinvbit

Memory: 4k page, physical 4103988k(1092716k free), swap 8298292k(3048612k free)

vm_info: Java HotSpot(TM) 64-Bit Server VM (25.20-b23) for windows-amd64 JRE (1.8.0_20-b26), built on Jul 30 2014 13:51:23 by "java_re" with MS VC++ 10.0 (VS2010)

time: Wed Nov 11 23:07:53 2015
elapsed time: 27 seconds (0d 0h 0m 27s)

