#
# A fatal error has been detected by the Java Runtime Environment:
#
#  EXCEPTION_ACCESS_VIOLATION (0xc0000005) at pc=0x000000006a4edbe7, pid=9740, tid=10016
#
# JRE version: Java(TM) SE Runtime Environment (8.0_20-b26) (build 1.8.0_20-b26)
# Java VM: Java HotSpot(TM) 64-Bit Server VM (25.20-b23 mixed mode windows-amd64 compressed oops)
# Problematic frame:
# V  [jvm.dll+0x5dbe7]
#
# Failed to write core dump. Minidumps are not enabled by default on client versions of Windows
#
# If you would like to submit a bug report, please visit:
#   http://bugreport.sun.com/bugreport/crash.jsp
#

---------------  T H R E A D  ---------------

Current thread (0x00000000165d6000):  JavaThread "AWT-EventQueue-0" [_thread_in_vm, id=10016, stack(0x00000000184e0000,0x00000000185e0000)]

siginfo: ExceptionCode=0xc0000005, reading address 0x0000000000000040

Registers:
RAX=0x0000000000000040, RBX=0x00000000165d6000, RCX=0x0000000000000000, RDX=0x0000000000000010
RSP=0x00000000185dc4c8, RBP=0x0000000000000010, RSI=0x0000000002c4ee38, RDI=0x0000000000000000
R8 =0x0000000002c4ee38, R9 =0x0000000000000000, R10=0x00000000199cf5c0, R11=0x0000000000000000
R12=0x0000000000000010, R13=0x0000000000000000, R14=0x00000000165d61e8, R15=0x00000000165d6000
RIP=0x000000006a4edbe7, EFLAGS=0x0000000000010246

Top of Stack: (sp=0x00000000185dc4c8)
0x00000000185dc4c8:   000000006a5dd9ee 00000000185dc890
0x00000000185dc4d8:   00000000165d61e8 00000000164c6ce0
0x00000000185dc4e8:   0000000000000010 00000000165d6000
0x00000000185dc4f8:   0000000000000000 00000000165fd6a0
0x00000000185dc508:   0000000000000010 00000000185dc890
0x00000000185dc518:   00000000199d0450 0000000000000000
0x00000000185dc528:   000000006b57a325 000000006abfaaa0
0x00000000185dc538:   000000006abfaaa0 0000000000000000
0x00000000185dc548:   00000000165d61e8 1621910b00000010
0x00000000185dc558:   c353f47b01d11932 c353f47b01d11932
0x00000000185dc568:   0000000001d11932 0000000000000000
0x00000000185dc578:   0000002e6b579876 00000000ffffffff
0x00000000185dc588:   00000000185dc8e0 0000000000000190
0x00000000185dc598:   00007ff8c847a2ae 1621910b00000010
0x00000000185dc5a8:   c353f47b01d11932 c353f47b01d11932
0x00000000185dc5b8:   0000000001d11932 0000000000000000 

Instructions: (pc=0x000000006a4edbe7)
0x000000006a4edbc7:   89 14 08 c3 cc cc cc cc cc 48 63 05 b1 c3 75 00
0x000000006a4edbd7:   8b 04 08 c3 cc cc cc cc cc 48 63 05 91 c3 75 00
0x000000006a4edbe7:   48 8b 04 08 c3 cc cc cc cc 48 63 05 81 c3 75 00
0x000000006a4edbf7:   48 89 14 08 c3 cc cc cc cc 48 63 05 71 c3 75 00 


Register to memory mapping:

RAX=0x0000000000000040 is an unknown value
RBX=0x00000000165d6000 is a thread
RCX=0x0000000000000000 is an unknown value
RDX=0x0000000000000010 is an unknown value
RSP=0x00000000185dc4c8 is pointing into the stack for thread: 0x00000000165d6000
RBP=0x0000000000000010 is an unknown value
RSI=0x0000000002c4ee38 is a global jni handle
RDI=0x0000000000000000 is an unknown value
R8 =0x0000000002c4ee38 is a global jni handle
R9 =0x0000000000000000 is an unknown value
R10=0x00000000199cf5c0 is an unknown value
R11=0x0000000000000000 is an unknown value
R12=0x0000000000000010 is an unknown value
R13=0x0000000000000000 is an unknown value
R14=0x00000000165d61e8 is an unknown value
R15=0x00000000165d6000 is a thread


Stack: [0x00000000184e0000,0x00000000185e0000],  sp=0x00000000185dc4c8,  free space=1009k
Native frames: (J=compiled Java code, j=interpreted, Vv=VM code, C=native code)
V  [jvm.dll+0x5dbe7]

Java frames: (J=compiled Java code, j=interpreted, Vv=VM code)
j  java.io.WinNTFileSystem.list(Ljava/io/File;)[Ljava/lang/String;+0
j  java.io.File.list()[Ljava/lang/String;+29
j  java.io.File.listFiles()[Ljava/io/File;+1
j  utils.Config.readConfig(Ljava/io/File;)V+19
j  utils.Config.<init>(Ljava/lang/String;)V+13
j  utils.Common.<init>()V+11
j  memo.viewer.EditDialog.setView()V+4
j  memo.viewer.EditDialog.<init>(Lmemo/StructuredMemo;)V+10
j  memo.viewer.MemoViewer$1.actionPerformed(Ljava/awt/event/ActionEvent;)V+11
j  javax.swing.AbstractButton.fireActionPerformed(Ljava/awt/event/ActionEvent;)V+83
j  javax.swing.AbstractButton$Handler.actionPerformed(Ljava/awt/event/ActionEvent;)V+5
j  javax.swing.DefaultButtonModel.fireActionPerformed(Ljava/awt/event/ActionEvent;)V+34
j  javax.swing.DefaultButtonModel.setPressed(Z)V+117
j  javax.swing.plaf.basic.BasicButtonListener.mouseReleased(Ljava/awt/event/MouseEvent;)V+35
j  java.awt.Component.processMouseEvent(Ljava/awt/event/MouseEvent;)V+64
j  javax.swing.JComponent.processMouseEvent(Ljava/awt/event/MouseEvent;)V+23
J 1033 C1 java.awt.Component.processEvent(Ljava/awt/AWTEvent;)V (220 bytes) @ 0x00000000030dc6e4 [0x00000000030dc1c0+0x524]
J 848 C1 java.awt.Container.processEvent(Ljava/awt/AWTEvent;)V (22 bytes) @ 0x000000000305ae0c [0x000000000305aae0+0x32c]
J 897 C1 java.awt.Component.dispatchEventImpl(Ljava/awt/AWTEvent;)V (883 bytes) @ 0x0000000003082fcc [0x000000000307db20+0x54ac]
J 746 C1 java.awt.Container.dispatchEventImpl(Ljava/awt/AWTEvent;)V (129 bytes) @ 0x0000000002ff8b04 [0x0000000002ff89c0+0x144]
J 833 C1 java.awt.LightweightDispatcher.retargetMouseEvent(Ljava/awt/Component;ILjava/awt/event/MouseEvent;)V (350 bytes) @ 0x000000000305505c [0x0000000003052b00+0x255c]
J 900 C1 java.awt.LightweightDispatcher.processMouseEvent(Ljava/awt/event/MouseEvent;)Z (301 bytes) @ 0x000000000308bfac [0x000000000308aca0+0x130c]
J 963 C1 java.awt.LightweightDispatcher.dispatchEvent(Ljava/awt/AWTEvent;)Z (73 bytes) @ 0x00000000030b51fc [0x00000000030b4dc0+0x43c]
J 746 C1 java.awt.Container.dispatchEventImpl(Ljava/awt/AWTEvent;)V (129 bytes) @ 0x0000000002ff8aa4 [0x0000000002ff89c0+0xe4]
J 813 C1 java.awt.Window.dispatchEventImpl(Ljava/awt/AWTEvent;)V (23 bytes) @ 0x00000000030421a4 [0x0000000003041bc0+0x5e4]
J 662 C1 java.awt.EventQueue.dispatchEventImpl(Ljava/awt/AWTEvent;Ljava/lang/Object;)V (149 bytes) @ 0x0000000002fc770c [0x0000000002fc6080+0x168c]
J 660 C1 java.awt.EventQueue$3.run()Ljava/lang/Void; (60 bytes) @ 0x0000000002fc54cc [0x0000000002fc52c0+0x20c]
J 659 C1 java.awt.EventQueue$3.run()Ljava/lang/Object; (5 bytes) @ 0x0000000002fc4f4c [0x0000000002fc4ec0+0x8c]
v  ~StubRoutines::call_stub
J 560  java.security.AccessController.doPrivileged(Ljava/security/PrivilegedAction;Ljava/security/AccessControlContext;)Ljava/lang/Object; (0 bytes) @ 0x0000000002f8bce6 [0x0000000002f8bc80+0x66]
J 563 C1 java.security.ProtectionDomain$1.doIntersectionPrivilege(Ljava/security/PrivilegedAction;Ljava/security/AccessControlContext;Ljava/security/AccessControlContext;)Ljava/lang/Object; (32 bytes) @ 0x0000000002f8d0dc [0x0000000002f8cde0+0x2fc]
J 805 C1 java.awt.EventQueue$4.run()Ljava/lang/Object; (5 bytes) @ 0x0000000003039c0c [0x0000000003039820+0x3ec]
v  ~StubRoutines::call_stub
J 560  java.security.AccessController.doPrivileged(Ljava/security/PrivilegedAction;Ljava/security/AccessControlContext;)Ljava/lang/Object; (0 bytes) @ 0x0000000002f8bce6 [0x0000000002f8bc80+0x66]
J 612 C1 java.awt.EventQueue.dispatchEvent(Ljava/awt/AWTEvent;)V (80 bytes) @ 0x0000000002fa83f4 [0x0000000002fa7740+0xcb4]
J 720 C1 java.awt.EventDispatchThread.pumpOneEventForFilters(I)V (295 bytes) @ 0x0000000002feb3dc [0x0000000002fe9880+0x1b5c]
j  java.awt.EventDispatchThread.pumpEventsForFilter(ILjava/awt/Conditional;Ljava/awt/EventFilter;)V+35
j  java.awt.EventDispatchThread.pumpEventsForHierarchy(ILjava/awt/Conditional;Ljava/awt/Component;)V+11
j  java.awt.EventDispatchThread.pumpEvents(ILjava/awt/Conditional;)V+4
j  java.awt.EventDispatchThread.pumpEvents(Ljava/awt/Conditional;)V+3
j  java.awt.EventDispatchThread.run()V+9
v  ~StubRoutines::call_stub

---------------  P R O C E S S  ---------------

Java Threads: ( => current thread )
  0x0000000018d13800 JavaThread "TimerQueue" daemon [_thread_blocked, id=8816, stack(0x000000001a0a0000,0x000000001a1a0000)]
  0x0000000016499000 JavaThread "D3D Screen Updater" daemon [_thread_blocked, id=2600, stack(0x00000000195a0000,0x00000000196a0000)]
  0x0000000002b50800 JavaThread "DestroyJavaVM" [_thread_blocked, id=6344, stack(0x0000000002740000,0x0000000002840000)]
=>0x00000000165d6000 JavaThread "AWT-EventQueue-0" [_thread_in_vm, id=10016, stack(0x00000000184e0000,0x00000000185e0000)]
  0x000000001655b800 JavaThread "AWT-Windows" daemon [_thread_in_native, id=8276, stack(0x0000000016b40000,0x0000000016c40000)]
  0x000000001655a800 JavaThread "AWT-Shutdown" [_thread_blocked, id=6028, stack(0x0000000016a40000,0x0000000016b40000)]
  0x0000000016559800 JavaThread "Java2D Disposer" daemon [_thread_blocked, id=2368, stack(0x0000000016940000,0x0000000016a40000)]
  0x00000000151ac800 JavaThread "Service Thread" daemon [_thread_blocked, id=9896, stack(0x0000000016640000,0x0000000016740000)]
  0x00000000151a8000 JavaThread "C1 CompilerThread1" daemon [_thread_blocked, id=3088, stack(0x0000000016140000,0x0000000016240000)]
  0x000000001515e000 JavaThread "C2 CompilerThread0" daemon [_thread_blocked, id=8452, stack(0x0000000016040000,0x0000000016140000)]
  0x000000001515c000 JavaThread "Attach Listener" daemon [_thread_blocked, id=5960, stack(0x0000000015f40000,0x0000000016040000)]
  0x000000001515b800 JavaThread "Signal Dispatcher" daemon [_thread_blocked, id=10144, stack(0x0000000015e40000,0x0000000015f40000)]
  0x00000000150c8800 JavaThread "Finalizer" daemon [_thread_blocked, id=2940, stack(0x0000000015d40000,0x0000000015e40000)]
  0x00000000150c0000 JavaThread "Reference Handler" daemon [_thread_blocked, id=8504, stack(0x0000000015c40000,0x0000000015d40000)]

Other Threads:
  0x00000000150ba800 VMThread [stack: 0x0000000015b40000,0x0000000015c40000] [id=6420]
  0x0000000016263000 WatcherThread [stack: 0x0000000016740000,0x0000000016840000] [id=8872]

VM state:not at safepoint (normal execution)

VM Mutex/Monitor currently owned by a thread: None

Heap:
 PSYoungGen      total 18944K, used 11189K [0x00000000eb200000, 0x00000000ec700000, 0x0000000100000000)
  eden space 16384K, 68% used [0x00000000eb200000,0x00000000ebced430,0x00000000ec200000)
  from space 2560K, 0% used [0x00000000ec480000,0x00000000ec480000,0x00000000ec700000)
  to   space 2560K, 0% used [0x00000000ec200000,0x00000000ec200000,0x00000000ec480000)
 ParOldGen       total 44032K, used 0K [0x00000000c1600000, 0x00000000c4100000, 0x00000000eb200000)
  object space 44032K, 0% used [0x00000000c1600000,0x00000000c1600000,0x00000000c4100000)
 Metaspace       used 11728K, capacity 11906K, committed 12032K, reserved 1060864K
  class space    used 1480K, capacity 1515K, committed 1536K, reserved 1048576K

Card table byte_map: [0x0000000012110000,0x0000000012310000] byte_map_base: 0x0000000011b05000

Marking Bits: (ParMarkBitMap*) 0x000000006ac6b460
 Begin Bits: [0x0000000012660000, 0x0000000013608000)
 End Bits:   [0x0000000013608000, 0x00000000145b0000)

Polling page: 0x0000000000e40000

CodeCache: size=245760Kb used=4289Kb max_used=4308Kb free=241470Kb
 bounds [0x0000000002d50000, 0x0000000003190000, 0x0000000011d50000]
 total_blobs=1772 nmethods=1270 adapters=416
 compilation: enabled

Compilation events (10 events):
Event: 49.840 Thread 0x00000000151a8000 1288       3       sun.java2d.SurfaceDataProxy$1::replaceData (2 bytes)
Event: 49.840 Thread 0x00000000151a8000 nmethod 1288 0x0000000003174950 code [0x0000000003174aa0, 0x0000000003174bf0]
Event: 50.021 Thread 0x000000001515e000 1289   !   4       sun.awt.PostEventQueue::flush (168 bytes)
Event: 50.355 Thread 0x000000001515e000 nmethod 1289 0x000000000317be50 code [0x000000000317c340, 0x0000000003180758]
Event: 50.767 Thread 0x00000000151a8000 1290       3       sun.java2d.pipe.ValidatePipe::fillRect (25 bytes)
Event: 50.768 Thread 0x00000000151a8000 nmethod 1290 0x000000000317b3d0 code [0x000000000317b580, 0x000000000317bb88]
Event: 50.886 Thread 0x00000000151a8000 1291   !   3       java.awt.Container::isParentOf (49 bytes)
Event: 50.887 Thread 0x00000000151a8000 nmethod 1291 0x000000000317a950 code [0x000000000317aae0, 0x000000000317b1e8]
Event: 50.888 Thread 0x00000000151a8000 1292       3       java.io.WinNTFileSystem::prefixLength (91 bytes)
Event: 50.890 Thread 0x00000000151a8000 nmethod 1292 0x0000000003179790 code [0x0000000003179980, 0x000000000317a4e8]

GC Heap History (0 events):
No events

Deoptimization events (4 events):
Event: 25.263 Thread 0x00000000165d6000 Uncommon trap: reason=class_check action=maybe_recompile pc=0x0000000002ef559c method=java.lang.String.equals(Ljava/lang/Object;)Z @ 8
Event: 25.263 Thread 0x00000000165d6000 Uncommon trap: reason=class_check action=maybe_recompile pc=0x0000000002ef559c method=java.lang.String.equals(Ljava/lang/Object;)Z @ 8
Event: 25.264 Thread 0x00000000165d6000 Uncommon trap: reason=class_check action=maybe_recompile pc=0x0000000002ef559c method=java.lang.String.equals(Ljava/lang/Object;)Z @ 8
Event: 25.265 Thread 0x00000000165d6000 Uncommon trap: reason=class_check action=maybe_recompile pc=0x0000000002ef559c method=java.lang.String.equals(Ljava/lang/Object;)Z @ 8

Internal exceptions (10 events):
Event: 5.224 Thread 0x0000000002b50800 Exception <a 'java/security/PrivilegedActionException'> (0x00000000eb67da50) thrown at [D:\re\workspace\8-2-build-windows-amd64-cygwin\jdk8u20\1074\hotspot\src\share\vm\prims\jvm.cpp, line 1275]
Event: 11.302 Thread 0x00000000165d6000 Exception <a 'java/security/PrivilegedActionException'> (0x00000000eb8c16c8) thrown at [D:\re\workspace\8-2-build-windows-amd64-cygwin\jdk8u20\1074\hotspot\src\share\vm\prims\jvm.cpp, line 1275]
Event: 11.399 Thread 0x00000000165d6000 Exception <a 'java/security/PrivilegedActionException'> (0x00000000eb8d36d0) thrown at [D:\re\workspace\8-2-build-windows-amd64-cygwin\jdk8u20\1074\hotspot\src\share\vm\prims\jvm.cpp, line 1275]
Event: 11.476 Thread 0x00000000165d6000 Exception <a 'java/security/PrivilegedActionException'> (0x00000000eb8d65e8) thrown at [D:\re\workspace\8-2-build-windows-amd64-cygwin\jdk8u20\1074\hotspot\src\share\vm\prims\jvm.cpp, line 1275]
Event: 11.525 Thread 0x00000000165d6000 Exception <a 'java/security/PrivilegedActionException'> (0x00000000eb8d8b80) thrown at [D:\re\workspace\8-2-build-windows-amd64-cygwin\jdk8u20\1074\hotspot\src\share\vm\prims\jvm.cpp, line 1275]
Event: 11.561 Thread 0x00000000165d6000 Exception <a 'java/security/PrivilegedActionException'> (0x00000000eb8db150) thrown at [D:\re\workspace\8-2-build-windows-amd64-cygwin\jdk8u20\1074\hotspot\src\share\vm\prims\jvm.cpp, line 1275]
Event: 11.627 Thread 0x00000000165d6000 Exception <a 'java/security/PrivilegedActionException'> (0x00000000eb8e0428) thrown at [D:\re\workspace\8-2-build-windows-amd64-cygwin\jdk8u20\1074\hotspot\src\share\vm\prims\jvm.cpp, line 1275]
Event: 11.634 Thread 0x00000000165d6000 Exception <a 'java/security/PrivilegedActionException'> (0x00000000eb8e5fb8) thrown at [D:\re\workspace\8-2-build-windows-amd64-cygwin\jdk8u20\1074\hotspot\src\share\vm\prims\jvm.cpp, line 1275]
Event: 33.070 Thread 0x00000000165d6000 Exception <a 'java/security/PrivilegedActionException'> (0x00000000eba300f0) thrown at [D:\re\workspace\8-2-build-windows-amd64-cygwin\jdk8u20\1074\hotspot\src\share\vm\prims\jvm.cpp, line 1275]
Event: 33.600 Thread 0x00000000165d6000 Exception <a 'java/security/PrivilegedActionException'> (0x00000000eba326f0) thrown at [D:\re\workspace\8-2-build-windows-amd64-cygwin\jdk8u20\1074\hotspot\src\share\vm\prims\jvm.cpp, line 1275]

Events (10 events):
Event: 42.903 Thread 0x00000000151a8000 flushing nmethod 0x0000000002f34f90
Event: 42.903 Thread 0x00000000151a8000 flushing nmethod 0x0000000002f3c890
Event: 42.903 Thread 0x00000000151a8000 flushing nmethod 0x0000000002f3e310
Event: 42.905 Thread 0x00000000151a8000 flushing nmethod 0x0000000002f5e550
Event: 42.908 loading class sun/awt/image/BufferedImageDevice
Event: 42.908 loading class sun/awt/image/BufferedImageDevice done
Event: 47.271 Executing VM operation: BulkRevokeBias
Event: 47.272 Executing VM operation: BulkRevokeBias done
Event: 48.858 Executing VM operation: BulkRevokeBias
Event: 48.858 Executing VM operation: BulkRevokeBias done


Dynamic libraries:
0x00007ff768660000 - 0x00007ff768694000 	C:\Program Files\Java\jre1.8.0_20\bin\javaw.exe
0x00007ff8c8410000 - 0x00007ff8c85bc000 	C:\Windows\SYSTEM32\ntdll.dll
0x00007ff8c80b0000 - 0x00007ff8c81ee000 	C:\Windows\system32\KERNEL32.DLL
0x00007ff8c5870000 - 0x00007ff8c5985000 	C:\Windows\system32\KERNELBASE.dll
0x00007ff8c4100000 - 0x00007ff8c418e000 	C:\Windows\system32\apphelp.dll
0x00007ff8b02a0000 - 0x00007ff8b02f3000 	C:\Windows\AppPatch\AppPatch64\AcGenral.DLL
0x00007ff8c6130000 - 0x00007ff8c61da000 	C:\Windows\system32\msvcrt.dll
0x00007ff8c5330000 - 0x00007ff8c535e000 	C:\Windows\SYSTEM32\SspiCli.dll
0x00007ff8c81f0000 - 0x00007ff8c8244000 	C:\Windows\system32\SHLWAPI.dll
0x00007ff8c5ee0000 - 0x00007ff8c6057000 	C:\Windows\system32\USER32.dll
0x00007ff8c5c50000 - 0x00007ff8c5de4000 	C:\Windows\system32\ole32.dll
0x00007ff8c68d0000 - 0x00007ff8c7dfb000 	C:\Windows\system32\SHELL32.dll
0x00007ff8c4b00000 - 0x00007ff8c4b21000 	C:\Windows\SYSTEM32\USERENV.dll
0x00007ff8c5e30000 - 0x00007ff8c5eda000 	C:\Windows\system32\ADVAPI32.dll
0x00007ff8b9160000 - 0x00007ff8b917e000 	C:\Windows\SYSTEM32\MPR.dll
0x00007ff8c7e00000 - 0x00007ff8c7f41000 	C:\Windows\system32\RPCRT4.dll
0x00007ff8c83b0000 - 0x00007ff8c8409000 	C:\Windows\SYSTEM32\sechost.dll
0x00007ff8c6310000 - 0x00007ff8c6521000 	C:\Windows\SYSTEM32\combase.dll
0x00007ff8c5aa0000 - 0x00007ff8c5bef000 	C:\Windows\system32\GDI32.dll
0x00007ff8c5560000 - 0x00007ff8c5575000 	C:\Windows\SYSTEM32\profapi.dll
0x00007ff8c3ad0000 - 0x00007ff8c3b82000 	C:\Windows\SYSTEM32\SHCORE.dll
0x00007ff8c5df0000 - 0x00007ff8c5e26000 	C:\Windows\system32\IMM32.DLL
0x00007ff8c7f50000 - 0x00007ff8c80a2000 	C:\Windows\system32\MSCTF.dll
0x00007ff8c2d90000 - 0x00007ff8c300b000 	C:\Windows\WinSxS\amd64_microsoft.windows.common-controls_6595b64144ccf1df_6.0.9600.18006_none_623f33d3ecbe86e8\COMCTL32.dll
0x000000006acf0000 - 0x000000006adc2000 	C:\Program Files\Java\jre1.8.0_20\bin\msvcr100.dll
0x000000006a490000 - 0x000000006ace8000 	C:\Program Files\Java\jre1.8.0_20\bin\server\jvm.dll
0x00007ff8bc980000 - 0x00007ff8bc989000 	C:\Windows\SYSTEM32\WSOCK32.dll
0x00007ff8be8c0000 - 0x00007ff8be8e2000 	C:\Windows\SYSTEM32\WINMM.dll
0x00007ff8c6530000 - 0x00007ff8c6537000 	C:\Windows\system32\PSAPI.DLL
0x00007ff8c61e0000 - 0x00007ff8c623a000 	C:\Windows\system32\WS2_32.dll
0x00007ff8be890000 - 0x00007ff8be8ba000 	C:\Windows\SYSTEM32\WINMMBASE.dll
0x00007ff8c83a0000 - 0x00007ff8c83a9000 	C:\Windows\system32\NSI.dll
0x00007ff8c5a40000 - 0x00007ff8c5a8f000 	C:\Windows\SYSTEM32\cfgmgr32.dll
0x00007ff8c4370000 - 0x00007ff8c4398000 	C:\Windows\SYSTEM32\DEVOBJ.dll
0x000000006b5a0000 - 0x000000006b5af000 	C:\Program Files\Java\jre1.8.0_20\bin\verify.dll
0x000000006b570000 - 0x000000006b598000 	C:\Program Files\Java\jre1.8.0_20\bin\java.dll
0x000000006b550000 - 0x000000006b566000 	C:\Program Files\Java\jre1.8.0_20\bin\zip.dll
0x000000006a2c0000 - 0x000000006a458000 	C:\Program Files\Java\jre1.8.0_20\bin\awt.dll
0x00007ff8c6060000 - 0x00007ff8c6121000 	C:\Windows\system32\OLEAUT32.dll
0x00007ff8c38d0000 - 0x00007ff8c38f1000 	C:\Windows\system32\DWMAPI.DLL
0x00007ff8c4220000 - 0x00007ff8c4349000 	C:\Windows\system32\uxtheme.dll
0x00007ff8c43a0000 - 0x00007ff8c43ab000 	C:\Windows\SYSTEM32\kernel.appcore.dll
0x00007ff8c53d0000 - 0x00007ff8c53db000 	C:\Windows\SYSTEM32\CRYPTBASE.dll
0x00007ff8c5360000 - 0x00007ff8c53c3000 	C:\Windows\SYSTEM32\bcryptPrimitives.dll
0x00007ff89ef00000 - 0x00007ff89f121000 	C:\Windows\system32\d3d9.dll
0x00007ff8bd6e0000 - 0x00007ff8bd6ea000 	C:\Windows\SYSTEM32\VERSION.dll
0x00007ff89e360000 - 0x00007ff89ef00000 	C:\Windows\SYSTEM32\igdumdim64.dll
0x00007ff8c1740000 - 0x00007ff8c1b80000 	C:\Windows\SYSTEM32\igdusc64.dll
0x000000006a270000 - 0x000000006a2b7000 	C:\Program Files\Java\jre1.8.0_20\bin\fontmanager.dll
0x00007ff8c6240000 - 0x00007ff8c62f6000 	C:\Windows\SYSTEM32\clbcatq.dll
0x00007ff8c3720000 - 0x00007ff8c38ce000 	C:\Windows\SYSTEM32\WindowsCodecs.dll
0x00007ff8c4dd0000 - 0x00007ff8c4df0000 	C:\Windows\SYSTEM32\CRYPTSP.dll
0x00007ff8c49f0000 - 0x00007ff8c4a26000 	C:\Windows\system32\rsaenh.dll
0x00007ff8c5020000 - 0x00007ff8c5046000 	C:\Windows\SYSTEM32\bcrypt.dll
0x000000006b530000 - 0x000000006b54a000 	C:\Program Files\Java\jre1.8.0_20\bin\net.dll
0x00007ff8c4d70000 - 0x00007ff8c4dc9000 	C:\Windows\system32\mswsock.dll
0x000000006b510000 - 0x000000006b521000 	C:\Program Files\Java\jre1.8.0_20\bin\nio.dll
0x000000006a220000 - 0x000000006a261000 	C:\Program Files\Java\jre1.8.0_20\bin\t2k.dll
0x00007ff8b5cb0000 - 0x00007ff8b5ef8000 	C:\Windows\System32\IME\IMEJP\imjptip.dll
0x00007ff8c1390000 - 0x00007ff8c13fa000 	C:\Windows\SYSTEM32\OLEACC.dll
0x00007ff8c0a70000 - 0x00007ff8c0bef000 	C:\Windows\SYSTEM32\PROPSYS.dll
0x00007ff8be270000 - 0x00007ff8be2a2000 	C:\Windows\SYSTEM32\ntmarta.dll
0x00007ff8bc060000 - 0x00007ff8bc276000 	C:\Windows\System32\IME\IMEJP\imjpapi.dll
0x00007ff8c1bb0000 - 0x00007ff8c1bea000 	C:\Windows\System32\IME\shared\imjkapi.dll
0x00007ff8b5a20000 - 0x00007ff8b5b02000 	C:\Windows\System32\IME\IMEJP\imjppred.dll
0x00007ff8b5570000 - 0x00007ff8b5682000 	C:\Windows\System32\IME\shared\imetip.dll
0x00007ff8c3900000 - 0x00007ff8c3ac1000 	C:\Windows\SYSTEM32\DUI70.dll
0x00007ff8c1b90000 - 0x00007ff8c1baf000 	C:\Windows\System32\IME\shared\imecfm.dll
0x00007ff8bd6f0000 - 0x00007ff8bd775000 	C:\Windows\SYSTEM32\wer.dll
0x00007ff8c09c0000 - 0x00007ff8c09df000 	C:\Windows\System32\IME\SHARED\imesearchdll.dll
0x00007ff8a9d00000 - 0x00007ff8a9e15000 	C:\Windows\System32\IME\IMEJP\imjplmp.dll
0x00007ff8acca0000 - 0x00007ff8accf7000 	C:\Windows\System32\IME\SHARED\imelm.dll
0x00007ff8a7960000 - 0x00007ff8a7ad0000 	C:\Windows\System32\IME\shared\mscand20.dll
0x00007ff8beaa0000 - 0x00007ff8beaa7000 	C:\Windows\SYSTEM32\MSIMG32.dll
0x00007ff8c1e30000 - 0x00007ff8c1ed4000 	C:\Windows\SYSTEM32\DUser.dll
0x00007ff8b9bb0000 - 0x00007ff8b9bbe000 	C:\Windows\System32\IME\SHARED\imebrokerps.dll
0x000000006a1f0000 - 0x000000006a21a000 	C:\Program Files\Java\jre1.8.0_20\bin\dcpr.dll
0x00007ff8a9370000 - 0x00007ff8a94f9000 	C:\Windows\SYSTEM32\dbghelp.dll

VM Arguments:
jvm_args: -Dfile.encoding=MS932 
java_command: memo.Test
java_class_path (initial): C:\Users\Fumihiko\Documents\Git\Tools\Tools\bin
Launcher Type: SUN_STANDARD

Environment Variables:
PATH=C:\ProgramData\Oracle\Java\javapath;c:\Program Files (x86)\Intel\iCLS Client\;c:\Program Files\Intel\iCLS Client\;C:\Windows\system32;C:\Windows;C:\Windows\System32\Wbem;C:\Windows\System32\WindowsPowerShell\v1.0\;C:\Program Files\Intel\Intel(R) Management Engine Components\DAL;C:\Program Files\Intel\Intel(R) Management Engine Components\IPT;C:\Program Files (x86)\Intel\Intel(R) Management Engine Components\DAL;C:\Program Files (x86)\Intel\Intel(R) Management Engine Components\IPT;C:\Program Files\Intel\WiFi\bin\;C:\Program Files\Common Files\Intel\WirelessCommon\;C:\Program Files\Sony\VAIO Improvement;c:\Program Files (x86)\Sony\VAIO BIOS Data Transfer Utility\;C:\Program Files (x86)\Sony\VAIO Startup Setting Tool;C:\w32tex\bin;c:\Program Files (x86)\gs\gs9.14\bin;C:\Program Files (x86)\Skype\Phone\;C:\RailsInstaller\Git\cmd;C:\RailsInstaller\Ruby2.0.0\bin;C:\Program Files (x86)\Vim\vim74;C:\Program Files (x86)\Java\jdk1.8.0\bin;C:\Users\Fumihiko\Android\android-sdk\tools;C:\Users\Fumihiko\Android\android-sdk\platform-tools
USERNAME=Fumihiko
OS=Windows_NT
PROCESSOR_IDENTIFIER=Intel64 Family 6 Model 69 Stepping 1, GenuineIntel



---------------  S Y S T E M  ---------------

OS: Windows 8.1 , 64 bit Build 9600 

CPU:total 2 (2 cores per cpu, 1 threads per core) family 6 model 69 stepping 1, cmov, cx8, fxsr, mmx, sse, sse2, sse3, ssse3, sse4.1, sse4.2, popcnt, clmul, erms, lzcnt, tsc, tscinvbit

Memory: 4k page, physical 4103988k(498704k free), swap 7209904k(1086304k free)

vm_info: Java HotSpot(TM) 64-Bit Server VM (25.20-b23) for windows-amd64 JRE (1.8.0_20-b26), built on Jul 30 2014 13:51:23 by "java_re" with MS VC++ 10.0 (VS2010)

time: Sun Jan 10 19:04:42 2016
elapsed time: 51 seconds (0d 0h 0m 51s)

