#
# A fatal error has been detected by the Java Runtime Environment:
#
#  EXCEPTION_ACCESS_VIOLATION (0xc0000005) at pc=0x000000006a5dd9f3, pid=9220, tid=2440
#
# JRE version: Java(TM) SE Runtime Environment (8.0_20-b26) (build 1.8.0_20-b26)
# Java VM: Java HotSpot(TM) 64-Bit Server VM (25.20-b23 mixed mode windows-amd64 compressed oops)
# Problematic frame:
# V  [jvm.dll+0x14d9f3]
#
# Failed to write core dump. Minidumps are not enabled by default on client versions of Windows
#
# If you would like to submit a bug report, please visit:
#   http://bugreport.sun.com/bugreport/crash.jsp
#

---------------  T H R E A D  ---------------

Current thread (0x0000000016964000):  JavaThread "AWT-Windows" daemon [_thread_in_vm, id=2440, stack(0x0000000016e50000,0x0000000016f50000)]

siginfo: ExceptionCode=0xc0000005, reading address 0x0000000000000000

Registers:
RAX=0x0000000000000000, RBX=0x0000000016964000, RCX=0x00000000ec208000, RDX=0x0000000000000000
RSP=0x0000000016f4e9d0, RBP=0x00000000167cbcc0, RSI=0x000000000305ecf8, RDI=0x0000000000000000
R8 =0x0000000016964000, R9 =0x0000000000000000, R10=0x000000006abfaaa0, R11=0x00000000eb57ed28
R12=0x0000000000000001, R13=0x0000000000000000, R14=0x00000000169641e8, R15=0x0000000000000000
RIP=0x000000006a5dd9f3, EFLAGS=0x0000000000010246

Top of Stack: (sp=0x0000000016f4e9d0)
0x0000000016f4e9d0:   00000000169641e8 000000006a5c03bd
0x0000000016f4e9e0:   0000000000000002 0000000016964000
0x0000000016f4e9f0:   0000000016964000 0000000000000000
0x0000000016f4ea00:   0000000016964000 0000000000000000
0x0000000016f4ea10:   0000000016960e70 0000000000000000
0x0000000016f4ea20:   0000000000000001 000000006a2e1d88
0x0000000016f4ea30:   00000000169641e8 00000000169641e8
0x0000000016f4ea40:   000000000305ecf8 0000000000000001
0x0000000016f4ea50:   00000000167cbbb0 0000000000000008
0x0000000016f4ea60:   00000000167cbaf0 0000000000000003
0x0000000016f4ea70:   00000000169641e8 0000000000000004
0x0000000016f4ea80:   00000000167cbbb0 00000000167cbbb0
0x0000000016f4ea90:   00000000167cbaf0 0000000000000000
0x0000000016f4eaa0:   0000000000000000 0000000000000000
0x0000000016f4eab0:   0000000000000000 0000000000000001
0x0000000016f4eac0:   0000000016960e60 00000000168f5be0 

Instructions: (pc=0x000000006a5dd9f3)
0x000000006a5dd9d3:   7c 24 28 48 39 7b 08 74 0a 48 8d 4c 24 20 e8 9a
0x000000006a5dd9e3:   63 11 00 48 8b 0e e8 f2 01 f1 ff 4c 8b c3 33 d2
0x000000006a5dd9f3:   4c 8b 08 48 8b c8 41 ff 91 b0 00 00 00 48 8b f0
0x000000006a5dda03:   48 39 7b 08 0f 84 9d 00 00 00 48 39 7c 24 28 74 


Register to memory mapping:

RAX=0x0000000000000000 is an unknown value
RBX=0x0000000016964000 is a thread
RCX=0x00000000ec208000 is an oop
java.lang.Object 
 - klass: 'java/lang/Object'
RDX=0x0000000000000000 is an unknown value
RSP=0x0000000016f4e9d0 is pointing into the stack for thread: 0x0000000016964000
RBP=0x00000000167cbcc0 is an unknown value
RSI=0x000000000305ecf8 is a global jni handle
RDI=0x0000000000000000 is an unknown value
R8 =0x0000000016964000 is a thread
R9 =0x0000000000000000 is an unknown value
R10=0x000000006abfaaa0 is an unknown value
R11=0x00000000eb57ed28 is an oop

[error occurred during error reporting (printing register info), id 0xc0000005]

Stack: [0x0000000016e50000,0x0000000016f50000],  sp=0x0000000016f4e9d0,  free space=1018k
Native frames: (J=compiled Java code, j=interpreted, Vv=VM code, C=native code)
V  [jvm.dll+0x14d9f3]
C  [awt.dll+0x91d88]
C  [awt.dll+0x952ca]
C  [awt.dll+0x9451b]
C  [awt.dll+0xd3bf1]
C  [awt.dll+0xa8657]
C  [awt.dll+0x9abec]
C  [awt.dll+0x90842]
C  [USER32.dll+0x23fd]
C  [USER32.dll+0x383b]
C  [awt.dll+0x150d4]
C  [COMCTL32.dll+0x1284]
C  [COMCTL32.dll+0x1122]
C  [USER32.dll+0x23fd]
C  [USER32.dll+0x249d]
C  [awt.dll+0xcc7ec]
C  [awt.dll+0xcca9b]
C  0x0000000003073894

Java frames: (J=compiled Java code, j=interpreted, Vv=VM code)
j  sun.awt.windows.WToolkit.eventLoop()V+0
j  sun.awt.windows.WToolkit.run()V+58
j  java.lang.Thread.run()V+11
v  ~StubRoutines::call_stub

---------------  P R O C E S S  ---------------

Java Threads: ( => current thread )
  0x0000000018eaf000 JavaThread "TimerQueue" daemon [_thread_blocked, id=4896, stack(0x00000000183e0000,0x00000000184e0000)]
  0x0000000018e86000 JavaThread "D3D Screen Updater" daemon [_thread_blocked, id=6840, stack(0x00000000198c0000,0x00000000199c0000)]
  0x0000000002f60800 JavaThread "DestroyJavaVM" [_thread_blocked, id=5020, stack(0x0000000002ac0000,0x0000000002bc0000)]
  0x00000000169f3000 JavaThread "AWT-EventQueue-0" [_thread_blocked, id=4844, stack(0x00000000187f0000,0x00000000188f0000)]
=>0x0000000016964000 JavaThread "AWT-Windows" daemon [_thread_in_vm, id=2440, stack(0x0000000016e50000,0x0000000016f50000)]
  0x0000000016963000 JavaThread "AWT-Shutdown" [_thread_blocked, id=10024, stack(0x0000000016d50000,0x0000000016e50000)]
  0x0000000016962000 JavaThread "Java2D Disposer" daemon [_thread_blocked, id=208, stack(0x0000000016c50000,0x0000000016d50000)]
  0x00000000154bc000 JavaThread "Service Thread" daemon [_thread_blocked, id=2244, stack(0x0000000016550000,0x0000000016650000)]
  0x00000000154b7800 JavaThread "C1 CompilerThread1" daemon [_thread_blocked, id=7032, stack(0x0000000016450000,0x0000000016550000)]
  0x000000001546d800 JavaThread "C2 CompilerThread0" daemon [_thread_blocked, id=3872, stack(0x0000000016350000,0x0000000016450000)]
  0x000000001546b800 JavaThread "Attach Listener" daemon [_thread_blocked, id=8468, stack(0x0000000016250000,0x0000000016350000)]
  0x000000001546a800 JavaThread "Signal Dispatcher" daemon [_thread_blocked, id=4696, stack(0x0000000016150000,0x0000000016250000)]
  0x00000000153d7800 JavaThread "Finalizer" daemon [_thread_blocked, id=4920, stack(0x0000000016050000,0x0000000016150000)]
  0x00000000153d0000 JavaThread "Reference Handler" daemon [_thread_blocked, id=4100, stack(0x0000000015f50000,0x0000000016050000)]

Other Threads:
  0x00000000153ca800 VMThread [stack: 0x0000000015e50000,0x0000000015f50000] [id=4816]
  0x0000000016672800 WatcherThread [stack: 0x0000000016a50000,0x0000000016b50000] [id=5948]

VM state:not at safepoint (normal execution)

VM Mutex/Monitor currently owned by a thread: None

Heap:
 PSYoungGen      total 18944K, used 6540K [0x00000000eb200000, 0x00000000ec700000, 0x0000000100000000)
  eden space 16384K, 24% used [0x00000000eb200000,0x00000000eb5e87c0,0x00000000ec200000)
  from space 2560K, 99% used [0x00000000ec200000,0x00000000ec47a8a8,0x00000000ec480000)
  to   space 2560K, 0% used [0x00000000ec480000,0x00000000ec480000,0x00000000ec700000)
 ParOldGen       total 44032K, used 1232K [0x00000000c1600000, 0x00000000c4100000, 0x00000000eb200000)
  object space 44032K, 2% used [0x00000000c1600000,0x00000000c17342a0,0x00000000c4100000)
 Metaspace       used 12096K, capacity 12258K, committed 12416K, reserved 1060864K
  class space    used 1504K, capacity 1547K, committed 1664K, reserved 1048576K

Card table byte_map: [0x0000000012420000,0x0000000012620000] byte_map_base: 0x0000000011e15000

Marking Bits: (ParMarkBitMap*) 0x000000006ac6b460
 Begin Bits: [0x0000000012970000, 0x0000000013918000)
 End Bits:   [0x0000000013918000, 0x00000000148c0000)

Polling page: 0x0000000001290000

CodeCache: size=245760Kb used=5634Kb max_used=5685Kb free=240125Kb
 bounds [0x0000000003060000, 0x0000000003600000, 0x0000000012060000]
 total_blobs=2195 nmethods=1691 adapters=416
 compilation: enabled

Compilation events (10 events):
Event: 777.838 Thread 0x00000000154b7800 1851       3       java.text.AttributeEntry::hashCode (27 bytes)
Event: 777.839 Thread 0x00000000154b7800 nmethod 1851 0x00000000032573d0 code [0x0000000003257560, 0x00000000032578f8]
Event: 777.839 Thread 0x00000000154b7800 1852       1       java.text.AttributeEntry::getKey (5 bytes)
Event: 777.840 Thread 0x00000000154b7800 nmethod 1852 0x00000000034d9f10 code [0x00000000034da060, 0x00000000034da170]
Event: 778.005 Thread 0x00000000154b7800 1853       1       java.text.AttributedString$AttributedStringIterator::getEndIndex (5 bytes)
Event: 778.006 Thread 0x00000000154b7800 nmethod 1853 0x0000000003256450 code [0x00000000032565a0, 0x00000000032566b0]
Event: 778.017 Thread 0x00000000154b7800 1854       3       sun.font.CMap$CMapFormat12::getGlyph (126 bytes)
Event: 778.018 Thread 0x00000000154b7800 nmethod 1854 0x00000000032fdd50 code [0x00000000032fdf00, 0x00000000032fe448]
Event: 778.062 Thread 0x00000000154b7800 1855       3       java.text.AttributedString$AttributedStringIterator::setIndex (32 bytes)
Event: 778.063 Thread 0x00000000154b7800 nmethod 1855 0x0000000003254e90 code [0x0000000003255000, 0x0000000003255298]

GC Heap History (2 events):
Event: 738.577 GC heap before
{Heap before GC invocations=1 (full 0):
 PSYoungGen      total 18944K, used 16384K [0x00000000eb200000, 0x00000000ec700000, 0x0000000100000000)
  eden space 16384K, 100% used [0x00000000eb200000,0x00000000ec200000,0x00000000ec200000)
  from space 2560K, 0% used [0x00000000ec480000,0x00000000ec480000,0x00000000ec700000)
  to   space 2560K, 0% used [0x00000000ec200000,0x00000000ec200000,0x00000000ec480000)
 ParOldGen       total 44032K, used 0K [0x00000000c1600000, 0x00000000c4100000, 0x00000000eb200000)
  object space 44032K, 0% used [0x00000000c1600000,0x00000000c1600000,0x00000000c4100000)
 Metaspace       used 11383K, capacity 11548K, committed 11776K, reserved 1058816K
  class space    used 1438K, capacity 1482K, committed 1536K, reserved 1048576K
Event: 738.592 GC heap after
Heap after GC invocations=1 (full 0):
 PSYoungGen      total 18944K, used 2538K [0x00000000eb200000, 0x00000000ec700000, 0x0000000100000000)
  eden space 16384K, 0% used [0x00000000eb200000,0x00000000eb200000,0x00000000ec200000)
  from space 2560K, 99% used [0x00000000ec200000,0x00000000ec47a8a8,0x00000000ec480000)
  to   space 2560K, 0% used [0x00000000ec480000,0x00000000ec480000,0x00000000ec700000)
 ParOldGen       total 44032K, used 1232K [0x00000000c1600000, 0x00000000c4100000, 0x00000000eb200000)
  object space 44032K, 2% used [0x00000000c1600000,0x00000000c17342a0,0x00000000c4100000)
 Metaspace       used 11383K, capacity 11548K, committed 11776K, reserved 1058816K
  class space    used 1438K, capacity 1482K, committed 1536K, reserved 1048576K
}

Deoptimization events (10 events):
Event: 699.881 Thread 0x00000000169f3000 Uncommon trap: reason=class_check action=maybe_recompile pc=0x0000000003203cc8 method=sun.java2d.loops.SurfaceType.pixelFor(ILjava/awt/image/ColorModel;)I @ 6
Event: 699.887 Thread 0x00000000169f3000 Uncommon trap: reason=class_check action=maybe_recompile pc=0x0000000003203cc8 method=sun.java2d.loops.SurfaceType.pixelFor(ILjava/awt/image/ColorModel;)I @ 6
Event: 701.934 Thread 0x00000000169f3000 Uncommon trap: reason=unreached action=reinterpret pc=0x00000000031d2828 method=javax.swing.text.PlainView.updateMetrics()V @ 15
Event: 738.597 Thread 0x00000000169f3000 Uncommon trap: reason=class_check action=maybe_recompile pc=0x0000000003431f68 method=java.awt.Component.getGraphics()Ljava/awt/Graphics; @ 114
Event: 738.619 Thread 0x00000000169f3000 Uncommon trap: reason=class_check action=maybe_recompile pc=0x0000000003431f68 method=java.awt.Component.getGraphics()Ljava/awt/Graphics; @ 114
Event: 738.669 Thread 0x00000000169f3000 Uncommon trap: reason=class_check action=maybe_recompile pc=0x0000000003431f68 method=java.awt.Component.getGraphics()Ljava/awt/Graphics; @ 114
Event: 738.710 Thread 0x00000000169f3000 Uncommon trap: reason=class_check action=maybe_recompile pc=0x0000000003431f68 method=java.awt.Component.getGraphics()Ljava/awt/Graphics; @ 114
Event: 741.366 Thread 0x00000000169f3000 Uncommon trap: reason=class_check action=maybe_recompile pc=0x000000000356ebe4 method=java.awt.EventQueue.coalesceEvent(Ljava/awt/AWTEvent;I)Z @ 61
Event: 767.022 Thread 0x00000000169f3000 Uncommon trap: reason=unreached action=reinterpret pc=0x00000000035c9270 method=java.awt.EventQueue.setCurrentEventAndMostRecentTimeImpl(Ljava/awt/AWTEvent;)V @ 87
Event: 768.721 Thread 0x00000000169f3000 Uncommon trap: reason=unreached action=reinterpret pc=0x00000000034efae8 method=sun.font.FileFontStrike.getCachedGlyphPtr(I)J @ 99

Internal exceptions (10 events):
Event: 20.484 Thread 0x00000000169f3000 Exception <a 'java/security/PrivilegedActionException'> (0x00000000eb626698) thrown at [D:\re\workspace\8-2-build-windows-amd64-cygwin\jdk8u20\1074\hotspot\src\share\vm\prims\jvm.cpp, line 1275]
Event: 20.488 Thread 0x00000000169f3000 Exception <a 'java/security/PrivilegedActionException'> (0x00000000eb629910) thrown at [D:\re\workspace\8-2-build-windows-amd64-cygwin\jdk8u20\1074\hotspot\src\share\vm\prims\jvm.cpp, line 1275]
Event: 20.492 Thread 0x00000000169f3000 Exception <a 'java/security/PrivilegedActionException'> (0x00000000eb62cd10) thrown at [D:\re\workspace\8-2-build-windows-amd64-cygwin\jdk8u20\1074\hotspot\src\share\vm\prims\jvm.cpp, line 1275]
Event: 22.666 Thread 0x00000000169f3000 Exception <a 'java/security/PrivilegedActionException'> (0x00000000eb8d6c60) thrown at [D:\re\workspace\8-2-build-windows-amd64-cygwin\jdk8u20\1074\hotspot\src\share\vm\prims\jvm.cpp, line 1275]
Event: 22.975 Thread 0x00000000169f3000 Exception <a 'java/security/PrivilegedActionException'> (0x00000000eb8d9750) thrown at [D:\re\workspace\8-2-build-windows-amd64-cygwin\jdk8u20\1074\hotspot\src\share\vm\prims\jvm.cpp, line 1275]
Event: 23.008 Thread 0x00000000169f3000 Exception <a 'java/security/PrivilegedActionException'> (0x00000000eb8dc248) thrown at [D:\re\workspace\8-2-build-windows-amd64-cygwin\jdk8u20\1074\hotspot\src\share\vm\prims\jvm.cpp, line 1275]
Event: 736.434 Thread 0x00000000169f3000 Exception <a 'java/lang/ArrayIndexOutOfBoundsException'> (0x00000000ec1bc880) thrown at [D:\re\workspace\8-2-build-windows-amd64-cygwin\jdk8u20\1074\hotspot\src\share\vm\runtime\sharedRuntime.cpp, line 604]
Event: 736.434 Thread 0x00000000169f3000 Exception <a 'java/lang/ArrayIndexOutOfBoundsException'> (0x00000000ec1bc880) thrown at [D:\re\workspace\8-2-build-windows-amd64-cygwin\jdk8u20\1074\hotspot\src\share\vm\prims\jvm.cpp, line 1279]
Event: 736.434 Thread 0x00000000169f3000 Exception <a 'java/lang/ArrayIndexOutOfBoundsException'> (0x00000000ec1bc880) thrown at [D:\re\workspace\8-2-build-windows-amd64-cygwin\jdk8u20\1074\hotspot\src\share\vm\prims\jvm.cpp, line 1279]
Event: 768.721 Thread 0x00000000169f3000 Implicit null exception at 0x00000000034ef995 to 0x00000000034efad1

Events (10 events):
Event: 777.813 Thread 0x00000000154b7800 flushing nmethod 0x00000000032d3f90
Event: 777.819 Thread 0x00000000154b7800 flushing nmethod 0x00000000032fd150
Event: 777.819 Thread 0x00000000154b7800 flushing nmethod 0x00000000032fd8d0
Event: 777.819 Thread 0x00000000154b7800 flushing nmethod 0x0000000003307e50
Event: 777.819 Thread 0x00000000154b7800 flushing nmethod 0x000000000330c790
Event: 777.820 Thread 0x00000000154b7800 flushing nmethod 0x0000000003319290
Event: 777.820 Thread 0x00000000154b7800 flushing nmethod 0x0000000003335190
Event: 777.820 Thread 0x00000000154b7800 flushing nmethod 0x0000000003351d10
Event: 777.835 Thread 0x00000000154b7800 flushing nmethod 0x0000000003430d10
Event: 777.839 Thread 0x00000000154b7800 flushing nmethod 0x00000000034d9f10


Dynamic libraries:
0x00007ff768660000 - 0x00007ff768694000 	C:\Program Files\Java\jre1.8.0_20\bin\javaw.exe
0x00007ff8c8410000 - 0x00007ff8c85bc000 	C:\Windows\SYSTEM32\ntdll.dll
0x00007ff8c80b0000 - 0x00007ff8c81ee000 	C:\Windows\system32\KERNEL32.DLL
0x00007ff8c5870000 - 0x00007ff8c5985000 	C:\Windows\system32\KERNELBASE.dll
0x00007ff8c4100000 - 0x00007ff8c418e000 	C:\Windows\system32\apphelp.dll
0x00007ff8b02a0000 - 0x00007ff8b02f3000 	C:\Windows\AppPatch\AppPatch64\AcGenral.DLL
0x00007ff8c6130000 - 0x00007ff8c61da000 	C:\Windows\system32\msvcrt.dll
0x00007ff8c5330000 - 0x00007ff8c535e000 	C:\Windows\SYSTEM32\SspiCli.dll
0x00007ff8c81f0000 - 0x00007ff8c8244000 	C:\Windows\system32\SHLWAPI.dll
0x00007ff8c5ee0000 - 0x00007ff8c6057000 	C:\Windows\system32\USER32.dll
0x00007ff8c5c50000 - 0x00007ff8c5de4000 	C:\Windows\system32\ole32.dll
0x00007ff8c68d0000 - 0x00007ff8c7dfb000 	C:\Windows\system32\SHELL32.dll
0x00007ff8c4b00000 - 0x00007ff8c4b21000 	C:\Windows\SYSTEM32\USERENV.dll
0x00007ff8c5e30000 - 0x00007ff8c5eda000 	C:\Windows\system32\ADVAPI32.dll
0x00007ff8b9160000 - 0x00007ff8b917e000 	C:\Windows\SYSTEM32\MPR.dll
0x00007ff8c7e00000 - 0x00007ff8c7f41000 	C:\Windows\system32\RPCRT4.dll
0x00007ff8c83b0000 - 0x00007ff8c8409000 	C:\Windows\SYSTEM32\sechost.dll
0x00007ff8c6310000 - 0x00007ff8c6521000 	C:\Windows\SYSTEM32\combase.dll
0x00007ff8c5aa0000 - 0x00007ff8c5bef000 	C:\Windows\system32\GDI32.dll
0x00007ff8c5560000 - 0x00007ff8c5575000 	C:\Windows\SYSTEM32\profapi.dll
0x00007ff8c3ad0000 - 0x00007ff8c3b82000 	C:\Windows\SYSTEM32\SHCORE.dll
0x00007ff8c5df0000 - 0x00007ff8c5e26000 	C:\Windows\system32\IMM32.DLL
0x00007ff8c7f50000 - 0x00007ff8c80a2000 	C:\Windows\system32\MSCTF.dll
0x00007ff8c2d90000 - 0x00007ff8c300b000 	C:\Windows\WinSxS\amd64_microsoft.windows.common-controls_6595b64144ccf1df_6.0.9600.18006_none_623f33d3ecbe86e8\COMCTL32.dll
0x000000006acf0000 - 0x000000006adc2000 	C:\Program Files\Java\jre1.8.0_20\bin\msvcr100.dll
0x000000006a490000 - 0x000000006ace8000 	C:\Program Files\Java\jre1.8.0_20\bin\server\jvm.dll
0x00007ff8bc980000 - 0x00007ff8bc989000 	C:\Windows\SYSTEM32\WSOCK32.dll
0x00007ff8be8c0000 - 0x00007ff8be8e2000 	C:\Windows\SYSTEM32\WINMM.dll
0x00007ff8c6530000 - 0x00007ff8c6537000 	C:\Windows\system32\PSAPI.DLL
0x00007ff8c61e0000 - 0x00007ff8c623a000 	C:\Windows\system32\WS2_32.dll
0x00007ff8be890000 - 0x00007ff8be8ba000 	C:\Windows\SYSTEM32\WINMMBASE.dll
0x00007ff8c83a0000 - 0x00007ff8c83a9000 	C:\Windows\system32\NSI.dll
0x00007ff8c5a40000 - 0x00007ff8c5a8f000 	C:\Windows\SYSTEM32\cfgmgr32.dll
0x00007ff8c4370000 - 0x00007ff8c4398000 	C:\Windows\SYSTEM32\DEVOBJ.dll
0x000000006b5a0000 - 0x000000006b5af000 	C:\Program Files\Java\jre1.8.0_20\bin\verify.dll
0x000000006b570000 - 0x000000006b598000 	C:\Program Files\Java\jre1.8.0_20\bin\java.dll
0x000000006b550000 - 0x000000006b566000 	C:\Program Files\Java\jre1.8.0_20\bin\zip.dll
0x000000006a250000 - 0x000000006a3e8000 	C:\Program Files\Java\jre1.8.0_20\bin\awt.dll
0x00007ff8c6060000 - 0x00007ff8c6121000 	C:\Windows\system32\OLEAUT32.dll
0x00007ff8c38d0000 - 0x00007ff8c38f1000 	C:\Windows\system32\DWMAPI.DLL
0x00007ff8c4220000 - 0x00007ff8c4349000 	C:\Windows\system32\uxtheme.dll
0x00007ff8c43a0000 - 0x00007ff8c43ab000 	C:\Windows\SYSTEM32\kernel.appcore.dll
0x00007ff8c53d0000 - 0x00007ff8c53db000 	C:\Windows\SYSTEM32\CRYPTBASE.dll
0x00007ff8c5360000 - 0x00007ff8c53c3000 	C:\Windows\SYSTEM32\bcryptPrimitives.dll
0x00007ff89ef00000 - 0x00007ff89f121000 	C:\Windows\system32\d3d9.dll
0x00007ff8bd6e0000 - 0x00007ff8bd6ea000 	C:\Windows\SYSTEM32\VERSION.dll
0x00007ff89e360000 - 0x00007ff89ef00000 	C:\Windows\SYSTEM32\igdumdim64.dll
0x00007ff8c1740000 - 0x00007ff8c1b80000 	C:\Windows\SYSTEM32\igdusc64.dll
0x000000006a200000 - 0x000000006a247000 	C:\Program Files\Java\jre1.8.0_20\bin\fontmanager.dll
0x00007ff8c6240000 - 0x00007ff8c62f6000 	C:\Windows\SYSTEM32\clbcatq.dll
0x00007ff8c3720000 - 0x00007ff8c38ce000 	C:\Windows\SYSTEM32\WindowsCodecs.dll
0x00007ff8c4dd0000 - 0x00007ff8c4df0000 	C:\Windows\SYSTEM32\CRYPTSP.dll
0x00007ff8c49f0000 - 0x00007ff8c4a26000 	C:\Windows\system32\rsaenh.dll
0x00007ff8c5020000 - 0x00007ff8c5046000 	C:\Windows\SYSTEM32\bcrypt.dll
0x000000006b530000 - 0x000000006b54a000 	C:\Program Files\Java\jre1.8.0_20\bin\net.dll
0x00007ff8c4d70000 - 0x00007ff8c4dc9000 	C:\Windows\system32\mswsock.dll
0x000000006b510000 - 0x000000006b521000 	C:\Program Files\Java\jre1.8.0_20\bin\nio.dll
0x000000006a1b0000 - 0x000000006a1f1000 	C:\Program Files\Java\jre1.8.0_20\bin\t2k.dll
0x00007ff8b5cb0000 - 0x00007ff8b5ef8000 	C:\Windows\System32\IME\IMEJP\imjptip.dll
0x00007ff8c1390000 - 0x00007ff8c13fa000 	C:\Windows\SYSTEM32\OLEACC.dll
0x00007ff8c0a70000 - 0x00007ff8c0bef000 	C:\Windows\SYSTEM32\PROPSYS.dll
0x00007ff8be270000 - 0x00007ff8be2a2000 	C:\Windows\SYSTEM32\ntmarta.dll
0x00007ff8bc060000 - 0x00007ff8bc276000 	C:\Windows\System32\IME\IMEJP\imjpapi.dll
0x00007ff8c1bb0000 - 0x00007ff8c1bea000 	C:\Windows\System32\IME\shared\imjkapi.dll
0x00007ff8b5a20000 - 0x00007ff8b5b02000 	C:\Windows\System32\IME\IMEJP\imjppred.dll
0x00007ff8b5570000 - 0x00007ff8b5682000 	C:\Windows\System32\IME\shared\imetip.dll
0x00007ff8c3900000 - 0x00007ff8c3ac1000 	C:\Windows\SYSTEM32\DUI70.dll
0x00007ff8c1b90000 - 0x00007ff8c1baf000 	C:\Windows\System32\IME\shared\imecfm.dll
0x00007ff8bd6f0000 - 0x00007ff8bd775000 	C:\Windows\SYSTEM32\wer.dll
0x00007ff8c09c0000 - 0x00007ff8c09df000 	C:\Windows\System32\IME\SHARED\imesearchdll.dll
0x00007ff8a9d00000 - 0x00007ff8a9e15000 	C:\Windows\System32\IME\IMEJP\imjplmp.dll
0x00007ff8a7960000 - 0x00007ff8a7ad0000 	C:\Windows\System32\IME\shared\mscand20.dll
0x00007ff8beaa0000 - 0x00007ff8beaa7000 	C:\Windows\SYSTEM32\MSIMG32.dll
0x00007ff8c1e30000 - 0x00007ff8c1ed4000 	C:\Windows\SYSTEM32\DUser.dll
0x00007ff8acca0000 - 0x00007ff8accf7000 	C:\Windows\System32\IME\SHARED\imelm.dll
0x00007ff8b9bb0000 - 0x00007ff8b9bbe000 	C:\Windows\System32\IME\SHARED\imebrokerps.dll
0x000000006a180000 - 0x000000006a1aa000 	C:\Program Files\Java\jre1.8.0_20\bin\dcpr.dll
0x00007ff8a9370000 - 0x00007ff8a94f9000 	C:\Windows\SYSTEM32\dbghelp.dll

VM Arguments:
jvm_args: -Dfile.encoding=MS932 
java_command: memo.Test
java_class_path (initial): C:\Users\Fumihiko\Documents\Git\Tools\Tools\bin
Launcher Type: SUN_STANDARD

Environment Variables:
PATH=C:\ProgramData\Oracle\Java\javapath;c:\Program Files (x86)\Intel\iCLS Client\;c:\Program Files\Intel\iCLS Client\;C:\Windows\system32;C:\Windows;C:\Windows\System32\Wbem;C:\Windows\System32\WindowsPowerShell\v1.0\;C:\Program Files\Intel\Intel(R) Management Engine Components\DAL;C:\Program Files\Intel\Intel(R) Management Engine Components\IPT;C:\Program Files (x86)\Intel\Intel(R) Management Engine Components\DAL;C:\Program Files (x86)\Intel\Intel(R) Management Engine Components\IPT;C:\Program Files\Intel\WiFi\bin\;C:\Program Files\Common Files\Intel\WirelessCommon\;C:\Program Files\Sony\VAIO Improvement;c:\Program Files (x86)\Sony\VAIO BIOS Data Transfer Utility\;C:\Program Files (x86)\Sony\VAIO Startup Setting Tool;C:\w32tex\bin;c:\Program Files (x86)\gs\gs9.14\bin;C:\Program Files (x86)\Skype\Phone\;C:\RailsInstaller\Git\cmd;C:\RailsInstaller\Ruby2.0.0\bin;C:\Program Files (x86)\Vim\vim74;C:\Program Files (x86)\Java\jdk1.8.0\bin;C:\Users\Fumihiko\Android\android-sdk\tools;C:\Users\Fumihiko\Android\android-sdk\platform-tools
USERNAME=Fumihiko
OS=Windows_NT
PROCESSOR_IDENTIFIER=Intel64 Family 6 Model 69 Stepping 1, GenuineIntel



---------------  S Y S T E M  ---------------

OS: Windows 8.1 , 64 bit Build 9600 

CPU:total 2 (2 cores per cpu, 1 threads per core) family 6 model 69 stepping 1, cmov, cx8, fxsr, mmx, sse, sse2, sse3, ssse3, sse4.1, sse4.2, popcnt, clmul, erms, lzcnt, tsc, tscinvbit

Memory: 4k page, physical 4103988k(900800k free), swap 7209904k(993188k free)

vm_info: Java HotSpot(TM) 64-Bit Server VM (25.20-b23) for windows-amd64 JRE (1.8.0_20-b26), built on Jul 30 2014 13:51:23 by "java_re" with MS VC++ 10.0 (VS2010)

time: Sun Jan 10 19:42:21 2016
elapsed time: 778 seconds (0d 0h 12m 58s)

