#
# A fatal error has been detected by the Java Runtime Environment:
#
#  EXCEPTION_ACCESS_VIOLATION (0xc0000005) at pc=0x0000000056e8dbe7, pid=2724, tid=8372
#
# JRE version: Java(TM) SE Runtime Environment (8.0_20-b26) (build 1.8.0_20-b26)
# Java VM: Java HotSpot(TM) 64-Bit Server VM (25.20-b23 mixed mode windows-amd64 compressed oops)
# Problematic frame:
# V  [jvm.dll+0x5dbe7]
#
# Failed to write core dump. Minidumps are not enabled by default on client versions of Windows
#
# If you would like to submit a bug report, please visit:
#   http://bugreport.sun.com/bugreport/crash.jsp
#

---------------  T H R E A D  ---------------

Current thread (0x00000000161ce000):  JavaThread "AWT-Windows" daemon [_thread_in_vm, id=8372, stack(0x0000000016910000,0x0000000016a10000)]

siginfo: ExceptionCode=0xc0000005, reading address 0x0000000000000040

Registers:
RAX=0x0000000000000040, RBX=0x00000000161ce000, RCX=0x0000000000000000, RDX=0x0000000000000001
RSP=0x0000000016a0edf8, RBP=0x000000001604bcc0, RSI=0x000000000299ee38, RDI=0x0000000000000000
R8 =0x000000000299ee38, R9 =0x0000000000000000, R10=0x000000005759aaa0, R11=0x00000000eb4cd5a8
R12=0x0000000000000001, R13=0x0000000000000000, R14=0x00000000161ce1e8, R15=0x0000000000000000
RIP=0x0000000056e8dbe7, EFLAGS=0x0000000000010246

Top of Stack: (sp=0x0000000016a0edf8)
0x0000000016a0edf8:   0000000056f7d9ee 00000000161ce1e8
0x0000000016a0ee08:   0000000056f603bd 0000000000000002
0x0000000016a0ee18:   00000000161ce000 00000000161ce000
0x0000000016a0ee28:   0000000000000000 00000000161ce000
0x0000000016a0ee38:   0000000000000000 00000000161c9d70
0x0000000016a0ee48:   0000000000000000 0000000000000001
0x0000000016a0ee58:   0000000056d21d88 00000000161ce1e8
0x0000000016a0ee68:   00000000161ce1e8 000000000299ee38
0x0000000016a0ee78:   0000000000000001 000000001604b990
0x0000000016a0ee88:   0000000000000008 000000001604bbd0
0x0000000016a0ee98:   0000000000000003 00000000161ce1e8
0x0000000016a0eea8:   0000000000000003 000000001604b990
0x0000000016a0eeb8:   000000001604b990 000000001604bbd0
0x0000000016a0eec8:   0000000000000000 0000000000000000
0x0000000016a0eed8:   0000000000000000 0000000000000000
0x0000000016a0eee8:   0000000000000001 00000000161c9d60 

Instructions: (pc=0x0000000056e8dbe7)
0x0000000056e8dbc7:   89 14 08 c3 cc cc cc cc cc 48 63 05 b1 c3 75 00
0x0000000056e8dbd7:   8b 04 08 c3 cc cc cc cc cc 48 63 05 91 c3 75 00
0x0000000056e8dbe7:   48 8b 04 08 c3 cc cc cc cc 48 63 05 81 c3 75 00
0x0000000056e8dbf7:   48 89 14 08 c3 cc cc cc cc 48 63 05 71 c3 75 00 


Register to memory mapping:

RAX=0x0000000000000040 is an unknown value
RBX=0x00000000161ce000 is a thread
RCX=0x0000000000000000 is an unknown value
RDX=0x0000000000000001 is an unknown value
RSP=0x0000000016a0edf8 is pointing into the stack for thread: 0x00000000161ce000
RBP=0x000000001604bcc0 is an unknown value
RSI=0x000000000299ee38 is a global jni handle
RDI=0x0000000000000000 is an unknown value
R8 =0x000000000299ee38 is a global jni handle
R9 =0x0000000000000000 is an unknown value
R10=0x000000005759aaa0 is an unknown value
R11=0x00000000eb4cd5a8 is an oop

[error occurred during error reporting (printing register info), id 0xc0000005]

Stack: [0x0000000016910000,0x0000000016a10000],  sp=0x0000000016a0edf8,  free space=1019k
Native frames: (J=compiled Java code, j=interpreted, Vv=VM code, C=native code)
V  [jvm.dll+0x5dbe7]

Java frames: (J=compiled Java code, j=interpreted, Vv=VM code)
j  sun.awt.windows.WToolkit.eventLoop()V+0
j  sun.awt.windows.WToolkit.run()V+58
j  java.lang.Thread.run()V+11
v  ~StubRoutines::call_stub

---------------  P R O C E S S  ---------------

Java Threads: ( => current thread )
  0x0000000018ccd000 JavaThread "TimerQueue" daemon [_thread_blocked, id=2712, stack(0x0000000019e40000,0x0000000019f40000)]
  0x0000000018c1a800 JavaThread "D3D Screen Updater" daemon [_thread_blocked, id=1812, stack(0x0000000019450000,0x0000000019550000)]
  0x00000000028a0800 JavaThread "DestroyJavaVM" [_thread_blocked, id=8404, stack(0x0000000002480000,0x0000000002580000)]
  0x0000000016249800 JavaThread "AWT-EventQueue-0" [_thread_blocked, id=7592, stack(0x00000000182b0000,0x00000000183b0000)]
=>0x00000000161ce000 JavaThread "AWT-Windows" daemon [_thread_in_vm, id=8372, stack(0x0000000016910000,0x0000000016a10000)]
  0x00000000161cd000 JavaThread "AWT-Shutdown" [_thread_blocked, id=4924, stack(0x0000000016810000,0x0000000016910000)]
  0x00000000161cb800 JavaThread "Java2D Disposer" daemon [_thread_blocked, id=3196, stack(0x0000000016710000,0x0000000016810000)]
  0x0000000015ec9800 JavaThread "Service Thread" daemon [_thread_blocked, id=8516, stack(0x00000000162c0000,0x00000000163c0000)]
  0x0000000014dd4000 JavaThread "C1 CompilerThread1" daemon [_thread_blocked, id=1916, stack(0x0000000015dc0000,0x0000000015ec0000)]
  0x0000000014dce000 JavaThread "C2 CompilerThread0" daemon [_thread_blocked, id=8744, stack(0x0000000015cc0000,0x0000000015dc0000)]
  0x0000000014dcc000 JavaThread "Attach Listener" daemon [_thread_blocked, id=6544, stack(0x0000000015bc0000,0x0000000015cc0000)]
  0x0000000014dcb800 JavaThread "Signal Dispatcher" daemon [_thread_blocked, id=5420, stack(0x0000000015ac0000,0x0000000015bc0000)]
  0x0000000014d37800 JavaThread "Finalizer" daemon [_thread_blocked, id=6448, stack(0x00000000159c0000,0x0000000015ac0000)]
  0x0000000014d30000 JavaThread "Reference Handler" daemon [_thread_blocked, id=7888, stack(0x00000000158c0000,0x00000000159c0000)]

Other Threads:
  0x0000000014d2a800 VMThread [stack: 0x00000000157c0000,0x00000000158c0000] [id=8784]
  0x0000000015ee4000 WatcherThread [stack: 0x00000000163c0000,0x00000000164c0000] [id=7476]

VM state:not at safepoint (normal execution)

VM Mutex/Monitor currently owned by a thread: None

Heap:
 PSYoungGen      total 18944K, used 9575K [0x00000000eb200000, 0x00000000ec700000, 0x0000000100000000)
  eden space 16384K, 58% used [0x00000000eb200000,0x00000000ebb59ee8,0x00000000ec200000)
  from space 2560K, 0% used [0x00000000ec480000,0x00000000ec480000,0x00000000ec700000)
  to   space 2560K, 0% used [0x00000000ec200000,0x00000000ec200000,0x00000000ec480000)
 ParOldGen       total 44032K, used 0K [0x00000000c1600000, 0x00000000c4100000, 0x00000000eb200000)
  object space 44032K, 0% used [0x00000000c1600000,0x00000000c1600000,0x00000000c4100000)
 Metaspace       used 11481K, capacity 11630K, committed 11776K, reserved 1058816K
  class space    used 1475K, capacity 1513K, committed 1536K, reserved 1048576K

Card table byte_map: [0x0000000011d60000,0x0000000011f60000] byte_map_base: 0x0000000011755000

Marking Bits: (ParMarkBitMap*) 0x000000005760b460
 Begin Bits: [0x00000000122b0000, 0x0000000013258000)
 End Bits:   [0x0000000013258000, 0x0000000014200000)

Polling page: 0x0000000002460000

CodeCache: size=245760Kb used=3732Kb max_used=3743Kb free=242027Kb
 bounds [0x00000000029a0000, 0x0000000002d50000, 0x00000000119a0000]
 total_blobs=1541 nmethods=1040 adapters=415
 compilation: enabled

Compilation events (10 events):
Event: 17.247 Thread 0x0000000014dd4000 1037   !   3       javax.swing.text.SegmentCache::releaseSegment (43 bytes)
Event: 17.248 Thread 0x0000000014dd4000 nmethod 1037 0x0000000002d44d90 code [0x0000000002d44f00, 0x0000000002d45408]
Event: 17.312 Thread 0x0000000014dd4000 1038       3       java.util.HashSet::contains (9 bytes)
Event: 17.313 Thread 0x0000000014dd4000 nmethod 1038 0x0000000002d45590 code [0x0000000002d45700, 0x0000000002d45928]
Event: 17.920 Thread 0x0000000014dd4000 1039       1       javax.swing.text.AbstractDocument::getAttributeContext (5 bytes)
Event: 17.920 Thread 0x0000000014dd4000 nmethod 1039 0x0000000002d459d0 code [0x0000000002d45b20, 0x0000000002d45c30]
Event: 17.921 Thread 0x0000000014dd4000 1040       3       java.awt.Window::getBackground (5 bytes)
Event: 17.922 Thread 0x0000000014dd4000 nmethod 1040 0x0000000002d45c90 code [0x0000000002d45e00, 0x0000000002d46128]
Event: 17.927 Thread 0x0000000014dce000 1041       4       java.lang.String::startsWith (72 bytes)
Event: 17.932 Thread 0x0000000014dce000 nmethod 1041 0x0000000002d48f10 code [0x0000000002d49060, 0x0000000002d49178]

GC Heap History (0 events):
No events

Deoptimization events (4 events):
Event: 9.948 Thread 0x0000000016249800 Uncommon trap: reason=class_check action=maybe_recompile pc=0x0000000002b4ab5c method=java.lang.String.equals(Ljava/lang/Object;)Z @ 8
Event: 9.948 Thread 0x0000000016249800 Uncommon trap: reason=class_check action=maybe_recompile pc=0x0000000002b4ab5c method=java.lang.String.equals(Ljava/lang/Object;)Z @ 8
Event: 10.906 Thread 0x0000000016249800 Uncommon trap: reason=class_check action=maybe_recompile pc=0x0000000002b4ab5c method=java.lang.String.equals(Ljava/lang/Object;)Z @ 8
Event: 10.906 Thread 0x0000000016249800 Uncommon trap: reason=class_check action=maybe_recompile pc=0x0000000002b4ab5c method=java.lang.String.equals(Ljava/lang/Object;)Z @ 8

Internal exceptions (10 events):
Event: 1.932 Thread 0x00000000028a0800 Exception <a 'java/lang/NullPointerException'> (0x00000000eb65b9d0) thrown at [D:\re\workspace\8-2-build-windows-amd64-cygwin\jdk8u20\1074\hotspot\src\share\vm\interpreter\linkResolver.cpp, line 1166]
Event: 1.961 Thread 0x00000000028a0800 Exception <a 'java/security/PrivilegedActionException'> (0x00000000eb67ce38) thrown at [D:\re\workspace\8-2-build-windows-amd64-cygwin\jdk8u20\1074\hotspot\src\share\vm\prims\jvm.cpp, line 1275]
Event: 1.961 Thread 0x00000000028a0800 Exception <a 'java/security/PrivilegedActionException'> (0x00000000eb67dcd8) thrown at [D:\re\workspace\8-2-build-windows-amd64-cygwin\jdk8u20\1074\hotspot\src\share\vm\prims\jvm.cpp, line 1275]
Event: 6.371 Thread 0x0000000016249800 Exception <a 'java/security/PrivilegedActionException'> (0x00000000eb911d18) thrown at [D:\re\workspace\8-2-build-windows-amd64-cygwin\jdk8u20\1074\hotspot\src\share\vm\prims\jvm.cpp, line 1275]
Event: 6.382 Thread 0x0000000016249800 Exception <a 'java/security/PrivilegedActionException'> (0x00000000eb923da8) thrown at [D:\re\workspace\8-2-build-windows-amd64-cygwin\jdk8u20\1074\hotspot\src\share\vm\prims\jvm.cpp, line 1275]
Event: 6.386 Thread 0x0000000016249800 Exception <a 'java/security/PrivilegedActionException'> (0x00000000eb926cc0) thrown at [D:\re\workspace\8-2-build-windows-amd64-cygwin\jdk8u20\1074\hotspot\src\share\vm\prims\jvm.cpp, line 1275]
Event: 6.388 Thread 0x0000000016249800 Exception <a 'java/security/PrivilegedActionException'> (0x00000000eb929258) thrown at [D:\re\workspace\8-2-build-windows-amd64-cygwin\jdk8u20\1074\hotspot\src\share\vm\prims\jvm.cpp, line 1275]
Event: 6.390 Thread 0x0000000016249800 Exception <a 'java/security/PrivilegedActionException'> (0x00000000eb92b828) thrown at [D:\re\workspace\8-2-build-windows-amd64-cygwin\jdk8u20\1074\hotspot\src\share\vm\prims\jvm.cpp, line 1275]
Event: 6.394 Thread 0x0000000016249800 Exception <a 'java/security/PrivilegedActionException'> (0x00000000eb930b00) thrown at [D:\re\workspace\8-2-build-windows-amd64-cygwin\jdk8u20\1074\hotspot\src\share\vm\prims\jvm.cpp, line 1275]
Event: 6.399 Thread 0x0000000016249800 Exception <a 'java/security/PrivilegedActionException'> (0x00000000eb937a58) thrown at [D:\re\workspace\8-2-build-windows-amd64-cygwin\jdk8u20\1074\hotspot\src\share\vm\prims\jvm.cpp, line 1275]

Events (10 events):
Event: 17.236 Executing VM operation: BulkRevokeBias done
Event: 17.237 Executing VM operation: BulkRevokeBias
Event: 17.237 Executing VM operation: BulkRevokeBias done
Event: 17.237 Thread 0x0000000014dd4000 flushing nmethod 0x0000000002a9ef50
Event: 17.919 Executing VM operation: RevokeBias
Event: 17.919 Executing VM operation: RevokeBias done
Event: 17.919 Executing VM operation: RevokeBias
Event: 17.920 Executing VM operation: RevokeBias done
Event: 17.920 Executing VM operation: RevokeBias
Event: 17.920 Executing VM operation: RevokeBias done


Dynamic libraries:
0x00007ff6f4120000 - 0x00007ff6f4154000 	C:\Program Files\Java\jre1.8.0_20\bin\javaw.exe
0x00007ffb99d40000 - 0x00007ffb99eec000 	C:\Windows\SYSTEM32\ntdll.dll
0x00007ffb991c0000 - 0x00007ffb992fe000 	C:\Windows\system32\KERNEL32.DLL
0x00007ffb97060000 - 0x00007ffb97175000 	C:\Windows\system32\KERNELBASE.dll
0x00007ffb95a30000 - 0x00007ffb95abe000 	C:\Windows\system32\apphelp.dll
0x00007ffb89c10000 - 0x00007ffb89c63000 	C:\Windows\AppPatch\AppPatch64\AcGenral.DLL
0x00007ffb99a50000 - 0x00007ffb99afa000 	C:\Windows\system32\msvcrt.dll
0x00007ffb96c50000 - 0x00007ffb96c7e000 	C:\Windows\SYSTEM32\SspiCli.dll
0x00007ffb97420000 - 0x00007ffb97474000 	C:\Windows\system32\SHLWAPI.dll
0x00007ffb99570000 - 0x00007ffb996e7000 	C:\Windows\system32\USER32.dll
0x00007ffb99700000 - 0x00007ffb99894000 	C:\Windows\system32\ole32.dll
0x00007ffb975e0000 - 0x00007ffb98b0b000 	C:\Windows\system32\SHELL32.dll
0x00007ffb96400000 - 0x00007ffb96421000 	C:\Windows\SYSTEM32\USERENV.dll
0x00007ffb99480000 - 0x00007ffb9952a000 	C:\Windows\system32\ADVAPI32.dll
0x00007ffb8fe70000 - 0x00007ffb8fe8e000 	C:\Windows\SYSTEM32\MPR.dll
0x00007ffb998a0000 - 0x00007ffb999e1000 	C:\Windows\system32\RPCRT4.dll
0x00007ffb973c0000 - 0x00007ffb97419000 	C:\Windows\SYSTEM32\sechost.dll
0x00007ffb99b00000 - 0x00007ffb99d11000 	C:\Windows\SYSTEM32\combase.dll
0x00007ffb97490000 - 0x00007ffb975df000 	C:\Windows\system32\GDI32.dll
0x00007ffb96e90000 - 0x00007ffb96ea5000 	C:\Windows\SYSTEM32\profapi.dll
0x00007ffb951e0000 - 0x00007ffb95292000 	C:\Windows\SYSTEM32\SHCORE.dll
0x00007ffb99530000 - 0x00007ffb99566000 	C:\Windows\system32\IMM32.DLL
0x00007ffb98b10000 - 0x00007ffb98c62000 	C:\Windows\system32\MSCTF.dll
0x00007ffb93560000 - 0x00007ffb937db000 	C:\Windows\WinSxS\amd64_microsoft.windows.common-controls_6595b64144ccf1df_6.0.9600.18006_none_623f33d3ecbe86e8\COMCTL32.dll
0x00000000580a0000 - 0x0000000058172000 	C:\Program Files\Java\jre1.8.0_20\bin\msvcr100.dll
0x0000000056e30000 - 0x0000000057688000 	C:\Program Files\Java\jre1.8.0_20\bin\server\jvm.dll
0x00007ffb8f2b0000 - 0x00007ffb8f2b9000 	C:\Windows\SYSTEM32\WSOCK32.dll
0x00007ffb90250000 - 0x00007ffb90272000 	C:\Windows\SYSTEM32\WINMM.dll
0x00007ffb97480000 - 0x00007ffb97487000 	C:\Windows\system32\PSAPI.DLL
0x00007ffb999f0000 - 0x00007ffb99a4a000 	C:\Windows\system32\WS2_32.dll
0x00007ffb90220000 - 0x00007ffb9024a000 	C:\Windows\SYSTEM32\WINMMBASE.dll
0x00007ffb98cf0000 - 0x00007ffb98cf9000 	C:\Windows\system32\NSI.dll
0x00007ffb96f60000 - 0x00007ffb96faf000 	C:\Windows\SYSTEM32\cfgmgr32.dll
0x00007ffb95c80000 - 0x00007ffb95ca8000 	C:\Windows\SYSTEM32\DEVOBJ.dll
0x0000000058090000 - 0x000000005809f000 	C:\Program Files\Java\jre1.8.0_20\bin\verify.dll
0x0000000058060000 - 0x0000000058088000 	C:\Program Files\Java\jre1.8.0_20\bin\java.dll
0x0000000058040000 - 0x0000000058056000 	C:\Program Files\Java\jre1.8.0_20\bin\zip.dll
0x0000000056c90000 - 0x0000000056e28000 	C:\Program Files\Java\jre1.8.0_20\bin\awt.dll
0x00007ffb98f10000 - 0x00007ffb98fd1000 	C:\Windows\system32\OLEAUT32.dll
0x00007ffb94fe0000 - 0x00007ffb95001000 	C:\Windows\system32\DWMAPI.DLL
0x00007ffb95b50000 - 0x00007ffb95c79000 	C:\Windows\system32\uxtheme.dll
0x00007ffb95cd0000 - 0x00007ffb95cdb000 	C:\Windows\SYSTEM32\kernel.appcore.dll
0x00007ffb96d50000 - 0x00007ffb96d5b000 	C:\Windows\SYSTEM32\CRYPTBASE.dll
0x00007ffb96ce0000 - 0x00007ffb96d43000 	C:\Windows\SYSTEM32\bcryptPrimitives.dll
0x00007ffb87b10000 - 0x00007ffb87d31000 	C:\Windows\system32\d3d9.dll
0x00007ffb91340000 - 0x00007ffb9134a000 	C:\Windows\SYSTEM32\VERSION.dll
0x00007ffb72ad0000 - 0x00007ffb73670000 	C:\Windows\SYSTEM32\igdumdim64.dll
0x00007ffb939a0000 - 0x00007ffb93de0000 	C:\Windows\SYSTEM32\igdusc64.dll
0x0000000056c40000 - 0x0000000056c87000 	C:\Program Files\Java\jre1.8.0_20\bin\fontmanager.dll
0x00007ffb993c0000 - 0x00007ffb99476000 	C:\Windows\SYSTEM32\clbcatq.dll
0x00007ffb94e30000 - 0x00007ffb94fde000 	C:\Windows\SYSTEM32\WindowsCodecs.dll
0x00007ffb968d0000 - 0x00007ffb968f0000 	C:\Windows\SYSTEM32\CRYPTSP.dll
0x00007ffb96310000 - 0x00007ffb96346000 	C:\Windows\system32\rsaenh.dll
0x00007ffb96b90000 - 0x00007ffb96bb6000 	C:\Windows\SYSTEM32\bcrypt.dll
0x0000000058020000 - 0x000000005803a000 	C:\Program Files\Java\jre1.8.0_20\bin\net.dll
0x00007ffb96670000 - 0x00007ffb966c9000 	C:\Windows\system32\mswsock.dll
0x0000000058000000 - 0x0000000058011000 	C:\Program Files\Java\jre1.8.0_20\bin\nio.dll
0x0000000056bf0000 - 0x0000000056c31000 	C:\Program Files\Java\jre1.8.0_20\bin\t2k.dll
0x00007ffb7cb00000 - 0x00007ffb7cd48000 	C:\Windows\System32\IME\IMEJP\imjptip.dll
0x00007ffb92340000 - 0x00007ffb923aa000 	C:\Windows\SYSTEM32\OLEACC.dll
0x00007ffb921a0000 - 0x00007ffb9231f000 	C:\Windows\SYSTEM32\PROPSYS.dll
0x00007ffb90e90000 - 0x00007ffb90ec2000 	C:\Windows\SYSTEM32\ntmarta.dll
0x00007ffb7c8e0000 - 0x00007ffb7caf6000 	C:\Windows\System32\IME\IMEJP\imjpapi.dll
0x00007ffb86b50000 - 0x00007ffb86b8a000 	C:\Windows\System32\IME\shared\imjkapi.dll
0x00007ffb86a60000 - 0x00007ffb86b42000 	C:\Windows\System32\IME\IMEJP\imjppred.dll
0x00007ffb7c7c0000 - 0x00007ffb7c8d2000 	C:\Windows\System32\IME\shared\imetip.dll
0x00007ffb95010000 - 0x00007ffb951d1000 	C:\Windows\SYSTEM32\DUI70.dll
0x00007ffb86a40000 - 0x00007ffb86a5f000 	C:\Windows\System32\IME\shared\imecfm.dll
0x00007ffb91350000 - 0x00007ffb913d5000 	C:\Windows\SYSTEM32\wer.dll
0x00007ffb86740000 - 0x00007ffb8675f000 	C:\Windows\System32\IME\SHARED\imesearchdll.dll
0x00007ffb7b010000 - 0x00007ffb7b125000 	C:\Windows\System32\IME\IMEJP\imjplmp.dll
0x00007ffb88a80000 - 0x00007ffb88bf0000 	C:\Windows\System32\IME\shared\mscand20.dll
0x00007ffb90280000 - 0x00007ffb90287000 	C:\Windows\SYSTEM32\MSIMG32.dll
0x00007ffb92da0000 - 0x00007ffb92e44000 	C:\Windows\SYSTEM32\DUser.dll
0x00007ffb87de0000 - 0x00007ffb87e37000 	C:\Windows\System32\IME\SHARED\imelm.dll
0x00007ffb8fe40000 - 0x00007ffb8fe4e000 	C:\Windows\System32\IME\SHARED\imebrokerps.dll
0x0000000056bc0000 - 0x0000000056bea000 	C:\Program Files\Java\jre1.8.0_20\bin\dcpr.dll
0x00007ffb7b180000 - 0x00007ffb7b309000 	C:\Windows\SYSTEM32\dbghelp.dll

VM Arguments:
jvm_args: -Dfile.encoding=MS932 
java_command: memo.Test
java_class_path (initial): C:\Users\Fumihiko\Documents\Git\Tools\Tools\bin
Launcher Type: SUN_STANDARD

Environment Variables:
PATH=C:\ProgramData\Oracle\Java\javapath;c:\Program Files (x86)\Intel\iCLS Client\;c:\Program Files\Intel\iCLS Client\;C:\Windows\system32;C:\Windows;C:\Windows\System32\Wbem;C:\Windows\System32\WindowsPowerShell\v1.0\;C:\Program Files\Intel\Intel(R) Management Engine Components\DAL;C:\Program Files\Intel\Intel(R) Management Engine Components\IPT;C:\Program Files (x86)\Intel\Intel(R) Management Engine Components\DAL;C:\Program Files (x86)\Intel\Intel(R) Management Engine Components\IPT;C:\Program Files\Intel\WiFi\bin\;C:\Program Files\Common Files\Intel\WirelessCommon\;C:\Program Files\Sony\VAIO Improvement;c:\Program Files (x86)\Sony\VAIO BIOS Data Transfer Utility\;C:\Program Files (x86)\Sony\VAIO Startup Setting Tool;C:\w32tex\bin;c:\Program Files (x86)\gs\gs9.14\bin;C:\Program Files (x86)\Skype\Phone\;C:\RailsInstaller\Git\cmd;C:\RailsInstaller\Ruby2.0.0\bin;C:\Program Files (x86)\Vim\vim74;C:\Program Files (x86)\Java\jdk1.8.0\bin;C:\Users\Fumihiko\Android\android-sdk\tools;C:\Users\Fumihiko\Android\android-sdk\platform-tools
USERNAME=Fumihiko
OS=Windows_NT
PROCESSOR_IDENTIFIER=Intel64 Family 6 Model 69 Stepping 1, GenuineIntel



---------------  S Y S T E M  ---------------

OS: Windows 8.1 , 64 bit Build 9600 

CPU:total 2 (2 cores per cpu, 1 threads per core) family 6 model 69 stepping 1, cmov, cx8, fxsr, mmx, sse, sse2, sse3, ssse3, sse4.1, sse4.2, popcnt, clmul, erms, lzcnt, tsc, tscinvbit

Memory: 4k page, physical 4103988k(1577448k free), swap 6004532k(2028972k free)

vm_info: Java HotSpot(TM) 64-Bit Server VM (25.20-b23) for windows-amd64 JRE (1.8.0_20-b26), built on Jul 30 2014 13:51:23 by "java_re" with MS VC++ 10.0 (VS2010)

time: Sat Nov 14 23:31:25 2015
elapsed time: 18 seconds (0d 0h 0m 18s)

